<?xml version="1.0" encoding="UTF-8"?>
<robot generator="Robot 3.2.1 (Python 3.7.6 on linux)" generated="20200705 10:36:19.718" rpa="false">
<suite id="s1" name="Example For And If" source="/home/fabiano/PycharmProjects/robot_frameword_guide/tests/example_for_and_if.robot">
<test id="s1-t1" name="Caso de testes if">
<kw name="Rodando um keyword com condição = true">
<kw name="Run Keyword If" library="BuiltIn">
<doc>Runs the given keyword with the given arguments, if ``condition`` is true.</doc>
<arguments>
<arg>'${FRUTAS[0]}' == 'morango'</arg>
<arg>Log</arg>
<arg>O primeiro item é morango</arg>
</arguments>
<kw name="Log" library="BuiltIn">
<doc>Logs the given message with the given level.</doc>
<arguments>
<arg>O primeiro item é morango</arg>
</arguments>
<msg timestamp="20200705 10:36:19.737" level="INFO">O primeiro item é morango</msg>
<status status="PASS" starttime="20200705 10:36:19.737" endtime="20200705 10:36:19.737"></status>
</kw>
<status status="PASS" starttime="20200705 10:36:19.736" endtime="20200705 10:36:19.737"></status>
</kw>
<status status="PASS" starttime="20200705 10:36:19.736" endtime="20200705 10:36:19.737"></status>
</kw>
<kw name="Rodando um keyword com condição = false">
<kw name="Run Keyword If" library="BuiltIn">
<doc>Runs the given keyword with the given arguments, if ``condition`` is true.</doc>
<arguments>
<arg>'${FRUTAS[1]}' == 'morango'</arg>
<arg>Log</arg>
<arg>O segundo item não é morango é ${FRUTAS[1]}</arg>
</arguments>
<status status="PASS" starttime="20200705 10:36:19.737" endtime="20200705 10:36:19.738"></status>
</kw>
<status status="PASS" starttime="20200705 10:36:19.737" endtime="20200705 10:36:19.738"></status>
</kw>
<kw name="Armazendando valor keyword">
<kw name="Set Variable" library="BuiltIn">
<doc>Returns the given values which can then be assigned to a variables.</doc>
<arguments>
<arg>if</arg>
<arg>'${FRUTAS[0]}' == 'morango'</arg>
<arg>Eu gosto de morango</arg>
</arguments>
<assign>
<var>${VAR}</var>
</assign>
<msg timestamp="20200705 10:36:19.739" level="INFO">${VAR} = ['if', "'morango' == 'morango'", 'Eu gosto de morango']</msg>
<status status="PASS" starttime="20200705 10:36:19.738" endtime="20200705 10:36:19.739"></status>
</kw>
<kw name="Log" library="BuiltIn">
<doc>Logs the given message with the given level.</doc>
<arguments>
<arg>Minha variável é ${VAR}!!!</arg>
</arguments>
<msg timestamp="20200705 10:36:19.739" level="INFO">Minha variável é ['if', "'morango' == 'morango'", 'Eu gosto de morango']!!!</msg>
<status status="PASS" starttime="20200705 10:36:19.739" endtime="20200705 10:36:19.739"></status>
</kw>
<status status="PASS" starttime="20200705 10:36:19.738" endtime="20200705 10:36:19.739"></status>
</kw>
<status status="PASS" starttime="20200705 10:36:19.736" endtime="20200705 10:36:19.739" critical="yes"></status>
</test>
<test id="s1-t2" name="Caso de testes loop">
<kw name="Usando FOR com RANGE">
<kw name="${COUNT} IN RANGE [ 1 | 6 ]" type="for">
<kw name="${COUNT} = 1" type="foritem">
<kw name="Log" library="BuiltIn">
<doc>Logs the given message with the given level.</doc>
<arguments>
<arg>Meu contador é ${COUNT}</arg>
</arguments>
<msg timestamp="20200705 10:36:19.740" level="INFO">Meu contador é 1</msg>
<status status="PASS" starttime="20200705 10:36:19.740" endtime="20200705 10:36:19.740"></status>
</kw>
<status status="PASS" starttime="20200705 10:36:19.740" endtime="20200705 10:36:19.740"></status>
</kw>
<kw name="${COUNT} = 2" type="foritem">
<kw name="Log" library="BuiltIn">
<doc>Logs the given message with the given level.</doc>
<arguments>
<arg>Meu contador é ${COUNT}</arg>
</arguments>
<msg timestamp="20200705 10:36:19.740" level="INFO">Meu contador é 2</msg>
<status status="PASS" starttime="20200705 10:36:19.740" endtime="20200705 10:36:19.741"></status>
</kw>
<status status="PASS" starttime="20200705 10:36:19.740" endtime="20200705 10:36:19.741"></status>
</kw>
<kw name="${COUNT} = 3" type="foritem">
<kw name="Log" library="BuiltIn">
<doc>Logs the given message with the given level.</doc>
<arguments>
<arg>Meu contador é ${COUNT}</arg>
</arguments>
<msg timestamp="20200705 10:36:19.741" level="INFO">Meu contador é 3</msg>
<status status="PASS" starttime="20200705 10:36:19.741" endtime="20200705 10:36:19.741"></status>
</kw>
<status status="PASS" starttime="20200705 10:36:19.741" endtime="20200705 10:36:19.741"></status>
</kw>
<kw name="${COUNT} = 4" type="foritem">
<kw name="Log" library="BuiltIn">
<doc>Logs the given message with the given level.</doc>
<arguments>
<arg>Meu contador é ${COUNT}</arg>
</arguments>
<msg timestamp="20200705 10:36:19.741" level="INFO">Meu contador é 4</msg>
<status status="PASS" starttime="20200705 10:36:19.741" endtime="20200705 10:36:19.741"></status>
</kw>
<status status="PASS" starttime="20200705 10:36:19.741" endtime="20200705 10:36:19.741"></status>
</kw>
<kw name="${COUNT} = 5" type="foritem">
<kw name="Log" library="BuiltIn">
<doc>Logs the given message with the given level.</doc>
<arguments>
<arg>Meu contador é ${COUNT}</arg>
</arguments>
<msg timestamp="20200705 10:36:19.741" level="INFO">Meu contador é 5</msg>
<status status="PASS" starttime="20200705 10:36:19.741" endtime="20200705 10:36:19.741"></status>
</kw>
<status status="PASS" starttime="20200705 10:36:19.741" endtime="20200705 10:36:19.742"></status>
</kw>
<status status="PASS" starttime="20200705 10:36:19.740" endtime="20200705 10:36:19.742"></status>
</kw>
<status status="PASS" starttime="20200705 10:36:19.740" endtime="20200705 10:36:19.742"></status>
</kw>
<kw name="Usando FOR com LISTA">
<kw name="${ITEM} IN [ @{FRUTAS} ]" type="for">
<kw name="${ITEM} = morango" type="foritem">
<kw name="Log" library="BuiltIn">
<doc>Logs the given message with the given level.</doc>
<arguments>
<arg>Minha fruta ${ITEM}</arg>
</arguments>
<msg timestamp="20200705 10:36:19.742" level="INFO">Minha fruta morango</msg>
<status status="PASS" starttime="20200705 10:36:19.742" endtime="20200705 10:36:19.742"></status>
</kw>
<status status="PASS" starttime="20200705 10:36:19.742" endtime="20200705 10:36:19.742"></status>
</kw>
<kw name="${ITEM} = banana" type="foritem">
<kw name="Log" library="BuiltIn">
<doc>Logs the given message with the given level.</doc>
<arguments>
<arg>Minha fruta ${ITEM}</arg>
</arguments>
<msg timestamp="20200705 10:36:19.743" level="INFO">Minha fruta banana</msg>
<status status="PASS" starttime="20200705 10:36:19.742" endtime="20200705 10:36:19.743"></status>
</kw>
<status status="PASS" starttime="20200705 10:36:19.742" endtime="20200705 10:36:19.743"></status>
</kw>
<kw name="${ITEM} = maça" type="foritem">
<kw name="Log" library="BuiltIn">
<doc>Logs the given message with the given level.</doc>
<arguments>
<arg>Minha fruta ${ITEM}</arg>
</arguments>
<msg timestamp="20200705 10:36:19.743" level="INFO">Minha fruta maça</msg>
<status status="PASS" starttime="20200705 10:36:19.743" endtime="20200705 10:36:19.743"></status>
</kw>
<status status="PASS" starttime="20200705 10:36:19.743" endtime="20200705 10:36:19.743"></status>
</kw>
<status status="PASS" starttime="20200705 10:36:19.742" endtime="20200705 10:36:19.743"></status>
</kw>
<status status="PASS" starttime="20200705 10:36:19.742" endtime="20200705 10:36:19.743"></status>
</kw>
<kw name="Saindo de um FOR">
<kw name="${ITEM} IN [ @{FRUTAS} ]" type="for">
<kw name="${ITEM} = morango" type="foritem">
<kw name="Exit For Loop If" library="BuiltIn">
<doc>Stops executing the enclosing for loop if the ``condition`` is true.</doc>
<arguments>
<arg>'${ITEM}' == 'banana'</arg>
</arguments>
<status status="PASS" starttime="20200705 10:36:19.744" endtime="20200705 10:36:19.744"></status>
</kw>
<kw name="Log" library="BuiltIn">
<doc>Logs the given message with the given level.</doc>
<arguments>
<arg>Minha fruta ${ITEM}</arg>
</arguments>
<msg timestamp="20200705 10:36:19.744" level="INFO">Minha fruta morango</msg>
<status status="PASS" starttime="20200705 10:36:19.744" endtime="20200705 10:36:19.744"></status>
</kw>
<status status="PASS" starttime="20200705 10:36:19.743" endtime="20200705 10:36:19.744"></status>
</kw>
<kw name="${ITEM} = banana" type="foritem">
<kw name="Exit For Loop If" library="BuiltIn">
<doc>Stops executing the enclosing for loop if the ``condition`` is true.</doc>
<arguments>
<arg>'${ITEM}' == 'banana'</arg>
</arguments>
<msg timestamp="20200705 10:36:19.744" level="INFO">Exiting for loop altogether.</msg>
<status status="PASS" starttime="20200705 10:36:19.744" endtime="20200705 10:36:19.744"></status>
</kw>
<status status="PASS" starttime="20200705 10:36:19.744" endtime="20200705 10:36:19.745"></status>
</kw>
<status status="PASS" starttime="20200705 10:36:19.743" endtime="20200705 10:36:19.745"></status>
</kw>
<status status="PASS" starttime="20200705 10:36:19.743" endtime="20200705 10:36:19.745"></status>
</kw>
<kw name="Usando REPEAT">
<kw name="Repeat Keyword" library="BuiltIn">
<doc>Executes the specified keyword multiple times.</doc>
<arguments>
<arg>4</arg>
<arg>Log</arg>
<arg>Repete 4 vezes</arg>
</arguments>
<msg timestamp="20200705 10:36:19.745" level="INFO">Repeating keyword, round 1/4.</msg>
<kw name="Log" library="BuiltIn">
<doc>Logs the given message with the given level.</doc>
<arguments>
<arg>Repete 4 vezes</arg>
</arguments>
<msg timestamp="20200705 10:36:19.745" level="INFO">Repete 4 vezes</msg>
<status status="PASS" starttime="20200705 10:36:19.745" endtime="20200705 10:36:19.745"></status>
</kw>
<msg timestamp="20200705 10:36:19.745" level="INFO">Repeating keyword, round 2/4.</msg>
<kw name="Log" library="BuiltIn">
<doc>Logs the given message with the given level.</doc>
<arguments>
<arg>Repete 4 vezes</arg>
</arguments>
<msg timestamp="20200705 10:36:19.746" level="INFO">Repete 4 vezes</msg>
<status status="PASS" starttime="20200705 10:36:19.745" endtime="20200705 10:36:19.746"></status>
</kw>
<msg timestamp="20200705 10:36:19.746" level="INFO">Repeating keyword, round 3/4.</msg>
<kw name="Log" library="BuiltIn">
<doc>Logs the given message with the given level.</doc>
<arguments>
<arg>Repete 4 vezes</arg>
</arguments>
<msg timestamp="20200705 10:36:19.746" level="INFO">Repete 4 vezes</msg>
<status status="PASS" starttime="20200705 10:36:19.746" endtime="20200705 10:36:19.746"></status>
</kw>
<msg timestamp="20200705 10:36:19.746" level="INFO">Repeating keyword, round 4/4.</msg>
<kw name="Log" library="BuiltIn">
<doc>Logs the given message with the given level.</doc>
<arguments>
<arg>Repete 4 vezes</arg>
</arguments>
<msg timestamp="20200705 10:36:19.746" level="INFO">Repete 4 vezes</msg>
<status status="PASS" starttime="20200705 10:36:19.746" endtime="20200705 10:36:19.746"></status>
</kw>
<status status="PASS" starttime="20200705 10:36:19.745" endtime="20200705 10:36:19.746"></status>
</kw>
<status status="PASS" starttime="20200705 10:36:19.745" endtime="20200705 10:36:19.746"></status>
</kw>
<status status="PASS" starttime="20200705 10:36:19.739" endtime="20200705 10:36:19.746" critical="yes"></status>
</test>
<doc>Exemplo de uso do if e do For</doc>
<status status="PASS" starttime="20200705 10:36:19.719" endtime="20200705 10:36:19.747"></status>
</suite>
<statistics>
<total>
<stat pass="2" fail="0">Critical Tests</stat>
<stat pass="2" fail="0">All Tests</stat>
</total>
<tag>
</tag>
<suite>
<stat pass="2" fail="0" id="s1" name="Example For And If">Example For And If</stat>
</suite>
</statistics>
<errors>
</errors>
</robot>
