<?xml version="1.0" encoding="UTF-8"?>
<robot generator="Robot 3.2.1 (Python 3.7.6 on linux)" generated="20200705 10:38:16.248" rpa="false">
<suite id="s1" name="Example Variables" source="/home/fabiano/PycharmProjects/robot_frameword_guide/tests/example_variables.robot">
<test id="s1-t1" name="Cenario exemplo 01">
<kw name="Uma Keyword qualquer 01">
<kw name="Set Global Variable" library="BuiltIn">
<doc>Makes a variable available globally in all tests and suites.</doc>
<arguments>
<arg>${GLOBAL_CRIADA_EM_TEMPO_EXECUCAO}</arg>
<arg>teste feita em execução</arg>
</arguments>
<msg timestamp="20200705 10:38:16.271" level="INFO">${GLOBAL_CRIADA_EM_TEMPO_EXECUCAO} = teste feita em execução</msg>
<status status="PASS" starttime="20200705 10:38:16.270" endtime="20200705 10:38:16.271"></status>
</kw>
<kw name="Set Suite Variable" library="BuiltIn">
<doc>Makes a variable available everywhere within the scope of the current suite.</doc>
<arguments>
<arg>${SUITE_CRIADA_EM_TEMPO_EXECUCAO}</arg>
<arg>Variável da suite</arg>
</arguments>
<msg timestamp="20200705 10:38:16.271" level="INFO">${SUITE_CRIADA_EM_TEMPO_EXECUCAO} = Variável da suite</msg>
<status status="PASS" starttime="20200705 10:38:16.271" endtime="20200705 10:38:16.271"></status>
</kw>
<kw name="Set Test Variable" library="BuiltIn">
<doc>Makes a variable available everywhere within the scope of the current test.</doc>
<arguments>
<arg>${TESTE_01}</arg>
<arg>Variável do teste 01</arg>
</arguments>
<msg timestamp="20200705 10:38:16.272" level="INFO">${TESTE_01} = Variável do teste 01</msg>
<status status="PASS" starttime="20200705 10:38:16.271" endtime="20200705 10:38:16.272"></status>
</kw>
<kw name="Log" library="BuiltIn">
<doc>Logs the given message with the given level.</doc>
<arguments>
<arg>${TESTE_01}</arg>
</arguments>
<msg timestamp="20200705 10:38:16.272" level="INFO">Variável do teste 01</msg>
<status status="PASS" starttime="20200705 10:38:16.272" endtime="20200705 10:38:16.272"></status>
</kw>
<kw name="Set Variable" library="BuiltIn">
<doc>Returns the given values which can then be assigned to a variables.</doc>
<arguments>
<arg>Variavel local da keyword 01</arg>
</arguments>
<assign>
<var>${LOCAL}</var>
</assign>
<msg timestamp="20200705 10:38:16.272" level="INFO">${LOCAL} = Variavel local da keyword 01</msg>
<status status="PASS" starttime="20200705 10:38:16.272" endtime="20200705 10:38:16.273"></status>
</kw>
<kw name="Uma Subkeyword com argumento">
<arguments>
<arg>${PESSOA.nome}</arg>
<arg>${PESSOA.email}</arg>
</arguments>
<kw name="Log" library="BuiltIn">
<doc>Logs the given message with the given level.</doc>
<arguments>
<arg>Nome: ${PESSOA.nome}</arg>
</arguments>
<msg timestamp="20200705 10:38:16.273" level="INFO">Nome: Fabiano Teichmann</msg>
<status status="PASS" starttime="20200705 10:38:16.273" endtime="20200705 10:38:16.273"></status>
</kw>
<kw name="Log" library="BuiltIn">
<doc>Logs the given message with the given level.</doc>
<arguments>
<arg>Email: ${PESSOA.email}</arg>
</arguments>
<msg timestamp="20200705 10:38:16.273" level="INFO">Email: fabiano.geek@gmail.com</msg>
<status status="PASS" starttime="20200705 10:38:16.273" endtime="20200705 10:38:16.273"></status>
</kw>
<status status="PASS" starttime="20200705 10:38:16.273" endtime="20200705 10:38:16.274"></status>
</kw>
<kw name="Uma Subkeyword com retorno">
<arguments>
<arg>${PESSOA.nome}</arg>
<arg>${PESSOA.idade}</arg>
</arguments>
<assign>
<var>${ALERTA}</var>
</assign>
<kw name="Set Variable If" library="BuiltIn">
<doc>Sets variable based on the given condition.</doc>
<arguments>
<arg>${IDADE}&lt;18</arg>
<arg>Usuário ${NOME} Não autorizado</arg>
</arguments>
<assign>
<var>${MSG}</var>
</assign>
<msg timestamp="20200705 10:38:16.274" level="INFO">${MSG} = None</msg>
<status status="PASS" starttime="20200705 10:38:16.274" endtime="20200705 10:38:16.274"></status>
</kw>
<msg timestamp="20200705 10:38:16.274" level="INFO">${ALERTA} = None</msg>
<status status="PASS" starttime="20200705 10:38:16.274" endtime="20200705 10:38:16.274"></status>
</kw>
<kw name="Log" library="BuiltIn">
<doc>Logs the given message with the given level.</doc>
<arguments>
<arg>${ALERTA}</arg>
</arguments>
<msg timestamp="20200705 10:38:16.275" level="INFO">None</msg>
<status status="PASS" starttime="20200705 10:38:16.275" endtime="20200705 10:38:16.275"></status>
</kw>
<status status="PASS" starttime="20200705 10:38:16.270" endtime="20200705 10:38:16.275"></status>
</kw>
<kw name="Uma Keyword qualquer 02">
<kw name="Set Variable" library="BuiltIn">
<doc>Returns the given values which can then be assigned to a variables.</doc>
<arguments>
<arg>Variavel local da keyword 02</arg>
</arguments>
<assign>
<var>${LOCAL}</var>
</assign>
<msg timestamp="20200705 10:38:16.275" level="INFO">${LOCAL} = Variavel local da keyword 02</msg>
<status status="PASS" starttime="20200705 10:38:16.275" endtime="20200705 10:38:16.275"></status>
</kw>
<kw name="Log" library="BuiltIn">
<doc>Logs the given message with the given level.</doc>
<arguments>
<arg>${LOCAL}</arg>
</arguments>
<msg timestamp="20200705 10:38:16.276" level="INFO">Variavel local da keyword 02</msg>
<status status="PASS" starttime="20200705 10:38:16.275" endtime="20200705 10:38:16.276"></status>
</kw>
<kw name="Log" library="BuiltIn">
<doc>Logs the given message with the given level.</doc>
<arguments>
<arg>${GLOBAL_CRIADA_EM_TEMPO_EXECUCAO}</arg>
</arguments>
<msg timestamp="20200705 10:38:16.276" level="INFO">teste feita em execução</msg>
<status status="PASS" starttime="20200705 10:38:16.276" endtime="20200705 10:38:16.276"></status>
</kw>
<kw name="Log" library="BuiltIn">
<doc>Logs the given message with the given level.</doc>
<arguments>
<arg>${GLOBAL_INSTANCIADA} ${GLOBAL_CRIADA_EM_TEMPO_EXECUCAO} ${LOCAL}</arg>
</arguments>
<msg timestamp="20200705 10:38:16.276" level="INFO">MINHA VARIAVEL GLOBAL teste feita em execução Variavel local da keyword 02</msg>
<status status="PASS" starttime="20200705 10:38:16.276" endtime="20200705 10:38:16.276"></status>
</kw>
<status status="PASS" starttime="20200705 10:38:16.275" endtime="20200705 10:38:16.276"></status>
</kw>
<status status="PASS" starttime="20200705 10:38:16.269" endtime="20200705 10:38:16.276" critical="yes"></status>
</test>
<test id="s1-t2" name="Cenario exemplo 02">
<kw name="Uma Keyword qualquer 02">
<kw name="Set Variable" library="BuiltIn">
<doc>Returns the given values which can then be assigned to a variables.</doc>
<arguments>
<arg>Variavel local da keyword 02</arg>
</arguments>
<assign>
<var>${LOCAL}</var>
</assign>
<msg timestamp="20200705 10:38:16.277" level="INFO">${LOCAL} = Variavel local da keyword 02</msg>
<status status="PASS" starttime="20200705 10:38:16.277" endtime="20200705 10:38:16.277"></status>
</kw>
<kw name="Log" library="BuiltIn">
<doc>Logs the given message with the given level.</doc>
<arguments>
<arg>${LOCAL}</arg>
</arguments>
<msg timestamp="20200705 10:38:16.278" level="INFO">Variavel local da keyword 02</msg>
<status status="PASS" starttime="20200705 10:38:16.277" endtime="20200705 10:38:16.278"></status>
</kw>
<kw name="Log" library="BuiltIn">
<doc>Logs the given message with the given level.</doc>
<arguments>
<arg>${GLOBAL_CRIADA_EM_TEMPO_EXECUCAO}</arg>
</arguments>
<msg timestamp="20200705 10:38:16.278" level="INFO">teste feita em execução</msg>
<status status="PASS" starttime="20200705 10:38:16.278" endtime="20200705 10:38:16.278"></status>
</kw>
<kw name="Log" library="BuiltIn">
<doc>Logs the given message with the given level.</doc>
<arguments>
<arg>${GLOBAL_INSTANCIADA} ${GLOBAL_CRIADA_EM_TEMPO_EXECUCAO} ${LOCAL}</arg>
</arguments>
<msg timestamp="20200705 10:38:16.278" level="INFO">MINHA VARIAVEL GLOBAL teste feita em execução Variavel local da keyword 02</msg>
<status status="PASS" starttime="20200705 10:38:16.278" endtime="20200705 10:38:16.278"></status>
</kw>
<status status="PASS" starttime="20200705 10:38:16.277" endtime="20200705 10:38:16.278"></status>
</kw>
<status status="PASS" starttime="20200705 10:38:16.277" endtime="20200705 10:38:16.279" critical="yes"></status>
</test>
<test id="s1-t3" name="Cenario exemplo 03">
<kw name="Uma Keyword qualquer 02">
<kw name="Set Variable" library="BuiltIn">
<doc>Returns the given values which can then be assigned to a variables.</doc>
<arguments>
<arg>Variavel local da keyword 02</arg>
</arguments>
<assign>
<var>${LOCAL}</var>
</assign>
<msg timestamp="20200705 10:38:16.279" level="INFO">${LOCAL} = Variavel local da keyword 02</msg>
<status status="PASS" starttime="20200705 10:38:16.279" endtime="20200705 10:38:16.280"></status>
</kw>
<kw name="Log" library="BuiltIn">
<doc>Logs the given message with the given level.</doc>
<arguments>
<arg>${LOCAL}</arg>
</arguments>
<msg timestamp="20200705 10:38:16.280" level="INFO">Variavel local da keyword 02</msg>
<status status="PASS" starttime="20200705 10:38:16.280" endtime="20200705 10:38:16.280"></status>
</kw>
<kw name="Log" library="BuiltIn">
<doc>Logs the given message with the given level.</doc>
<arguments>
<arg>${GLOBAL_CRIADA_EM_TEMPO_EXECUCAO}</arg>
</arguments>
<msg timestamp="20200705 10:38:16.280" level="INFO">teste feita em execução</msg>
<status status="PASS" starttime="20200705 10:38:16.280" endtime="20200705 10:38:16.280"></status>
</kw>
<kw name="Log" library="BuiltIn">
<doc>Logs the given message with the given level.</doc>
<arguments>
<arg>${GLOBAL_INSTANCIADA} ${GLOBAL_CRIADA_EM_TEMPO_EXECUCAO} ${LOCAL}</arg>
</arguments>
<msg timestamp="20200705 10:38:16.280" level="INFO">MINHA VARIAVEL GLOBAL teste feita em execução Variavel local da keyword 02</msg>
<status status="PASS" starttime="20200705 10:38:16.280" endtime="20200705 10:38:16.280"></status>
</kw>
<status status="PASS" starttime="20200705 10:38:16.279" endtime="20200705 10:38:16.280"></status>
</kw>
<kw name="Uma Keyword qualquer 03">
<kw name="Set Variable" library="BuiltIn">
<doc>Returns the given values which can then be assigned to a variables.</doc>
<arguments>
<arg>Variavel local da keyword 03</arg>
</arguments>
<assign>
<var>${LOCAL}</var>
</assign>
<msg timestamp="20200705 10:38:16.281" level="INFO">${LOCAL} = Variavel local da keyword 03</msg>
<status status="PASS" starttime="20200705 10:38:16.281" endtime="20200705 10:38:16.281"></status>
</kw>
<kw name="Log" library="BuiltIn">
<doc>Logs the given message with the given level.</doc>
<arguments>
<arg>${LOCAL}</arg>
</arguments>
<msg timestamp="20200705 10:38:16.281" level="INFO">Variavel local da keyword 03</msg>
<status status="PASS" starttime="20200705 10:38:16.281" endtime="20200705 10:38:16.281"></status>
</kw>
<kw name="Log" library="BuiltIn">
<doc>Logs the given message with the given level.</doc>
<arguments>
<arg>${LOCAL}</arg>
</arguments>
<msg timestamp="20200705 10:38:16.281" level="INFO">Variavel local da keyword 03</msg>
<status status="PASS" starttime="20200705 10:38:16.281" endtime="20200705 10:38:16.281"></status>
</kw>
<kw name="Log" library="BuiltIn">
<doc>Logs the given message with the given level.</doc>
<arguments>
<arg>${GLOBAL_INSTANCIADA}</arg>
</arguments>
<msg timestamp="20200705 10:38:16.282" level="INFO">MINHA VARIAVEL GLOBAL</msg>
<status status="PASS" starttime="20200705 10:38:16.282" endtime="20200705 10:38:16.282"></status>
</kw>
<kw name="Log" library="BuiltIn">
<doc>Logs the given message with the given level.</doc>
<arguments>
<arg>${GLOBAL_CRIADA_EM_TEMPO_EXECUCAO}</arg>
</arguments>
<msg timestamp="20200705 10:38:16.282" level="INFO">teste feita em execução</msg>
<status status="PASS" starttime="20200705 10:38:16.282" endtime="20200705 10:38:16.282"></status>
</kw>
<kw name="Log" library="BuiltIn">
<doc>Logs the given message with the given level.</doc>
<arguments>
<arg>${SUITE_CRIADA_EM_TEMPO_EXECUCAO}</arg>
</arguments>
<msg timestamp="20200705 10:38:16.282" level="INFO">Variável da suite</msg>
<status status="PASS" starttime="20200705 10:38:16.282" endtime="20200705 10:38:16.282"></status>
</kw>
<kw name="Log" library="BuiltIn">
<doc>Logs the given message with the given level.</doc>
<arguments>
<arg>${FRUTAS[0]}</arg>
</arguments>
<msg timestamp="20200705 10:38:16.283" level="INFO">morango</msg>
<status status="PASS" starttime="20200705 10:38:16.282" endtime="20200705 10:38:16.283"></status>
</kw>
<kw name="Log" library="BuiltIn">
<doc>Logs the given message with the given level.</doc>
<arguments>
<arg>Nome: ${PESSOA.nome} e email: ${PESSOA.email}</arg>
</arguments>
<msg timestamp="20200705 10:38:16.283" level="INFO">Nome: Fabiano Teichmann e email: fabiano.geek@gmail.com</msg>
<status status="PASS" starttime="20200705 10:38:16.283" endtime="20200705 10:38:16.283"></status>
</kw>
<status status="PASS" starttime="20200705 10:38:16.281" endtime="20200705 10:38:16.283"></status>
</kw>
<status status="PASS" starttime="20200705 10:38:16.279" endtime="20200705 10:38:16.283" critical="yes"></status>
</test>
<doc>Exemplo de escopo de variáveis: GLOBAIS, SUITE, TESTE E LOCAL</doc>
<status status="PASS" starttime="20200705 10:38:16.249" endtime="20200705 10:38:16.284"></status>
</suite>
<statistics>
<total>
<stat pass="3" fail="0">Critical Tests</stat>
<stat pass="3" fail="0">All Tests</stat>
</total>
<tag>
</tag>
<suite>
<stat pass="3" fail="0" id="s1" name="Example Variables">Example Variables</stat>
</suite>
</statistics>
<errors>
</errors>
</robot>
