<?xml version="1.0" encoding="UTF-8"?>
<robot generator="Robot 3.2.1 (Python 3.7.6 on linux)" generated="20200705 10:57:32.885" rpa="false">
<suite id="s1" name="Test Get Environment Variables" source="/home/fabiano/PycharmProjects/robot_frameword_guide/tests/test_get_environment_variables.robot">
<test id="s1-t1" name="Scenary 01: Test get variable MongoDb">
<kw name="Test Mongo Variable">
<kw name="Should Not Be Empty" library="BuiltIn">
<doc>Verifies that the given item is not empty.</doc>
<arguments>
<arg>${MONGODB_URI}</arg>
</arguments>
<msg timestamp="20200705 10:57:32.904" level="INFO">Length is 37</msg>
<status status="PASS" starttime="20200705 10:57:32.904" endtime="20200705 10:57:32.905"></status>
</kw>
<status status="PASS" starttime="20200705 10:57:32.904" endtime="20200705 10:57:32.905"></status>
</kw>
<status status="PASS" starttime="20200705 10:57:32.903" endtime="20200705 10:57:32.905" critical="yes"></status>
</test>
<test id="s1-t2" name="Scenary 02: Test get variables RabbitMQ">
<kw name="Test RabbitMQ Variables">
<kw name="Should Not Be Empty" library="BuiltIn">
<doc>Verifies that the given item is not empty.</doc>
<arguments>
<arg>${RBMQ_HOST}</arg>
</arguments>
<msg timestamp="20200705 10:57:32.906" level="INFO">Length is 35</msg>
<status status="PASS" starttime="20200705 10:57:32.906" endtime="20200705 10:57:32.906"></status>
</kw>
<kw name="Should Not Be Empty" library="BuiltIn">
<doc>Verifies that the given item is not empty.</doc>
<arguments>
<arg>${RBMQ_USER}</arg>
</arguments>
<msg timestamp="20200705 10:57:32.906" level="INFO">Length is 35</msg>
<status status="PASS" starttime="20200705 10:57:32.906" endtime="20200705 10:57:32.906"></status>
</kw>
<kw name="Should Not Be Empty" library="BuiltIn">
<doc>Verifies that the given item is not empty.</doc>
<arguments>
<arg>${RBMQ_PASS}</arg>
</arguments>
<msg timestamp="20200705 10:57:32.906" level="INFO">Length is 35</msg>
<status status="PASS" starttime="20200705 10:57:32.906" endtime="20200705 10:57:32.906"></status>
</kw>
<kw name="Should Not Be Empty" library="BuiltIn">
<doc>Verifies that the given item is not empty.</doc>
<arguments>
<arg>${RBMQ_PORT}</arg>
</arguments>
<msg timestamp="20200705 10:57:32.907" level="INFO">Length is 35</msg>
<status status="PASS" starttime="20200705 10:57:32.906" endtime="20200705 10:57:32.907"></status>
</kw>
<status status="PASS" starttime="20200705 10:57:32.905" endtime="20200705 10:57:32.907"></status>
</kw>
<status status="PASS" starttime="20200705 10:57:32.905" endtime="20200705 10:57:32.907" critical="yes"></status>
</test>
<doc>This test is example how you get variables with robot framework</doc>
<status status="PASS" starttime="20200705 10:57:32.885" endtime="20200705 10:57:32.907"></status>
</suite>
<statistics>
<total>
<stat pass="2" fail="0">Critical Tests</stat>
<stat pass="2" fail="0">All Tests</stat>
</total>
<tag>
</tag>
<suite>
<stat pass="2" fail="0" id="s1" name="Test Get Environment Variables">Test Get Environment Variables</stat>
</suite>
</statistics>
<errors>
<msg timestamp="20200705 10:57:32.902" level="ERROR">Error in file '/home/fabiano/PycharmProjects/robot_frameword_guide/resource/ResourceEnvironmentVariables.robot' on line 10: Invalid variable name 'pw'.</msg>
</errors>
</robot>
