<?xml version="1.0" encoding="UTF-8"?>
<robot generator="Robot 3.2.1 (Python 3.7.6 on linux)" generated="20200706 19:56:07.547" rpa="false">
<suite id="s1" name="Tests" source="/home/fabiano/PycharmProjects/robot_frameword_guide/tests">
<suite id="s1-s1" name="Example For And If" source="/home/fabiano/PycharmProjects/robot_frameword_guide/tests/example_for_and_if.robot">
<test id="s1-s1-t1" name="Caso de testes if">
<kw name="Rodando um keyword com condição = true">
<kw name="Run Keyword If" library="BuiltIn">
<doc>Runs the given keyword with the given arguments, if ``condition`` is true.</doc>
<arguments>
<arg>'${FRUTAS[0]}' == 'morango'</arg>
<arg>Log</arg>
<arg>O primeiro item é morango</arg>
</arguments>
<kw name="Log" library="BuiltIn">
<doc>Logs the given message with the given level.</doc>
<arguments>
<arg>O primeiro item é morango</arg>
</arguments>
<msg timestamp="20200706 19:56:07.568" level="INFO">O primeiro item é morango</msg>
<status status="PASS" starttime="20200706 19:56:07.568" endtime="20200706 19:56:07.568"></status>
</kw>
<status status="PASS" starttime="20200706 19:56:07.567" endtime="20200706 19:56:07.568"></status>
</kw>
<status status="PASS" starttime="20200706 19:56:07.567" endtime="20200706 19:56:07.568"></status>
</kw>
<kw name="Rodando um keyword com condição = false">
<kw name="Run Keyword If" library="BuiltIn">
<doc>Runs the given keyword with the given arguments, if ``condition`` is true.</doc>
<arguments>
<arg>'${FRUTAS[1]}' == 'morango'</arg>
<arg>Log</arg>
<arg>O segundo item não é morango é ${FRUTAS[1]}</arg>
</arguments>
<status status="PASS" starttime="20200706 19:56:07.568" endtime="20200706 19:56:07.569"></status>
</kw>
<status status="PASS" starttime="20200706 19:56:07.568" endtime="20200706 19:56:07.569"></status>
</kw>
<kw name="Armazendando valor keyword">
<kw name="Set Variable" library="BuiltIn">
<doc>Returns the given values which can then be assigned to a variables.</doc>
<arguments>
<arg>if</arg>
<arg>'${FRUTAS[0]}' == 'morango'</arg>
<arg>Eu gosto de morango</arg>
</arguments>
<assign>
<var>${VAR}</var>
</assign>
<msg timestamp="20200706 19:56:07.570" level="INFO">${VAR} = ['if', "'morango' == 'morango'", 'Eu gosto de morango']</msg>
<status status="PASS" starttime="20200706 19:56:07.569" endtime="20200706 19:56:07.570"></status>
</kw>
<kw name="Log" library="BuiltIn">
<doc>Logs the given message with the given level.</doc>
<arguments>
<arg>Minha variável é ${VAR}!!!</arg>
</arguments>
<msg timestamp="20200706 19:56:07.570" level="INFO">Minha variável é ['if', "'morango' == 'morango'", 'Eu gosto de morango']!!!</msg>
<status status="PASS" starttime="20200706 19:56:07.570" endtime="20200706 19:56:07.570"></status>
</kw>
<status status="PASS" starttime="20200706 19:56:07.569" endtime="20200706 19:56:07.570"></status>
</kw>
<status status="PASS" starttime="20200706 19:56:07.567" endtime="20200706 19:56:07.570" critical="yes"></status>
</test>
<test id="s1-s1-t2" name="Caso de testes loop">
<kw name="Usando FOR com RANGE">
<kw name="${COUNT} IN RANGE [ 1 | 6 ]" type="for">
<kw name="${COUNT} = 1" type="foritem">
<kw name="Log" library="BuiltIn">
<doc>Logs the given message with the given level.</doc>
<arguments>
<arg>Meu contador é ${COUNT}</arg>
</arguments>
<msg timestamp="20200706 19:56:07.571" level="INFO">Meu contador é 1</msg>
<status status="PASS" starttime="20200706 19:56:07.571" endtime="20200706 19:56:07.571"></status>
</kw>
<status status="PASS" starttime="20200706 19:56:07.571" endtime="20200706 19:56:07.571"></status>
</kw>
<kw name="${COUNT} = 2" type="foritem">
<kw name="Log" library="BuiltIn">
<doc>Logs the given message with the given level.</doc>
<arguments>
<arg>Meu contador é ${COUNT}</arg>
</arguments>
<msg timestamp="20200706 19:56:07.572" level="INFO">Meu contador é 2</msg>
<status status="PASS" starttime="20200706 19:56:07.571" endtime="20200706 19:56:07.572"></status>
</kw>
<status status="PASS" starttime="20200706 19:56:07.571" endtime="20200706 19:56:07.572"></status>
</kw>
<kw name="${COUNT} = 3" type="foritem">
<kw name="Log" library="BuiltIn">
<doc>Logs the given message with the given level.</doc>
<arguments>
<arg>Meu contador é ${COUNT}</arg>
</arguments>
<msg timestamp="20200706 19:56:07.572" level="INFO">Meu contador é 3</msg>
<status status="PASS" starttime="20200706 19:56:07.572" endtime="20200706 19:56:07.572"></status>
</kw>
<status status="PASS" starttime="20200706 19:56:07.572" endtime="20200706 19:56:07.572"></status>
</kw>
<kw name="${COUNT} = 4" type="foritem">
<kw name="Log" library="BuiltIn">
<doc>Logs the given message with the given level.</doc>
<arguments>
<arg>Meu contador é ${COUNT}</arg>
</arguments>
<msg timestamp="20200706 19:56:07.572" level="INFO">Meu contador é 4</msg>
<status status="PASS" starttime="20200706 19:56:07.572" endtime="20200706 19:56:07.572"></status>
</kw>
<status status="PASS" starttime="20200706 19:56:07.572" endtime="20200706 19:56:07.572"></status>
</kw>
<kw name="${COUNT} = 5" type="foritem">
<kw name="Log" library="BuiltIn">
<doc>Logs the given message with the given level.</doc>
<arguments>
<arg>Meu contador é ${COUNT}</arg>
</arguments>
<msg timestamp="20200706 19:56:07.573" level="INFO">Meu contador é 5</msg>
<status status="PASS" starttime="20200706 19:56:07.573" endtime="20200706 19:56:07.573"></status>
</kw>
<status status="PASS" starttime="20200706 19:56:07.572" endtime="20200706 19:56:07.573"></status>
</kw>
<status status="PASS" starttime="20200706 19:56:07.571" endtime="20200706 19:56:07.573"></status>
</kw>
<status status="PASS" starttime="20200706 19:56:07.571" endtime="20200706 19:56:07.573"></status>
</kw>
<kw name="Usando FOR com LISTA">
<kw name="${ITEM} IN [ @{FRUTAS} ]" type="for">
<kw name="${ITEM} = morango" type="foritem">
<kw name="Log" library="BuiltIn">
<doc>Logs the given message with the given level.</doc>
<arguments>
<arg>Minha fruta ${ITEM}</arg>
</arguments>
<msg timestamp="20200706 19:56:07.574" level="INFO">Minha fruta morango</msg>
<status status="PASS" starttime="20200706 19:56:07.573" endtime="20200706 19:56:07.574"></status>
</kw>
<status status="PASS" starttime="20200706 19:56:07.573" endtime="20200706 19:56:07.574"></status>
</kw>
<kw name="${ITEM} = banana" type="foritem">
<kw name="Log" library="BuiltIn">
<doc>Logs the given message with the given level.</doc>
<arguments>
<arg>Minha fruta ${ITEM}</arg>
</arguments>
<msg timestamp="20200706 19:56:07.574" level="INFO">Minha fruta banana</msg>
<status status="PASS" starttime="20200706 19:56:07.574" endtime="20200706 19:56:07.574"></status>
</kw>
<status status="PASS" starttime="20200706 19:56:07.574" endtime="20200706 19:56:07.574"></status>
</kw>
<kw name="${ITEM} = maça" type="foritem">
<kw name="Log" library="BuiltIn">
<doc>Logs the given message with the given level.</doc>
<arguments>
<arg>Minha fruta ${ITEM}</arg>
</arguments>
<msg timestamp="20200706 19:56:07.574" level="INFO">Minha fruta maça</msg>
<status status="PASS" starttime="20200706 19:56:07.574" endtime="20200706 19:56:07.574"></status>
</kw>
<status status="PASS" starttime="20200706 19:56:07.574" endtime="20200706 19:56:07.574"></status>
</kw>
<status status="PASS" starttime="20200706 19:56:07.573" endtime="20200706 19:56:07.574"></status>
</kw>
<status status="PASS" starttime="20200706 19:56:07.573" endtime="20200706 19:56:07.574"></status>
</kw>
<kw name="Saindo de um FOR">
<kw name="${ITEM} IN [ @{FRUTAS} ]" type="for">
<kw name="${ITEM} = morango" type="foritem">
<kw name="Exit For Loop If" library="BuiltIn">
<doc>Stops executing the enclosing for loop if the ``condition`` is true.</doc>
<arguments>
<arg>'${ITEM}' == 'banana'</arg>
</arguments>
<status status="PASS" starttime="20200706 19:56:07.575" endtime="20200706 19:56:07.575"></status>
</kw>
<kw name="Log" library="BuiltIn">
<doc>Logs the given message with the given level.</doc>
<arguments>
<arg>Minha fruta ${ITEM}</arg>
</arguments>
<msg timestamp="20200706 19:56:07.576" level="INFO">Minha fruta morango</msg>
<status status="PASS" starttime="20200706 19:56:07.575" endtime="20200706 19:56:07.576"></status>
</kw>
<status status="PASS" starttime="20200706 19:56:07.575" endtime="20200706 19:56:07.576"></status>
</kw>
<kw name="${ITEM} = banana" type="foritem">
<kw name="Exit For Loop If" library="BuiltIn">
<doc>Stops executing the enclosing for loop if the ``condition`` is true.</doc>
<arguments>
<arg>'${ITEM}' == 'banana'</arg>
</arguments>
<msg timestamp="20200706 19:56:07.576" level="INFO">Exiting for loop altogether.</msg>
<status status="PASS" starttime="20200706 19:56:07.576" endtime="20200706 19:56:07.576"></status>
</kw>
<status status="PASS" starttime="20200706 19:56:07.576" endtime="20200706 19:56:07.576"></status>
</kw>
<status status="PASS" starttime="20200706 19:56:07.575" endtime="20200706 19:56:07.576"></status>
</kw>
<status status="PASS" starttime="20200706 19:56:07.575" endtime="20200706 19:56:07.576"></status>
</kw>
<kw name="Usando REPEAT">
<kw name="Repeat Keyword" library="BuiltIn">
<doc>Executes the specified keyword multiple times.</doc>
<arguments>
<arg>4</arg>
<arg>Log</arg>
<arg>Repete 4 vezes</arg>
</arguments>
<msg timestamp="20200706 19:56:07.577" level="INFO">Repeating keyword, round 1/4.</msg>
<kw name="Log" library="BuiltIn">
<doc>Logs the given message with the given level.</doc>
<arguments>
<arg>Repete 4 vezes</arg>
</arguments>
<msg timestamp="20200706 19:56:07.577" level="INFO">Repete 4 vezes</msg>
<status status="PASS" starttime="20200706 19:56:07.577" endtime="20200706 19:56:07.577"></status>
</kw>
<msg timestamp="20200706 19:56:07.577" level="INFO">Repeating keyword, round 2/4.</msg>
<kw name="Log" library="BuiltIn">
<doc>Logs the given message with the given level.</doc>
<arguments>
<arg>Repete 4 vezes</arg>
</arguments>
<msg timestamp="20200706 19:56:07.578" level="INFO">Repete 4 vezes</msg>
<status status="PASS" starttime="20200706 19:56:07.577" endtime="20200706 19:56:07.578"></status>
</kw>
<msg timestamp="20200706 19:56:07.578" level="INFO">Repeating keyword, round 3/4.</msg>
<kw name="Log" library="BuiltIn">
<doc>Logs the given message with the given level.</doc>
<arguments>
<arg>Repete 4 vezes</arg>
</arguments>
<msg timestamp="20200706 19:56:07.578" level="INFO">Repete 4 vezes</msg>
<status status="PASS" starttime="20200706 19:56:07.578" endtime="20200706 19:56:07.578"></status>
</kw>
<msg timestamp="20200706 19:56:07.579" level="INFO">Repeating keyword, round 4/4.</msg>
<kw name="Log" library="BuiltIn">
<doc>Logs the given message with the given level.</doc>
<arguments>
<arg>Repete 4 vezes</arg>
</arguments>
<msg timestamp="20200706 19:56:07.579" level="INFO">Repete 4 vezes</msg>
<status status="PASS" starttime="20200706 19:56:07.579" endtime="20200706 19:56:07.579"></status>
</kw>
<status status="PASS" starttime="20200706 19:56:07.577" endtime="20200706 19:56:07.579"></status>
</kw>
<status status="PASS" starttime="20200706 19:56:07.576" endtime="20200706 19:56:07.579"></status>
</kw>
<status status="PASS" starttime="20200706 19:56:07.570" endtime="20200706 19:56:07.580" critical="yes"></status>
</test>
<doc>Exemplo de uso do if e do For</doc>
<status status="PASS" starttime="20200706 19:56:07.565" endtime="20200706 19:56:07.580"></status>
</suite>
<suite id="s1-s2" name="Example Variables" source="/home/fabiano/PycharmProjects/robot_frameword_guide/tests/example_variables.robot">
<test id="s1-s2-t1" name="Cenario exemplo 01">
<kw name="Uma Keyword qualquer 01">
<kw name="Set Global Variable" library="BuiltIn">
<doc>Makes a variable available globally in all tests and suites.</doc>
<arguments>
<arg>${GLOBAL_CRIADA_EM_TEMPO_EXECUCAO}</arg>
<arg>teste feita em execução</arg>
</arguments>
<msg timestamp="20200706 19:56:07.589" level="INFO">${GLOBAL_CRIADA_EM_TEMPO_EXECUCAO} = teste feita em execução</msg>
<status status="PASS" starttime="20200706 19:56:07.589" endtime="20200706 19:56:07.589"></status>
</kw>
<kw name="Set Suite Variable" library="BuiltIn">
<doc>Makes a variable available everywhere within the scope of the current suite.</doc>
<arguments>
<arg>${SUITE_CRIADA_EM_TEMPO_EXECUCAO}</arg>
<arg>Variável da suite</arg>
</arguments>
<msg timestamp="20200706 19:56:07.590" level="INFO">${SUITE_CRIADA_EM_TEMPO_EXECUCAO} = Variável da suite</msg>
<status status="PASS" starttime="20200706 19:56:07.589" endtime="20200706 19:56:07.590"></status>
</kw>
<kw name="Set Test Variable" library="BuiltIn">
<doc>Makes a variable available everywhere within the scope of the current test.</doc>
<arguments>
<arg>${TESTE_01}</arg>
<arg>Variável do teste 01</arg>
</arguments>
<msg timestamp="20200706 19:56:07.591" level="INFO">${TESTE_01} = Variável do teste 01</msg>
<status status="PASS" starttime="20200706 19:56:07.590" endtime="20200706 19:56:07.591"></status>
</kw>
<kw name="Log" library="BuiltIn">
<doc>Logs the given message with the given level.</doc>
<arguments>
<arg>${TESTE_01}</arg>
</arguments>
<msg timestamp="20200706 19:56:07.591" level="INFO">Variável do teste 01</msg>
<status status="PASS" starttime="20200706 19:56:07.591" endtime="20200706 19:56:07.591"></status>
</kw>
<kw name="Set Variable" library="BuiltIn">
<doc>Returns the given values which can then be assigned to a variables.</doc>
<arguments>
<arg>Variavel local da keyword 01</arg>
</arguments>
<assign>
<var>${LOCAL}</var>
</assign>
<msg timestamp="20200706 19:56:07.591" level="INFO">${LOCAL} = Variavel local da keyword 01</msg>
<status status="PASS" starttime="20200706 19:56:07.591" endtime="20200706 19:56:07.591"></status>
</kw>
<kw name="Uma Subkeyword com argumento">
<arguments>
<arg>${PESSOA.nome}</arg>
<arg>${PESSOA.email}</arg>
</arguments>
<kw name="Log" library="BuiltIn">
<doc>Logs the given message with the given level.</doc>
<arguments>
<arg>Nome: ${PESSOA.nome}</arg>
</arguments>
<msg timestamp="20200706 19:56:07.592" level="INFO">Nome: Fabiano Teichmann</msg>
<status status="PASS" starttime="20200706 19:56:07.592" endtime="20200706 19:56:07.592"></status>
</kw>
<kw name="Log" library="BuiltIn">
<doc>Logs the given message with the given level.</doc>
<arguments>
<arg>Email: ${PESSOA.email}</arg>
</arguments>
<msg timestamp="20200706 19:56:07.593" level="INFO">Email: fabiano.geek@gmail.com</msg>
<status status="PASS" starttime="20200706 19:56:07.592" endtime="20200706 19:56:07.593"></status>
</kw>
<status status="PASS" starttime="20200706 19:56:07.592" endtime="20200706 19:56:07.593"></status>
</kw>
<kw name="Uma Subkeyword com retorno">
<arguments>
<arg>${PESSOA.nome}</arg>
<arg>${PESSOA.idade}</arg>
</arguments>
<assign>
<var>${ALERTA}</var>
</assign>
<kw name="Set Variable If" library="BuiltIn">
<doc>Sets variable based on the given condition.</doc>
<arguments>
<arg>${IDADE}&lt;18</arg>
<arg>Usuário ${NOME} Não autorizado</arg>
</arguments>
<assign>
<var>${MSG}</var>
</assign>
<msg timestamp="20200706 19:56:07.595" level="INFO">${MSG} = None</msg>
<status status="PASS" starttime="20200706 19:56:07.594" endtime="20200706 19:56:07.595"></status>
</kw>
<msg timestamp="20200706 19:56:07.596" level="INFO">${ALERTA} = None</msg>
<status status="PASS" starttime="20200706 19:56:07.593" endtime="20200706 19:56:07.596"></status>
</kw>
<kw name="Log" library="BuiltIn">
<doc>Logs the given message with the given level.</doc>
<arguments>
<arg>${ALERTA}</arg>
</arguments>
<msg timestamp="20200706 19:56:07.597" level="INFO">None</msg>
<status status="PASS" starttime="20200706 19:56:07.596" endtime="20200706 19:56:07.597"></status>
</kw>
<status status="PASS" starttime="20200706 19:56:07.588" endtime="20200706 19:56:07.597"></status>
</kw>
<kw name="Uma Keyword qualquer 02">
<kw name="Set Variable" library="BuiltIn">
<doc>Returns the given values which can then be assigned to a variables.</doc>
<arguments>
<arg>Variavel local da keyword 02</arg>
</arguments>
<assign>
<var>${LOCAL}</var>
</assign>
<msg timestamp="20200706 19:56:07.598" level="INFO">${LOCAL} = Variavel local da keyword 02</msg>
<status status="PASS" starttime="20200706 19:56:07.597" endtime="20200706 19:56:07.598"></status>
</kw>
<kw name="Log" library="BuiltIn">
<doc>Logs the given message with the given level.</doc>
<arguments>
<arg>${LOCAL}</arg>
</arguments>
<msg timestamp="20200706 19:56:07.598" level="INFO">Variavel local da keyword 02</msg>
<status status="PASS" starttime="20200706 19:56:07.598" endtime="20200706 19:56:07.598"></status>
</kw>
<kw name="Log" library="BuiltIn">
<doc>Logs the given message with the given level.</doc>
<arguments>
<arg>${GLOBAL_CRIADA_EM_TEMPO_EXECUCAO}</arg>
</arguments>
<msg timestamp="20200706 19:56:07.599" level="INFO">teste feita em execução</msg>
<status status="PASS" starttime="20200706 19:56:07.599" endtime="20200706 19:56:07.599"></status>
</kw>
<kw name="Log" library="BuiltIn">
<doc>Logs the given message with the given level.</doc>
<arguments>
<arg>${GLOBAL_INSTANCIADA} ${GLOBAL_CRIADA_EM_TEMPO_EXECUCAO} ${LOCAL}</arg>
</arguments>
<msg timestamp="20200706 19:56:07.600" level="INFO">MINHA VARIAVEL GLOBAL teste feita em execução Variavel local da keyword 02</msg>
<status status="PASS" starttime="20200706 19:56:07.599" endtime="20200706 19:56:07.600"></status>
</kw>
<status status="PASS" starttime="20200706 19:56:07.597" endtime="20200706 19:56:07.600"></status>
</kw>
<status status="PASS" starttime="20200706 19:56:07.588" endtime="20200706 19:56:07.600" critical="yes"></status>
</test>
<test id="s1-s2-t2" name="Cenario exemplo 02">
<kw name="Uma Keyword qualquer 02">
<kw name="Set Variable" library="BuiltIn">
<doc>Returns the given values which can then be assigned to a variables.</doc>
<arguments>
<arg>Variavel local da keyword 02</arg>
</arguments>
<assign>
<var>${LOCAL}</var>
</assign>
<msg timestamp="20200706 19:56:07.601" level="INFO">${LOCAL} = Variavel local da keyword 02</msg>
<status status="PASS" starttime="20200706 19:56:07.601" endtime="20200706 19:56:07.601"></status>
</kw>
<kw name="Log" library="BuiltIn">
<doc>Logs the given message with the given level.</doc>
<arguments>
<arg>${LOCAL}</arg>
</arguments>
<msg timestamp="20200706 19:56:07.602" level="INFO">Variavel local da keyword 02</msg>
<status status="PASS" starttime="20200706 19:56:07.602" endtime="20200706 19:56:07.602"></status>
</kw>
<kw name="Log" library="BuiltIn">
<doc>Logs the given message with the given level.</doc>
<arguments>
<arg>${GLOBAL_CRIADA_EM_TEMPO_EXECUCAO}</arg>
</arguments>
<msg timestamp="20200706 19:56:07.602" level="INFO">teste feita em execução</msg>
<status status="PASS" starttime="20200706 19:56:07.602" endtime="20200706 19:56:07.602"></status>
</kw>
<kw name="Log" library="BuiltIn">
<doc>Logs the given message with the given level.</doc>
<arguments>
<arg>${GLOBAL_INSTANCIADA} ${GLOBAL_CRIADA_EM_TEMPO_EXECUCAO} ${LOCAL}</arg>
</arguments>
<msg timestamp="20200706 19:56:07.603" level="INFO">MINHA VARIAVEL GLOBAL teste feita em execução Variavel local da keyword 02</msg>
<status status="PASS" starttime="20200706 19:56:07.602" endtime="20200706 19:56:07.603"></status>
</kw>
<status status="PASS" starttime="20200706 19:56:07.601" endtime="20200706 19:56:07.603"></status>
</kw>
<status status="PASS" starttime="20200706 19:56:07.601" endtime="20200706 19:56:07.603" critical="yes"></status>
</test>
<test id="s1-s2-t3" name="Cenario exemplo 03">
<kw name="Uma Keyword qualquer 02">
<kw name="Set Variable" library="BuiltIn">
<doc>Returns the given values which can then be assigned to a variables.</doc>
<arguments>
<arg>Variavel local da keyword 02</arg>
</arguments>
<assign>
<var>${LOCAL}</var>
</assign>
<msg timestamp="20200706 19:56:07.604" level="INFO">${LOCAL} = Variavel local da keyword 02</msg>
<status status="PASS" starttime="20200706 19:56:07.604" endtime="20200706 19:56:07.604"></status>
</kw>
<kw name="Log" library="BuiltIn">
<doc>Logs the given message with the given level.</doc>
<arguments>
<arg>${LOCAL}</arg>
</arguments>
<msg timestamp="20200706 19:56:07.604" level="INFO">Variavel local da keyword 02</msg>
<status status="PASS" starttime="20200706 19:56:07.604" endtime="20200706 19:56:07.604"></status>
</kw>
<kw name="Log" library="BuiltIn">
<doc>Logs the given message with the given level.</doc>
<arguments>
<arg>${GLOBAL_CRIADA_EM_TEMPO_EXECUCAO}</arg>
</arguments>
<msg timestamp="20200706 19:56:07.605" level="INFO">teste feita em execução</msg>
<status status="PASS" starttime="20200706 19:56:07.605" endtime="20200706 19:56:07.605"></status>
</kw>
<kw name="Log" library="BuiltIn">
<doc>Logs the given message with the given level.</doc>
<arguments>
<arg>${GLOBAL_INSTANCIADA} ${GLOBAL_CRIADA_EM_TEMPO_EXECUCAO} ${LOCAL}</arg>
</arguments>
<msg timestamp="20200706 19:56:07.605" level="INFO">MINHA VARIAVEL GLOBAL teste feita em execução Variavel local da keyword 02</msg>
<status status="PASS" starttime="20200706 19:56:07.605" endtime="20200706 19:56:07.605"></status>
</kw>
<status status="PASS" starttime="20200706 19:56:07.604" endtime="20200706 19:56:07.605"></status>
</kw>
<kw name="Uma Keyword qualquer 03">
<kw name="Set Variable" library="BuiltIn">
<doc>Returns the given values which can then be assigned to a variables.</doc>
<arguments>
<arg>Variavel local da keyword 03</arg>
</arguments>
<assign>
<var>${LOCAL}</var>
</assign>
<msg timestamp="20200706 19:56:07.606" level="INFO">${LOCAL} = Variavel local da keyword 03</msg>
<status status="PASS" starttime="20200706 19:56:07.606" endtime="20200706 19:56:07.606"></status>
</kw>
<kw name="Log" library="BuiltIn">
<doc>Logs the given message with the given level.</doc>
<arguments>
<arg>${LOCAL}</arg>
</arguments>
<msg timestamp="20200706 19:56:07.606" level="INFO">Variavel local da keyword 03</msg>
<status status="PASS" starttime="20200706 19:56:07.606" endtime="20200706 19:56:07.606"></status>
</kw>
<kw name="Log" library="BuiltIn">
<doc>Logs the given message with the given level.</doc>
<arguments>
<arg>${LOCAL}</arg>
</arguments>
<msg timestamp="20200706 19:56:07.607" level="INFO">Variavel local da keyword 03</msg>
<status status="PASS" starttime="20200706 19:56:07.606" endtime="20200706 19:56:07.607"></status>
</kw>
<kw name="Log" library="BuiltIn">
<doc>Logs the given message with the given level.</doc>
<arguments>
<arg>${GLOBAL_INSTANCIADA}</arg>
</arguments>
<msg timestamp="20200706 19:56:07.607" level="INFO">MINHA VARIAVEL GLOBAL</msg>
<status status="PASS" starttime="20200706 19:56:07.607" endtime="20200706 19:56:07.607"></status>
</kw>
<kw name="Log" library="BuiltIn">
<doc>Logs the given message with the given level.</doc>
<arguments>
<arg>${GLOBAL_CRIADA_EM_TEMPO_EXECUCAO}</arg>
</arguments>
<msg timestamp="20200706 19:56:07.607" level="INFO">teste feita em execução</msg>
<status status="PASS" starttime="20200706 19:56:07.607" endtime="20200706 19:56:07.607"></status>
</kw>
<kw name="Log" library="BuiltIn">
<doc>Logs the given message with the given level.</doc>
<arguments>
<arg>${SUITE_CRIADA_EM_TEMPO_EXECUCAO}</arg>
</arguments>
<msg timestamp="20200706 19:56:07.608" level="INFO">Variável da suite</msg>
<status status="PASS" starttime="20200706 19:56:07.607" endtime="20200706 19:56:07.608"></status>
</kw>
<kw name="Log" library="BuiltIn">
<doc>Logs the given message with the given level.</doc>
<arguments>
<arg>${FRUTAS[0]}</arg>
</arguments>
<msg timestamp="20200706 19:56:07.608" level="INFO">morango</msg>
<status status="PASS" starttime="20200706 19:56:07.608" endtime="20200706 19:56:07.608"></status>
</kw>
<kw name="Log" library="BuiltIn">
<doc>Logs the given message with the given level.</doc>
<arguments>
<arg>Nome: ${PESSOA.nome} e email: ${PESSOA.email}</arg>
</arguments>
<msg timestamp="20200706 19:56:07.609" level="INFO">Nome: Fabiano Teichmann e email: fabiano.geek@gmail.com</msg>
<status status="PASS" starttime="20200706 19:56:07.608" endtime="20200706 19:56:07.609"></status>
</kw>
<status status="PASS" starttime="20200706 19:56:07.605" endtime="20200706 19:56:07.609"></status>
</kw>
<status status="PASS" starttime="20200706 19:56:07.603" endtime="20200706 19:56:07.609" critical="yes"></status>
</test>
<doc>Exemplo de escopo de variáveis: GLOBAIS, SUITE, TESTE E LOCAL</doc>
<status status="PASS" starttime="20200706 19:56:07.581" endtime="20200706 19:56:07.610"></status>
</suite>
<suite id="s1-s3" name="Test Ecommerce With Selenium" source="/home/fabiano/PycharmProjects/robot_frameword_guide/tests/test_ecommerce_with_selenium.robot">
<kw name="Abrir navegador" library="Resouce_Selenium" type="setup">
<kw name="Open Browser" library="SeleniumLibrary">
<doc>Opens a new browser instance to the optional ``url``.</doc>
<arguments>
<arg>about:blank</arg>
<arg>${BROWSER}</arg>
</arguments>
<msg timestamp="20200706 19:56:08.023" level="INFO">Opening browser 'chrome' to base url 'about:blank'.</msg>
<status status="PASS" starttime="20200706 19:56:08.022" endtime="20200706 19:56:09.461"></status>
</kw>
<status status="PASS" starttime="20200706 19:56:08.022" endtime="20200706 19:56:09.462"></status>
</kw>
<test id="s1-s3-t1" name="Faker_profile">
<kw name="Address" library="FakerLibrary">
<doc>:example '791 Crist Parks, Sashabury, IL 86039-9874'</doc>
<assign>
<var>${address}</var>
</assign>
<msg timestamp="20200706 19:56:09.465" level="INFO">${address} = 210 Michelle Bridge Suite 739
Lake Bryan, RI 30249</msg>
<status status="PASS" starttime="20200706 19:56:09.464" endtime="20200706 19:56:09.465"></status>
</kw>
<kw name="Country" library="FakerLibrary">
<assign>
<var>${country}</var>
</assign>
<msg timestamp="20200706 19:56:09.466" level="INFO">${country} = Tajikistan</msg>
<status status="PASS" starttime="20200706 19:56:09.465" endtime="20200706 19:56:09.466"></status>
</kw>
<kw name="Email" library="FakerLibrary">
<assign>
<var>${EMAIL}</var>
</assign>
<msg timestamp="20200706 19:56:09.468" level="INFO">${EMAIL} = reesemary@green-wagner.net</msg>
<status status="PASS" starttime="20200706 19:56:09.466" endtime="20200706 19:56:09.469"></status>
</kw>
<kw name="First Name" library="FakerLibrary">
<assign>
<var>${first_name}</var>
</assign>
<msg timestamp="20200706 19:56:09.470" level="INFO">${first_name} = Amy</msg>
<status status="PASS" starttime="20200706 19:56:09.469" endtime="20200706 19:56:09.470"></status>
</kw>
<kw name="Last Name" library="FakerLibrary">
<assign>
<var>${last_name}</var>
</assign>
<msg timestamp="20200706 19:56:09.471" level="INFO">${last_name} = Martin</msg>
<status status="PASS" starttime="20200706 19:56:09.470" endtime="20200706 19:56:09.471"></status>
</kw>
<kw name="Phone Number" library="FakerLibrary">
<assign>
<var>${phone_number}</var>
</assign>
<msg timestamp="20200706 19:56:09.472" level="INFO">${phone_number} = (229)014-0427x829</msg>
<status status="PASS" starttime="20200706 19:56:09.471" endtime="20200706 19:56:09.472"></status>
</kw>
<status status="PASS" starttime="20200706 19:56:09.462" endtime="20200706 19:56:09.472" critical="yes"></status>
</test>
<test id="s1-s3-t2" name="Cenario 01: Pesquisar produto existente">
<kw name="Dado que estou na página home do site">
<kw name="Acessar página home do site" library="Resouce_Selenium">
<kw name="Go To" library="SeleniumLibrary">
<doc>Navigates the current browser window to the provided ``url``.</doc>
<arguments>
<arg>${URL}</arg>
</arguments>
<msg timestamp="20200706 19:56:09.475" level="INFO">Opening url 'http://automationpractice.com'</msg>
<status status="PASS" starttime="20200706 19:56:09.475" endtime="20200706 19:56:13.867"></status>
</kw>
<kw name="Title Should Be" library="SeleniumLibrary">
<doc>Verifies that the current page title equals ``title``.</doc>
<arguments>
<arg>My Store</arg>
</arguments>
<msg timestamp="20200706 19:56:13.887" level="INFO">Page title is 'My Store'.</msg>
<status status="PASS" starttime="20200706 19:56:13.867" endtime="20200706 19:56:13.888"></status>
</kw>
<status status="PASS" starttime="20200706 19:56:09.474" endtime="20200706 19:56:13.888"></status>
</kw>
<status status="PASS" starttime="20200706 19:56:09.474" endtime="20200706 19:56:13.888"></status>
</kw>
<kw name="Quando eu pesquisar pelo produto &quot;Blouse&quot;">
<kw name="Digitar o nome do produto &quot;${PRODUTO}&quot; no campo de pesquisar" library="Resouce_Selenium">
<kw name="Input Text" library="SeleniumLibrary">
<doc>Types the given ``text`` into the text field identified by ``locator``.</doc>
<arguments>
<arg>id=search_query_top</arg>
<arg>${PRODUTO}</arg>
</arguments>
<msg timestamp="20200706 19:56:13.890" level="INFO">Typing text 'Blouse' into text field 'id=search_query_top'.</msg>
<status status="PASS" starttime="20200706 19:56:13.890" endtime="20200706 19:56:14.020"></status>
</kw>
<status status="PASS" starttime="20200706 19:56:13.889" endtime="20200706 19:56:14.021"></status>
</kw>
<kw name="Clicar no botão &quot;submit_search&quot;" library="Resouce_Selenium">
<kw name="Click Element" library="SeleniumLibrary">
<doc>Click the element identified by ``locator``.</doc>
<arguments>
<arg>name=${NAME}</arg>
</arguments>
<msg timestamp="20200706 19:56:14.022" level="INFO">Clicking element 'name=submit_search'.</msg>
<status status="PASS" starttime="20200706 19:56:14.022" endtime="20200706 19:56:14.657"></status>
</kw>
<status status="PASS" starttime="20200706 19:56:14.021" endtime="20200706 19:56:14.657"></status>
</kw>
<status status="PASS" starttime="20200706 19:56:13.888" endtime="20200706 19:56:14.658"></status>
</kw>
<kw name="Então o produto &quot;Blouse&quot; deve ser listado na página de resultado da busca">
<kw name="Conferir se o produto &quot;${PRODUTO}&quot; foi listado no site" library="Resouce_Selenium">
<kw name="Wait Until Element Is Visible" library="SeleniumLibrary">
<doc>Waits until the element ``locator`` is visible.</doc>
<arguments>
<arg>css=#center_column &gt; h1</arg>
</arguments>
<status status="PASS" starttime="20200706 19:56:14.659" endtime="20200706 19:56:14.997"></status>
</kw>
<kw name="Title Should Be" library="SeleniumLibrary">
<doc>Verifies that the current page title equals ``title``.</doc>
<arguments>
<arg>Search - My Store</arg>
</arguments>
<msg timestamp="20200706 19:56:15.006" level="INFO">Page title is 'Search - My Store'.</msg>
<status status="PASS" starttime="20200706 19:56:14.997" endtime="20200706 19:56:15.006"></status>
</kw>
<kw name="Page Should Contain Link" library="SeleniumLibrary">
<doc>Verifies link identified by ``locator`` is found from current page.</doc>
<arguments>
<arg>xpath=//*[@id="center_column"]//a[@class="product-name"][contains(text(),"${PRODUTO}")]</arg>
</arguments>
<msg timestamp="20200706 19:56:15.030" level="INFO">Current page contains link 'xpath=//*[@id="center_column"]//a[@class="product-name"][contains(text(),"Blouse")]'.</msg>
<status status="PASS" starttime="20200706 19:56:15.006" endtime="20200706 19:56:15.030"></status>
</kw>
<status status="PASS" starttime="20200706 19:56:14.658" endtime="20200706 19:56:15.030"></status>
</kw>
<status status="PASS" starttime="20200706 19:56:14.658" endtime="20200706 19:56:15.031"></status>
</kw>
<status status="PASS" starttime="20200706 19:56:09.473" endtime="20200706 19:56:15.031" critical="yes"></status>
</test>
<test id="s1-s3-t3" name="Cenário 02: Pesquisar produto não existente">
<kw name="Dado que estou na página home do site">
<kw name="Acessar página home do site" library="Resouce_Selenium">
<kw name="Go To" library="SeleniumLibrary">
<doc>Navigates the current browser window to the provided ``url``.</doc>
<arguments>
<arg>${URL}</arg>
</arguments>
<msg timestamp="20200706 19:56:15.034" level="INFO">Opening url 'http://automationpractice.com'</msg>
<status status="PASS" starttime="20200706 19:56:15.034" endtime="20200706 19:56:16.766"></status>
</kw>
<kw name="Title Should Be" library="SeleniumLibrary">
<doc>Verifies that the current page title equals ``title``.</doc>
<arguments>
<arg>My Store</arg>
</arguments>
<msg timestamp="20200706 19:56:16.785" level="INFO">Page title is 'My Store'.</msg>
<status status="PASS" starttime="20200706 19:56:16.766" endtime="20200706 19:56:16.785"></status>
</kw>
<status status="PASS" starttime="20200706 19:56:15.033" endtime="20200706 19:56:16.785"></status>
</kw>
<status status="PASS" starttime="20200706 19:56:15.033" endtime="20200706 19:56:16.786"></status>
</kw>
<kw name="Quando eu pesquisar pelo produto &quot;Produto não existe&quot;">
<kw name="Digitar o nome do produto &quot;${PRODUTO}&quot; no campo de pesquisar" library="Resouce_Selenium">
<kw name="Input Text" library="SeleniumLibrary">
<doc>Types the given ``text`` into the text field identified by ``locator``.</doc>
<arguments>
<arg>id=search_query_top</arg>
<arg>${PRODUTO}</arg>
</arguments>
<msg timestamp="20200706 19:56:16.787" level="INFO">Typing text 'Produto não existe' into text field 'id=search_query_top'.</msg>
<status status="PASS" starttime="20200706 19:56:16.786" endtime="20200706 19:56:16.893"></status>
</kw>
<status status="PASS" starttime="20200706 19:56:16.786" endtime="20200706 19:56:16.893"></status>
</kw>
<kw name="Clicar no botão &quot;submit_search&quot;" library="Resouce_Selenium">
<kw name="Click Element" library="SeleniumLibrary">
<doc>Click the element identified by ``locator``.</doc>
<arguments>
<arg>name=${NAME}</arg>
</arguments>
<msg timestamp="20200706 19:56:16.894" level="INFO">Clicking element 'name=submit_search'.</msg>
<status status="PASS" starttime="20200706 19:56:16.894" endtime="20200706 19:56:17.459"></status>
</kw>
<status status="PASS" starttime="20200706 19:56:16.894" endtime="20200706 19:56:17.460"></status>
</kw>
<status status="PASS" starttime="20200706 19:56:16.786" endtime="20200706 19:56:17.460"></status>
</kw>
<kw name="Então a página deve exibir a mensagem &quot;No results were found for your search &quot;Produto não existe&quot;&quot;">
<kw name="Conferir mensagem de erro &quot;${MENSAGEM_ALERTA}&quot;" library="Resouce_Selenium">
<kw name="Wait Until Element Is Visible" library="SeleniumLibrary">
<doc>Waits until the element ``locator`` is visible.</doc>
<arguments>
<arg>xpath=//*[@id="center_column"]/p[@class='alert alert-warning']</arg>
</arguments>
<status status="PASS" starttime="20200706 19:56:17.461" endtime="20200706 19:56:17.949"></status>
</kw>
<kw name="Element Text Should Be" library="SeleniumLibrary">
<doc>Verifies that element ``locator`` contains exact the text ``expected``.</doc>
<arguments>
<arg>xpath=//*[@id="center_column"]/p[@class='alert alert-warning']</arg>
<arg>${MENSAGEM_ALERTA}</arg>
</arguments>
<msg timestamp="20200706 19:56:17.950" level="INFO">Verifying element 'xpath=//*[@id="center_column"]/p[@class='alert alert-warning']' contains exact text 'No results were found for your search "Produto não existe"'.</msg>
<status status="PASS" starttime="20200706 19:56:17.949" endtime="20200706 19:56:17.967"></status>
</kw>
<kw name="Element Text Should Be" library="SeleniumLibrary">
<doc>Verifies that element ``locator`` contains exact the text ``expected``.</doc>
<arguments>
<arg>xpath=//*[@id="center_column"]/h1/span</arg>
<arg>0 results have been found.</arg>
</arguments>
<msg timestamp="20200706 19:56:17.968" level="INFO">Verifying element 'xpath=//*[@id="center_column"]/h1/span' contains exact text '0 results have been found.'.</msg>
<status status="PASS" starttime="20200706 19:56:17.968" endtime="20200706 19:56:17.994"></status>
</kw>
<status status="PASS" starttime="20200706 19:56:17.461" endtime="20200706 19:56:17.995"></status>
</kw>
<status status="PASS" starttime="20200706 19:56:17.460" endtime="20200706 19:56:17.995"></status>
</kw>
<status status="PASS" starttime="20200706 19:56:15.032" endtime="20200706 19:56:17.995" critical="yes"></status>
</test>
<test id="s1-s3-t4" name="Cenário 04: Adicionar Produtos no Carrinho">
<kw name="Dado que estou na página home do site">
<kw name="Acessar página home do site" library="Resouce_Selenium">
<kw name="Go To" library="SeleniumLibrary">
<doc>Navigates the current browser window to the provided ``url``.</doc>
<arguments>
<arg>${URL}</arg>
</arguments>
<msg timestamp="20200706 19:56:17.998" level="INFO">Opening url 'http://automationpractice.com'</msg>
<status status="PASS" starttime="20200706 19:56:17.998" endtime="20200706 19:56:19.577"></status>
</kw>
<kw name="Title Should Be" library="SeleniumLibrary">
<doc>Verifies that the current page title equals ``title``.</doc>
<arguments>
<arg>My Store</arg>
</arguments>
<msg timestamp="20200706 19:56:19.593" level="INFO">Page title is 'My Store'.</msg>
<status status="PASS" starttime="20200706 19:56:19.577" endtime="20200706 19:56:19.593"></status>
</kw>
<status status="PASS" starttime="20200706 19:56:17.997" endtime="20200706 19:56:19.593"></status>
</kw>
<status status="PASS" starttime="20200706 19:56:17.997" endtime="20200706 19:56:19.594"></status>
</kw>
<kw name="Quando eu pesquisar pelo produto &quot;t-shirt&quot;">
<kw name="Digitar o nome do produto &quot;${PRODUTO}&quot; no campo de pesquisar" library="Resouce_Selenium">
<kw name="Input Text" library="SeleniumLibrary">
<doc>Types the given ``text`` into the text field identified by ``locator``.</doc>
<arguments>
<arg>id=search_query_top</arg>
<arg>${PRODUTO}</arg>
</arguments>
<msg timestamp="20200706 19:56:19.595" level="INFO">Typing text 't-shirt' into text field 'id=search_query_top'.</msg>
<status status="PASS" starttime="20200706 19:56:19.594" endtime="20200706 19:56:19.688"></status>
</kw>
<status status="PASS" starttime="20200706 19:56:19.594" endtime="20200706 19:56:19.688"></status>
</kw>
<kw name="Clicar no botão &quot;submit_search&quot;" library="Resouce_Selenium">
<kw name="Click Element" library="SeleniumLibrary">
<doc>Click the element identified by ``locator``.</doc>
<arguments>
<arg>name=${NAME}</arg>
</arguments>
<msg timestamp="20200706 19:56:19.689" level="INFO">Clicking element 'name=submit_search'.</msg>
<status status="PASS" starttime="20200706 19:56:19.689" endtime="20200706 19:56:20.371"></status>
</kw>
<status status="PASS" starttime="20200706 19:56:19.688" endtime="20200706 19:56:20.371"></status>
</kw>
<status status="PASS" starttime="20200706 19:56:19.594" endtime="20200706 19:56:20.372"></status>
</kw>
<kw name="Então o produto &quot;Faded Short Sleeve T-shirts&quot; deve ser listado na página de resultado da busca">
<kw name="Conferir se o produto &quot;${PRODUTO}&quot; foi listado no site" library="Resouce_Selenium">
<kw name="Wait Until Element Is Visible" library="SeleniumLibrary">
<doc>Waits until the element ``locator`` is visible.</doc>
<arguments>
<arg>css=#center_column &gt; h1</arg>
</arguments>
<status status="PASS" starttime="20200706 19:56:20.372" endtime="20200706 19:56:20.672"></status>
</kw>
<kw name="Title Should Be" library="SeleniumLibrary">
<doc>Verifies that the current page title equals ``title``.</doc>
<arguments>
<arg>Search - My Store</arg>
</arguments>
<msg timestamp="20200706 19:56:20.682" level="INFO">Page title is 'Search - My Store'.</msg>
<status status="PASS" starttime="20200706 19:56:20.673" endtime="20200706 19:56:20.682"></status>
</kw>
<kw name="Page Should Contain Link" library="SeleniumLibrary">
<doc>Verifies link identified by ``locator`` is found from current page.</doc>
<arguments>
<arg>xpath=//*[@id="center_column"]//a[@class="product-name"][contains(text(),"${PRODUTO}")]</arg>
</arguments>
<msg timestamp="20200706 19:56:20.698" level="INFO">Current page contains link 'xpath=//*[@id="center_column"]//a[@class="product-name"][contains(text(),"Faded Short Sleeve T-shirts")]'.</msg>
<status status="PASS" starttime="20200706 19:56:20.682" endtime="20200706 19:56:20.698"></status>
</kw>
<status status="PASS" starttime="20200706 19:56:20.372" endtime="20200706 19:56:20.699"></status>
</kw>
<status status="PASS" starttime="20200706 19:56:20.372" endtime="20200706 19:56:20.699"></status>
</kw>
<kw name="E ao clicar no botão &quot;Add to cart&quot; do produto">
<kw name="Clicar no botão carrinho" library="Resouce_Selenium">
<kw name="Click Element" library="SeleniumLibrary">
<doc>Click the element identified by ``locator``.</doc>
<arguments>
<arg>xpath=//*[@id="center_column"]/ul/li/div/div[2]/div[2]/a[1]</arg>
</arguments>
<msg timestamp="20200706 19:56:20.700" level="INFO">Clicking element 'xpath=//*[@id="center_column"]/ul/li/div/div[2]/div[2]/a[1]'.</msg>
<status status="PASS" starttime="20200706 19:56:20.700" endtime="20200706 19:56:20.753"></status>
</kw>
<status status="PASS" starttime="20200706 19:56:20.699" endtime="20200706 19:56:20.753"></status>
</kw>
<status status="PASS" starttime="20200706 19:56:20.699" endtime="20200706 19:56:20.753"></status>
</kw>
<kw name="Então uma tela de confirmação deve ser exibida" library="Resouce_Selenium">
<kw name="Wait Until Element Is Visible" library="SeleniumLibrary">
<doc>Waits until the element ``locator`` is visible.</doc>
<arguments>
<arg>xpath=//*[@id="layer_cart"]/div[1]/div[2]/div[4]/a/span[contains(text(), "Proceed to checkout")]</arg>
</arguments>
<status status="PASS" starttime="20200706 19:56:20.754" endtime="20200706 19:56:21.822"></status>
</kw>
<kw name="Element Text Should Be" library="SeleniumLibrary">
<doc>Verifies that element ``locator`` contains exact the text ``expected``.</doc>
<arguments>
<arg>xpath=//*[@id="layer_cart"]/div[1]/div[2]/div[4]/a/span</arg>
<arg>Proceed to checkout</arg>
</arguments>
<msg timestamp="20200706 19:56:21.823" level="INFO">Verifying element 'xpath=//*[@id="layer_cart"]/div[1]/div[2]/div[4]/a/span' contains exact text 'Proceed to checkout'.</msg>
<status status="PASS" starttime="20200706 19:56:21.823" endtime="20200706 19:56:21.848"></status>
</kw>
<status status="PASS" starttime="20200706 19:56:20.754" endtime="20200706 19:56:21.848"></status>
</kw>
<kw name="Quando clicar no botão &quot;Proceed to checkout&quot;" library="Resouce_Selenium">
<kw name="Click Element" library="SeleniumLibrary">
<doc>Click the element identified by ``locator``.</doc>
<arguments>
<arg>xpath=//*[@id="layer_cart"]/div[1]/div[2]/div[4]/a</arg>
</arguments>
<msg timestamp="20200706 19:56:21.849" level="INFO">Clicking element 'xpath=//*[@id="layer_cart"]/div[1]/div[2]/div[4]/a'.</msg>
<status status="PASS" starttime="20200706 19:56:21.849" endtime="20200706 19:56:23.496"></status>
</kw>
<status status="PASS" starttime="20200706 19:56:21.848" endtime="20200706 19:56:23.497"></status>
</kw>
<kw name="Então a tela do carrinho de compras deve ser exibido, juntamente com os dados do produto adicionado e os devidos valores" library="Resouce_Selenium">
<kw name="Wait Until Element Is Visible" library="SeleniumLibrary">
<doc>Waits until the element ``locator`` is visible.</doc>
<arguments>
<arg>xpath=//*[@id="center_column"]/p[2]/a[1]/span</arg>
</arguments>
<status status="PASS" starttime="20200706 19:56:23.497" endtime="20200706 19:56:23.529"></status>
</kw>
<kw name="Element Text Should Be" library="SeleniumLibrary">
<doc>Verifies that element ``locator`` contains exact the text ``expected``.</doc>
<arguments>
<arg>class=heading-counter</arg>
<arg>Your shopping cart contains: 1 Product</arg>
</arguments>
<msg timestamp="20200706 19:56:23.529" level="INFO">Verifying element 'class=heading-counter' contains exact text 'Your shopping cart contains: 1 Product'.</msg>
<status status="PASS" starttime="20200706 19:56:23.529" endtime="20200706 19:56:23.554"></status>
</kw>
<kw name="Element Text Should Be" library="SeleniumLibrary">
<doc>Verifies that element ``locator`` contains exact the text ``expected``.</doc>
<arguments>
<arg>xpath=//*[@id="product_1_1_0_0"]/td[2]/p/a</arg>
<arg>Faded Short Sleeve T-shirts</arg>
</arguments>
<msg timestamp="20200706 19:56:23.554" level="INFO">Verifying element 'xpath=//*[@id="product_1_1_0_0"]/td[2]/p/a' contains exact text 'Faded Short Sleeve T-shirts'.</msg>
<status status="PASS" starttime="20200706 19:56:23.554" endtime="20200706 19:56:23.573"></status>
</kw>
<kw name="Element Text Should Be" library="SeleniumLibrary">
<doc>Verifies that element ``locator`` contains exact the text ``expected``.</doc>
<arguments>
<arg>id=total_price</arg>
<arg>$18.51</arg>
</arguments>
<msg timestamp="20200706 19:56:23.574" level="INFO">Verifying element 'id=total_price' contains exact text '$18.51'.</msg>
<status status="PASS" starttime="20200706 19:56:23.574" endtime="20200706 19:56:23.593"></status>
</kw>
<status status="PASS" starttime="20200706 19:56:23.497" endtime="20200706 19:56:23.593"></status>
</kw>
<status status="PASS" starttime="20200706 19:56:17.996" endtime="20200706 19:56:23.593" critical="yes"></status>
</test>
<test id="s1-s3-t5" name="Cenário 05: Remover Produtos">
<kw name="Dado que estou na página home do site">
<kw name="Acessar página home do site" library="Resouce_Selenium">
<kw name="Go To" library="SeleniumLibrary">
<doc>Navigates the current browser window to the provided ``url``.</doc>
<arguments>
<arg>${URL}</arg>
</arguments>
<msg timestamp="20200706 19:56:23.594" level="INFO">Opening url 'http://automationpractice.com'</msg>
<status status="PASS" starttime="20200706 19:56:23.594" endtime="20200706 19:56:25.329"></status>
</kw>
<kw name="Title Should Be" library="SeleniumLibrary">
<doc>Verifies that the current page title equals ``title``.</doc>
<arguments>
<arg>My Store</arg>
</arguments>
<msg timestamp="20200706 19:56:25.348" level="INFO">Page title is 'My Store'.</msg>
<status status="PASS" starttime="20200706 19:56:25.329" endtime="20200706 19:56:25.348"></status>
</kw>
<status status="PASS" starttime="20200706 19:56:23.594" endtime="20200706 19:56:25.348"></status>
</kw>
<status status="PASS" starttime="20200706 19:56:23.594" endtime="20200706 19:56:25.349"></status>
</kw>
<kw name="Quando clicar no ícone carrinho de compras no menu superior direito" library="Resouce_Selenium">
<kw name="Wait Until Element Is Visible" library="SeleniumLibrary">
<doc>Waits until the element ``locator`` is visible.</doc>
<arguments>
<arg>class=shopping_cart</arg>
</arguments>
<status status="PASS" starttime="20200706 19:56:25.349" endtime="20200706 19:56:25.373"></status>
</kw>
<kw name="Click Link" library="SeleniumLibrary">
<doc>Clicks a link identified by ``locator``.</doc>
<arguments>
<arg>xpath=//*[@id="header"]/div[3]/div/div/div[3]/div/a</arg>
</arguments>
<msg timestamp="20200706 19:56:25.373" level="INFO">Clicking link 'xpath=//*[@id="header"]/div[3]/div/div/div[3]/div/a'.</msg>
<status status="PASS" starttime="20200706 19:56:25.373" endtime="20200706 19:56:26.062"></status>
</kw>
<status status="PASS" starttime="20200706 19:56:25.349" endtime="20200706 19:56:26.062"></status>
</kw>
<kw name="E ao clicar no botão de remoção de produtos (delete) no produto do carrinho" library="Resouce_Selenium">
<kw name="Wait Until Element Is Visible" library="SeleniumLibrary">
<doc>Waits until the element ``locator`` is visible.</doc>
<arguments>
<arg>id=cart_title</arg>
</arguments>
<status status="PASS" starttime="20200706 19:56:26.062" endtime="20200706 19:56:26.312"></status>
</kw>
<kw name="Click Link" library="SeleniumLibrary">
<doc>Clicks a link identified by ``locator``.</doc>
<arguments>
<arg>xpath=//*[@id="1_1_0_0"]</arg>
</arguments>
<msg timestamp="20200706 19:56:26.312" level="INFO">Clicking link 'xpath=//*[@id="1_1_0_0"]'.</msg>
<status status="PASS" starttime="20200706 19:56:26.312" endtime="20200706 19:56:27.416"></status>
</kw>
<status status="PASS" starttime="20200706 19:56:26.062" endtime="20200706 19:56:27.416"></status>
</kw>
<kw name="Então o sistema deve exibir a mensagem &quot;Your shopping cart is empty.&quot;" library="Resouce_Selenium">
<kw name="Wait Until Element Is Visible" library="SeleniumLibrary">
<doc>Waits until the element ``locator`` is visible.</doc>
<arguments>
<arg>xpath=//*[@id="center_column"]/p</arg>
</arguments>
<status status="PASS" starttime="20200706 19:56:27.419" endtime="20200706 19:56:27.683"></status>
</kw>
<kw name="Element Text Should Be" library="SeleniumLibrary">
<doc>Verifies that element ``locator`` contains exact the text ``expected``.</doc>
<arguments>
<arg>xpath=//*[@id="center_column"]/p</arg>
<arg>${MSG}</arg>
</arguments>
<msg timestamp="20200706 19:56:27.683" level="INFO">Verifying element 'xpath=//*[@id="center_column"]/p' contains exact text 'Your shopping cart is empty.'.</msg>
<status status="PASS" starttime="20200706 19:56:27.683" endtime="20200706 19:56:27.703"></status>
</kw>
<status status="PASS" starttime="20200706 19:56:27.417" endtime="20200706 19:56:27.704"></status>
</kw>
<status status="PASS" starttime="20200706 19:56:23.593" endtime="20200706 19:56:27.704" critical="yes"></status>
</test>
<test id="s1-s3-t6" name="Cenário 06: Adicionar Cliente">
<kw name="Dado que estou na página home do site">
<kw name="Acessar página home do site" library="Resouce_Selenium">
<kw name="Go To" library="SeleniumLibrary">
<doc>Navigates the current browser window to the provided ``url``.</doc>
<arguments>
<arg>${URL}</arg>
</arguments>
<msg timestamp="20200706 19:56:27.706" level="INFO">Opening url 'http://automationpractice.com'</msg>
<status status="PASS" starttime="20200706 19:56:27.706" endtime="20200706 19:56:29.487"></status>
</kw>
<kw name="Title Should Be" library="SeleniumLibrary">
<doc>Verifies that the current page title equals ``title``.</doc>
<arguments>
<arg>My Store</arg>
</arguments>
<msg timestamp="20200706 19:56:29.513" level="INFO">Page title is 'My Store'.</msg>
<status status="PASS" starttime="20200706 19:56:29.487" endtime="20200706 19:56:29.513"></status>
</kw>
<status status="PASS" starttime="20200706 19:56:27.706" endtime="20200706 19:56:29.514"></status>
</kw>
<status status="PASS" starttime="20200706 19:56:27.705" endtime="20200706 19:56:29.514"></status>
</kw>
<kw name="Quando clicar no botão superior direito “Sign in”" library="Resouce_Selenium">
<kw name="Click Element" library="SeleniumLibrary">
<doc>Click the element identified by ``locator``.</doc>
<arguments>
<arg>xpath=//*[@id="header"]/div[2]/div/div/nav/div[1]/a</arg>
</arguments>
<msg timestamp="20200706 19:56:29.517" level="INFO">Clicking element 'xpath=//*[@id="header"]/div[2]/div/div/nav/div[1]/a'.</msg>
<status status="PASS" starttime="20200706 19:56:29.516" endtime="20200706 19:56:30.596"></status>
</kw>
<status status="PASS" starttime="20200706 19:56:29.515" endtime="20200706 19:56:30.597"></status>
</kw>
<kw name="Email" library="FakerLibrary">
<assign>
<var>${EMAIL}</var>
</assign>
<msg timestamp="20200706 19:56:30.601" level="INFO">${EMAIL} = yreynolds@stevenson.com</msg>
<status status="PASS" starttime="20200706 19:56:30.598" endtime="20200706 19:56:30.601"></status>
</kw>
<kw name="Log To Console" library="BuiltIn">
<doc>Logs the given message to the console.</doc>
<arguments>
<arg>${EMAIL}</arg>
</arguments>
<status status="PASS" starttime="20200706 19:56:30.602" endtime="20200706 19:56:30.603"></status>
</kw>
<kw name="E inserir um email &quot;${EMAIL}&quot; válido" library="Resouce_Selenium">
<kw name="Wait Until Element Is Visible" library="SeleniumLibrary">
<doc>Waits until the element ``locator`` is visible.</doc>
<arguments>
<arg>id=email_create</arg>
</arguments>
<status status="PASS" starttime="20200706 19:56:30.605" endtime="20200706 19:56:31.275"></status>
</kw>
<kw name="Input Text" library="SeleniumLibrary">
<doc>Types the given ``text`` into the text field identified by ``locator``.</doc>
<arguments>
<arg>id=email_create</arg>
<arg>${EMAIL}</arg>
</arguments>
<msg timestamp="20200706 19:56:31.276" level="INFO">Typing text 'yreynolds@stevenson.com' into text field 'id=email_create'.</msg>
<status status="PASS" starttime="20200706 19:56:31.276" endtime="20200706 19:56:31.414"></status>
</kw>
<status status="PASS" starttime="20200706 19:56:30.604" endtime="20200706 19:56:31.414"></status>
</kw>
<kw name="E ao clicar no botão &quot;Create na account&quot;" library="Resouce_Selenium">
<kw name="Click Element" library="SeleniumLibrary">
<doc>Click the element identified by ``locator``.</doc>
<arguments>
<arg>id=SubmitCreate</arg>
</arguments>
<msg timestamp="20200706 19:56:31.415" level="INFO">Clicking element 'id=SubmitCreate'.</msg>
<status status="PASS" starttime="20200706 19:56:31.415" endtime="20200706 19:56:31.490"></status>
</kw>
<status status="PASS" starttime="20200706 19:56:31.414" endtime="20200706 19:56:31.490"></status>
</kw>
<kw name="Log" library="BuiltIn">
<doc>Logs the given message with the given level.</doc>
<arguments>
<arg>Nome: ${PESSOA.customer_firstname}</arg>
</arguments>
<msg timestamp="20200706 19:56:31.491" level="INFO">Nome: Fabiano</msg>
<status status="PASS" starttime="20200706 19:56:31.490" endtime="20200706 19:56:31.491"></status>
</kw>
<kw name="E preencher os campos obrigatórios &quot;${PESSOA}&quot;" library="Resouce_Selenium">
<kw name="Wait Until Element Is Visible" library="SeleniumLibrary">
<doc>Waits until the element ``locator`` is visible.</doc>
<arguments>
<arg>id=submitAccount</arg>
</arguments>
<status status="PASS" starttime="20200706 19:56:31.492" endtime="20200706 19:56:33.052"></status>
</kw>
<kw name="Input Text" library="SeleniumLibrary">
<doc>Types the given ``text`` into the text field identified by ``locator``.</doc>
<arguments>
<arg>id=customer_firstname</arg>
<arg>${PESSOA.customer_firstname}</arg>
</arguments>
<msg timestamp="20200706 19:56:33.053" level="INFO">Typing text 'Fabiano' into text field 'id=customer_firstname'.</msg>
<status status="PASS" starttime="20200706 19:56:33.052" endtime="20200706 19:56:33.182"></status>
</kw>
<kw name="Input Text" library="SeleniumLibrary">
<doc>Types the given ``text`` into the text field identified by ``locator``.</doc>
<arguments>
<arg>id=customer_lastname</arg>
<arg>${PESSOA.customer_lastname}</arg>
</arguments>
<msg timestamp="20200706 19:56:33.183" level="INFO">Typing text 'Teichmann' into text field 'id=customer_lastname'.</msg>
<status status="PASS" starttime="20200706 19:56:33.182" endtime="20200706 19:56:33.340"></status>
</kw>
<kw name="Input Text" library="SeleniumLibrary">
<doc>Types the given ``text`` into the text field identified by ``locator``.</doc>
<arguments>
<arg>id=passwd</arg>
<arg>${PESSOA.password}</arg>
</arguments>
<msg timestamp="20200706 19:56:33.341" level="INFO">Typing text '!3#d!@Gddwd12*dsfDD' into text field 'id=passwd'.</msg>
<status status="PASS" starttime="20200706 19:56:33.340" endtime="20200706 19:56:33.540"></status>
</kw>
<kw name="Input Text" library="SeleniumLibrary">
<doc>Types the given ``text`` into the text field identified by ``locator``.</doc>
<arguments>
<arg>id=address1</arg>
<arg>${PESSOA.address1}</arg>
</arguments>
<msg timestamp="20200706 19:56:33.540" level="INFO">Typing text 'Street Show, 20' into text field 'id=address1'.</msg>
<status status="PASS" starttime="20200706 19:56:33.540" endtime="20200706 19:56:33.824"></status>
</kw>
<kw name="Input Text" library="SeleniumLibrary">
<doc>Types the given ``text`` into the text field identified by ``locator``.</doc>
<arguments>
<arg>id=city</arg>
<arg>${PESSOA.city}</arg>
</arguments>
<msg timestamp="20200706 19:56:33.825" level="INFO">Typing text 'Soledade' into text field 'id=city'.</msg>
<status status="PASS" starttime="20200706 19:56:33.825" endtime="20200706 19:56:34.007"></status>
</kw>
<kw name="Input Text" library="SeleniumLibrary">
<doc>Types the given ``text`` into the text field identified by ``locator``.</doc>
<arguments>
<arg>id=postcode</arg>
<arg>${PESSOA.zip_code}</arg>
</arguments>
<msg timestamp="20200706 19:56:34.008" level="INFO">Typing text '99330' into text field 'id=postcode'.</msg>
<status status="PASS" starttime="20200706 19:56:34.007" endtime="20200706 19:56:34.183"></status>
</kw>
<kw name="Click Element" library="SeleniumLibrary">
<doc>Click the element identified by ``locator``.</doc>
<arguments>
<arg>xpath=//*[@id="id_state"]/option[2]</arg>
</arguments>
<msg timestamp="20200706 19:56:34.184" level="INFO">Clicking element 'xpath=//*[@id="id_state"]/option[2]'.</msg>
<status status="PASS" starttime="20200706 19:56:34.183" endtime="20200706 19:56:34.254"></status>
</kw>
<kw name="Input Text" library="SeleniumLibrary">
<doc>Types the given ``text`` into the text field identified by ``locator``.</doc>
<arguments>
<arg>id=phone_mobile</arg>
<arg>${PESSOA.phone_mobile}</arg>
</arguments>
<msg timestamp="20200706 19:56:34.255" level="INFO">Typing text '99999 9999 9999' into text field 'id=phone_mobile'.</msg>
<status status="PASS" starttime="20200706 19:56:34.254" endtime="20200706 19:56:34.478"></status>
</kw>
<kw name="Input Text" library="SeleniumLibrary">
<doc>Types the given ``text`` into the text field identified by ``locator``.</doc>
<arguments>
<arg>id=alias</arg>
<arg>Cs06</arg>
</arguments>
<msg timestamp="20200706 19:56:34.478" level="INFO">Typing text 'Cs06' into text field 'id=alias'.</msg>
<status status="PASS" starttime="20200706 19:56:34.478" endtime="20200706 19:56:34.647"></status>
</kw>
<kw name="Input Text" library="SeleniumLibrary">
<doc>Types the given ``text`` into the text field identified by ``locator``.</doc>
<arguments>
<arg>id=other</arg>
<arg>bla</arg>
</arguments>
<msg timestamp="20200706 19:56:34.647" level="INFO">Typing text 'bla' into text field 'id=other'.</msg>
<status status="PASS" starttime="20200706 19:56:34.647" endtime="20200706 19:56:34.788"></status>
</kw>
<status status="PASS" starttime="20200706 19:56:31.491" endtime="20200706 19:56:34.788"></status>
</kw>
<kw name="E clicar em &quot;Register&quot; para finalizar o cadastro" library="Resouce_Selenium">
<kw name="Click Element" library="SeleniumLibrary">
<doc>Click the element identified by ``locator``.</doc>
<arguments>
<arg>id=submitAccount</arg>
</arguments>
<msg timestamp="20200706 19:56:34.790" level="INFO">Clicking element 'id=submitAccount'.</msg>
<status status="PASS" starttime="20200706 19:56:34.790" endtime="20200706 19:56:37.569"></status>
</kw>
<status status="PASS" starttime="20200706 19:56:34.789" endtime="20200706 19:56:37.569"></status>
</kw>
<kw name="Então a página de gerenciamento da conta deve ser exibida" library="Resouce_Selenium">
<kw name="Element Text Should Be" library="SeleniumLibrary">
<doc>Verifies that element ``locator`` contains exact the text ``expected``.</doc>
<arguments>
<arg>class=page-heading</arg>
<arg>MY ACCOUNT</arg>
</arguments>
<msg timestamp="20200706 19:56:37.570" level="INFO">Verifying element 'class=page-heading' contains exact text 'MY ACCOUNT'.</msg>
<status status="PASS" starttime="20200706 19:56:37.570" endtime="20200706 19:56:37.597"></status>
</kw>
<kw name="Element Text Should Be" library="SeleniumLibrary">
<doc>Verifies that element ``locator`` contains exact the text ``expected``.</doc>
<arguments>
<arg>xpath=//*[@id="center_column"]/div/div[1]/ul/li[1]/a/span</arg>
<arg>ORDER HISTORY AND DETAILS</arg>
</arguments>
<msg timestamp="20200706 19:56:37.597" level="INFO">Verifying element 'xpath=//*[@id="center_column"]/div/div[1]/ul/li[1]/a/span' contains exact text 'ORDER HISTORY AND DETAILS'.</msg>
<status status="PASS" starttime="20200706 19:56:37.597" endtime="20200706 19:56:37.622"></status>
</kw>
<kw name="Element Text Should Be" library="SeleniumLibrary">
<doc>Verifies that element ``locator`` contains exact the text ``expected``.</doc>
<arguments>
<arg>xpath=//*[@id="center_column"]/div/div[1]/ul/li[4]/a/span</arg>
<arg>MY PERSONAL INFORMATION</arg>
</arguments>
<msg timestamp="20200706 19:56:37.623" level="INFO">Verifying element 'xpath=//*[@id="center_column"]/div/div[1]/ul/li[4]/a/span' contains exact text 'MY PERSONAL INFORMATION'.</msg>
<status status="PASS" starttime="20200706 19:56:37.622" endtime="20200706 19:56:37.644"></status>
</kw>
<status status="PASS" starttime="20200706 19:56:37.569" endtime="20200706 19:56:37.644"></status>
</kw>
<status status="PASS" starttime="20200706 19:56:27.704" endtime="20200706 19:56:37.644" critical="yes"></status>
</test>
<kw name="Fechar navegador" library="Resouce_Selenium" type="teardown">
<kw name="Close Browser" library="SeleniumLibrary">
<doc>Closes the current browser.</doc>
<status status="PASS" starttime="20200706 19:56:37.645" endtime="20200706 19:56:37.705"></status>
</kw>
<status status="PASS" starttime="20200706 19:56:37.645" endtime="20200706 19:56:37.705"></status>
</kw>
<doc>This is example test acceptance with use Selenium</doc>
<status status="PASS" starttime="20200706 19:56:07.612" endtime="20200706 19:56:37.705"></status>
</suite>
<suite id="s1-s4" name="Test Get Environment Variables" source="/home/fabiano/PycharmProjects/robot_frameword_guide/tests/test_get_environment_variables.robot">
<test id="s1-s4-t1" name="Scenary 01: Test get variable MongoDb">
<kw name="Test Mongo Variable">
<kw name="Should Not Be Empty" library="BuiltIn">
<doc>Verifies that the given item is not empty.</doc>
<arguments>
<arg>${MONGODB_URI}</arg>
</arguments>
<msg timestamp="20200706 19:56:37.716" level="INFO">Length is 37</msg>
<status status="PASS" starttime="20200706 19:56:37.716" endtime="20200706 19:56:37.716"></status>
</kw>
<status status="PASS" starttime="20200706 19:56:37.715" endtime="20200706 19:56:37.716"></status>
</kw>
<status status="PASS" starttime="20200706 19:56:37.715" endtime="20200706 19:56:37.716" critical="yes"></status>
</test>
<test id="s1-s4-t2" name="Scenary 02: Test get variables RabbitMQ">
<kw name="Test RabbitMQ Variables">
<kw name="Should Not Be Empty" library="BuiltIn">
<doc>Verifies that the given item is not empty.</doc>
<arguments>
<arg>${RBMQ_HOST}</arg>
</arguments>
<msg timestamp="20200706 19:56:37.718" level="INFO">Length is 35</msg>
<status status="PASS" starttime="20200706 19:56:37.718" endtime="20200706 19:56:37.718"></status>
</kw>
<kw name="Should Not Be Empty" library="BuiltIn">
<doc>Verifies that the given item is not empty.</doc>
<arguments>
<arg>${RBMQ_USER}</arg>
</arguments>
<msg timestamp="20200706 19:56:37.719" level="INFO">Length is 35</msg>
<status status="PASS" starttime="20200706 19:56:37.718" endtime="20200706 19:56:37.719"></status>
</kw>
<kw name="Should Not Be Empty" library="BuiltIn">
<doc>Verifies that the given item is not empty.</doc>
<arguments>
<arg>${RBMQ_PASS}</arg>
</arguments>
<msg timestamp="20200706 19:56:37.719" level="INFO">Length is 35</msg>
<status status="PASS" starttime="20200706 19:56:37.719" endtime="20200706 19:56:37.719"></status>
</kw>
<kw name="Should Not Be Empty" library="BuiltIn">
<doc>Verifies that the given item is not empty.</doc>
<arguments>
<arg>${RBMQ_PORT}</arg>
</arguments>
<msg timestamp="20200706 19:56:37.720" level="INFO">Length is 35</msg>
<status status="PASS" starttime="20200706 19:56:37.719" endtime="20200706 19:56:37.720"></status>
</kw>
<status status="PASS" starttime="20200706 19:56:37.717" endtime="20200706 19:56:37.720"></status>
</kw>
<status status="PASS" starttime="20200706 19:56:37.717" endtime="20200706 19:56:37.720" critical="yes"></status>
</test>
<doc>This test is example how you get variables with robot framework</doc>
<status status="PASS" starttime="20200706 19:56:37.710" endtime="20200706 19:56:37.721"></status>
</suite>
<suite id="s1-s5" name="TestCaseAPIBooks" source="/home/fabiano/PycharmProjects/robot_frameword_guide/tests/TestCaseAPIBooks.robot">
<kw name="Conectar API" library="ResourceAPI" type="setup">
<kw name="Create Session" library="RequestsLibrary">
<doc>Create Session: create a HTTP session to a server</doc>
<arguments>
<arg>fakeApi</arg>
<arg>${URL}</arg>
</arguments>
<msg timestamp="20200706 19:56:37.840" level="INFO">Creating Session using : alias=fakeApi, url=https://fakerestapi.azurewebsites.net/api/, headers={},                     cookies={}, auth=None, timeout=None, proxies=None, verify=False,                     debug=0 </msg>
<status status="PASS" starttime="20200706 19:56:37.840" endtime="20200706 19:56:37.840"></status>
</kw>
<kw name="Create Dictionary" library="BuiltIn">
<doc>Creates and returns a dictionary based on the given ``items``.</doc>
<arguments>
<arg>content-type=application/json</arg>
</arguments>
<assign>
<var>${HEADERS}</var>
</assign>
<msg timestamp="20200706 19:56:37.841" level="INFO">${HEADERS} = {'content-type': 'application/json'}</msg>
<status status="PASS" starttime="20200706 19:56:37.840" endtime="20200706 19:56:37.841"></status>
</kw>
<kw name="Set Suite Variable" library="BuiltIn">
<doc>Makes a variable available everywhere within the scope of the current suite.</doc>
<arguments>
<arg>${HEADERS}</arg>
</arguments>
<msg timestamp="20200706 19:56:37.841" level="INFO">${HEADERS} = {'content-type': 'application/json'}</msg>
<status status="PASS" starttime="20200706 19:56:37.841" endtime="20200706 19:56:37.841"></status>
</kw>
<status status="PASS" starttime="20200706 19:56:37.839" endtime="20200706 19:56:37.841"></status>
</kw>
<test id="s1-s5-t1" name="Buscar a listagem de todos os livros">
<kw name="Requisitar todos os livros" library="ResourceAPI">
<kw name="Get Request" library="RequestsLibrary">
<doc>Send a GET request on the session object found using the
given `alias`</doc>
<arguments>
<arg>fakeApi</arg>
<arg>Books</arg>
</arguments>
<assign>
<var>${RESPOSTA}</var>
</assign>
<msg timestamp="20200706 19:56:39.345" level="INFO">GET Request : url=https://fakerestapi.azurewebsites.net/api//Books 
 path_url=/api//Books 
 headers={'User-Agent': 'python-requests/2.22.0', 'Accept-Encoding': 'gzip, deflate', 'Accept': '*/*', 'Connection': 'keep-alive'} 
 body=None 
 </msg>
<msg timestamp="20200706 19:56:39.346" level="INFO">GET Response : url=https://fakerestapi.azurewebsites.net/api//Books 
 status=200, reason=OK 
 body=[{"ID":1,"Title":"Book 1","Description":"Lorem lorem lorem. Lorem lorem lorem. Lorem lorem lorem.\r\n","PageCount":100,"Excerpt":"Lorem lorem lorem. Lorem lorem lorem. Lorem lorem lorem.\r\nLorem lorem lorem. Lorem lorem lorem. Lorem lorem lorem.\r\nLorem lorem lorem. Lorem lorem lorem. Lorem lorem lorem.\r\nLorem lorem lorem. Lorem lorem lorem. Lorem lorem lorem.\r\nLorem lorem lorem. Lorem lorem lorem. Lorem lorem lorem.\r\n","PublishDate":"2020-07-05T22:56:39.1540741+00:00"},{"ID":2,"Title":"Book 2","Description":"Lorem lorem lorem. Lorem lorem lorem. Lorem lorem lorem.\r\n","PageCount":200,"Excerpt":"Lorem lorem lorem. Lorem lorem lorem. Lorem lorem lorem.\r\nLorem lorem lorem. Lorem lorem lorem. Lorem lorem lorem.\r\nLorem lorem lorem. Lorem lorem lorem. Lorem lorem lorem.\r\nLorem lorem lorem. Lorem lorem lorem. Lorem lorem lorem.\r\nLorem lorem lorem. Lorem lorem lorem. Lorem lorem lorem.\r\n","PublishDate":"2020-07-04T22:56:39.1540741+00:00"},{"ID":3,"Title":"Book 3","Description":"Lorem lorem lorem. Lorem lorem lorem. Lorem lorem lorem.\r\n","PageCount":300,"Excerpt":"Lorem lorem lorem. Lorem lorem lorem. Lorem lorem lorem.\r\nLorem lorem lorem. Lorem lorem lorem. Lorem lorem lorem.\r\nLorem lorem lorem. Lorem lorem lorem. Lorem lorem lorem.\r\nLorem lorem lorem. Lorem lorem lorem. Lorem lorem lorem.\r\nLorem lorem lorem. Lorem lorem lorem. Lorem lorem lorem.\r\n","PublishDate":"2020-07-03T22:56:39.1540741+00:00"},{"ID":4,"Title":"Book 4","Description":"Lorem lorem lorem. Lorem lorem lorem. Lorem lorem lorem.\r\n","PageCount":400,"Excerpt":"Lorem lorem lorem. Lorem lorem lorem. Lorem lorem lorem.\r\nLorem lorem lorem. Lorem lorem lorem. Lorem lorem lorem.\r\nLorem lorem lorem. Lorem lorem lorem. Lorem lorem lorem.\r\nLorem lorem lorem. Lorem lorem lorem. Lorem lorem lorem.\r\nLorem lorem lorem. Lorem lorem lorem. Lorem lorem lorem.\r\n","PublishDate":"2020-07-02T22:56:39.1540741+00:00"},{"ID":5,"Title":"Book 5","Description":"Lorem lorem lorem. Lorem lorem lorem. Lorem lorem lorem.\r\n","PageCount":500,"Excerpt":"Lorem lorem lorem. Lorem lorem lorem. Lorem lorem lorem.\r\nLorem lorem lorem. Lorem lorem lorem. Lorem lorem lorem.\r\nLorem lorem lorem. Lorem lorem lorem. Lorem lorem lorem.\r\nLorem lorem lorem. Lorem lorem lorem. Lorem lorem lorem.\r\nLorem lorem lorem. Lorem lorem lorem. Lorem lorem lorem.\r\n","PublishDate":"2020-07-01T22:56:39.1540741+00:00"},{"ID":6,"Title":"Book 6","Description":"Lorem lorem lorem. Lorem lorem lorem. Lorem lorem lorem.\r\n","PageCount":600,"Excerpt":"Lorem lorem lorem. Lorem lorem lorem. Lorem lorem lorem.\r\nLorem lorem lorem. Lorem lorem lorem. Lorem lorem lorem.\r\nLorem lorem lorem. Lorem lorem lorem. Lorem lorem lorem.\r\nLorem lorem lorem. Lorem lorem lorem. Lorem lorem lorem.\r\nLorem lorem lorem. Lorem lorem lorem. Lorem lorem lorem.\r\n","PublishDate":"2020-06-30T22:56:39.1540741+00:00"},{"ID":7,"Title":"Book 7","Description":"Lorem lorem lorem. Lorem lorem lorem. Lorem lorem lorem.\r\n","PageCount":700,"Excerpt":"Lorem lorem lorem. Lorem lorem lorem. Lorem lorem lorem.\r\nLorem lorem lorem. Lorem lorem lorem. Lorem lorem lorem.\r\nLorem lorem lorem. Lorem lorem lorem. Lorem lorem lorem.\r\nLorem lorem lorem. Lorem lorem lorem. Lorem lorem lorem.\r\nLorem lorem lorem. Lorem lorem lorem. Lorem lorem lorem.\r\n","PublishDate":"2020-06-29T22:56:39.1540741+00:00"},{"ID":8,"Title":"Book 8","Description":"Lorem lorem lorem. Lorem lorem lorem. Lorem lorem lorem.\r\n","PageCount":800,"Excerpt":"Lorem lorem lorem. Lorem lorem lorem. Lorem lorem lorem.\r\nLorem lorem lorem. Lorem lorem lorem. Lorem lorem lorem.\r\nLorem lorem lorem. Lorem lorem lorem. Lorem lorem lorem.\r\nLorem lorem lorem. Lorem lorem lorem. Lorem lorem lorem.\r\nLorem lorem lorem. Lorem lorem lorem. Lorem lorem lorem.\r\n","PublishDate":"2020-06-28T22:56:39.1540741+00:00"},{"ID":9,"Title":"Book 9","Description":"Lorem lorem lorem. Lorem lorem lorem. Lorem lorem lorem.\r\n","PageCount":900,"Excerpt":"Lorem lorem lorem. Lorem lorem lorem. Lorem lorem lorem.\r\nLorem lorem lorem. Lorem lorem lorem. Lorem lorem lorem.\r\nLorem lorem lorem. Lorem lorem lorem. Lorem lorem lorem.\r\nLorem lorem lorem. Lorem lorem lorem. Lorem lorem lorem.\r\nLorem lorem lorem. Lorem lorem lorem. Lorem lorem lorem.\r\n","PublishDate":"2020-06-27T22:56:39.1540741+00:00"},{"ID":10,"Title":"Book 10","Description":"Lorem lorem lorem. Lorem lorem lorem. Lorem lorem lorem.\r\n","PageCount":1000,"Excerpt":"Lorem lorem lorem. Lorem lorem lorem. Lorem lorem lorem.\r\nLorem lorem lorem. Lorem lorem lorem. Lorem lorem lorem.\r\nLorem lorem lorem. Lorem lorem lorem. Lorem lorem lorem.\r\nLorem lorem lorem. Lorem lorem lorem. Lorem lorem lorem.\r\nLorem lorem lorem. Lorem lorem lorem. Lorem lorem lorem.\r\n","PublishDate":"2020-06-26T22:56:39.1540741+00:00"},{"ID":11,"Title":"Book 11","Description":"Lorem lorem lorem. Lorem lorem lorem. Lorem lorem lorem.\r\n","PageCount":1100,"Excerpt":"Lorem lorem lorem. Lorem lorem lorem. Lorem lorem lorem.\r\nLorem lorem lorem. Lorem lorem lorem. Lorem lorem lorem.\r\nLorem lorem lorem. Lorem lorem lorem. Lorem lorem lorem.\r\nLorem lorem lorem. Lorem lorem lorem. Lorem lorem lorem.\r\nLorem lorem lorem. Lorem lorem lorem. Lorem lorem lorem.\r\n","PublishDate":"2020-06-25T22:56:39.1540741+00:00"},{"ID":12,"Title":"Book 12","Description":"Lorem lorem lorem. Lorem lorem lorem. Lorem lorem lorem.\r\n","PageCount":1200,"Excerpt":"Lorem lorem lorem. Lorem lorem lorem. Lorem lorem lorem.\r\nLorem lorem lorem. Lorem lorem lorem. Lorem lorem lorem.\r\nLorem lorem lorem. Lorem lorem lorem. Lorem lorem lorem.\r\nLorem lorem lorem. Lorem lorem lorem. Lorem lorem lorem.\r\nLorem lorem lorem. Lorem lorem lorem. Lorem lorem lorem.\r\n","PublishDate":"2020-06-24T22:56:39.1540741+00:00"},{"ID":13,"Title":"Book 13","Description":"Lorem lorem lorem. Lorem lorem lorem. Lorem lorem lorem.\r\n","PageCount":1300,"Excerpt":"Lorem lorem lorem. Lorem lorem lorem. Lorem lorem lorem.\r\nLorem lorem lorem. Lorem lorem lorem. Lorem lorem lorem.\r\nLorem lorem lorem. Lorem lorem lorem. Lorem lorem lorem.\r\nLorem lorem lorem. Lorem lorem lorem. Lorem lorem lorem.\r\nLorem lorem lorem. Lorem lorem lorem. Lorem lorem lorem.\r\n","PublishDate":"2020-06-23T22:56:39.1540741+00:00"},{"ID":14,"Title":"Book 14","Description":"Lorem lorem lorem. Lorem lorem lorem. Lorem lorem lorem.\r\n","PageCount":1400,"Excerpt":"Lorem lorem lorem. Lorem lorem lorem. Lorem lorem lorem.\r\nLorem lorem lorem. Lorem lorem lorem. Lorem lorem lorem.\r\nLorem lorem lorem. Lorem lorem lorem. Lorem lorem lorem.\r\nLorem lorem lorem. Lorem lorem lorem. Lorem lorem lorem.\r\nLorem lorem lorem. Lorem lorem lorem. Lorem lorem lorem.\r\n","PublishDate":"2020-06-22T22:56:39.1540741+00:00"},{"ID":15,"Title":"Book 15","Description":"Lorem lorem lorem. Lorem lorem lorem. Lorem lorem lorem.\r\n","PageCount":1500,"Excerpt":"Lorem lorem lorem. Lorem lorem lorem. Lorem lorem lorem.\r\nLorem lorem lorem. Lorem lorem lorem. Lorem lorem lorem.\r\nLorem lorem lorem. Lorem lorem lorem. Lorem lorem lorem.\r\nLorem lorem lorem. Lorem lorem lorem. Lorem lorem lorem.\r\nLorem lorem lorem. Lorem lorem lorem. Lorem lorem lorem.\r\n","PublishDate":"2020-06-21T22:56:39.1540741+00:00"},{"ID":16,"Title":"Book 16","Description":"Lorem lorem lorem. Lorem lorem lorem. Lorem lorem lorem.\r\n","PageCount":1600,"Excerpt":"Lorem lorem lorem. Lorem lorem lorem. Lorem lorem lorem.\r\nLorem lorem lorem. Lorem lorem lorem. Lorem lorem lorem.\r\nLorem lorem lorem. Lorem lorem lorem. Lorem lorem lorem.\r\nLorem lorem lorem. Lorem lorem lorem. Lorem lorem lorem.\r\nLorem lorem lorem. Lorem lorem lorem. Lorem lorem lorem.\r\n","PublishDate":"2020-06-20T22:56:39.1540741+00:00"},{"ID":17,"Title":"Book 17","Description":"Lorem lorem lorem. Lorem lorem lorem. Lorem lorem lorem.\r\n","PageCount":1700,"Excerpt":"Lorem lorem lorem. Lorem lorem lorem. Lorem lorem lorem.\r\nLorem lorem lorem. Lorem lorem lorem. Lorem lorem lorem.\r\nLorem lorem lorem. Lorem lorem lorem. Lorem lorem lorem.\r\nLorem lorem lorem. Lorem lorem lorem. Lorem lorem lorem.\r\nLorem lorem lorem. Lorem lorem lorem. Lorem lorem lorem.\r\n","PublishDate":"2020-06-19T22:56:39.1540741+00:00"},{"ID":18,"Title":"Book 18","Description":"Lorem lorem lorem. Lorem lorem lorem. Lorem lorem lorem.\r\n","PageCount":1800,"Excerpt":"Lorem lorem lorem. Lorem lorem lorem. Lorem lorem lorem.\r\nLorem lorem lorem. Lorem lorem lorem. Lorem lorem lorem.\r\nLorem lorem lorem. Lorem lorem lorem. Lorem lorem lorem.\r\nLorem lorem lorem. Lorem lorem lorem. Lorem lorem lorem.\r\nLorem lorem lorem. Lorem lorem lorem. Lorem lorem lorem.\r\n","PublishDate":"2020-06-18T22:56:39.1540741+00:00"},{"ID":19,"Title":"Book 19","Description":"Lorem lorem lorem. Lorem lorem lorem. Lorem lorem lorem.\r\n","PageCount":1900,"Excerpt":"Lorem lorem lorem. Lorem lorem lorem. Lorem lorem lorem.\r\nLorem lorem lorem. Lorem lorem lorem. Lorem lorem lorem.\r\nLorem lorem lorem. Lorem lorem lorem. Lorem lorem lorem.\r\nLorem lorem lorem. Lorem lorem lorem. Lorem lorem lorem.\r\nLorem lorem lorem. Lorem lorem lorem. Lorem lorem lorem.\r\n","PublishDate":"2020-06-17T22:56:39.1540741+00:00"},{"ID":20,"Title":"Book 20","Description":"Lorem lorem lorem. Lorem lorem lorem. Lorem lorem lorem.\r\n","PageCount":2000,"Excerpt":"Lorem lorem lorem. Lorem lorem lorem. Lorem lorem lorem.\r\nLorem lorem lorem. Lorem lorem lorem. Lorem lorem lorem.\r\nLorem lorem lorem. Lorem lorem lorem. Lorem lorem lorem.\r\nLorem lorem lorem. Lorem lorem lorem. Lorem lorem lorem.\r\nLorem lorem lorem. Lorem lorem lorem. Lorem lorem lorem.\r\n","PublishDate":"2020-06-16T22:56:39.1540741+00:00"},{"ID":21,"Title":"Book 21","Description":"Lorem lorem lorem. Lorem lorem lorem. Lorem lorem lorem.\r\n","PageCount":2100,"Excerpt":"Lorem lorem lorem. Lorem lorem lorem. Lorem lorem lorem.\r\nLorem lorem lorem. Lorem lorem lorem. Lorem lorem lorem.\r\nLorem lorem lorem. Lorem lorem lorem. Lorem lorem lorem.\r\nLorem lorem lo... (set the log level to DEBUG or TRACE to see the full content) 
 </msg>
<msg timestamp="20200706 19:56:39.347" level="INFO">/home/fabiano/anaconda3/lib/python3.7/site-packages/urllib3/connectionpool.py:1004: InsecureRequestWarning: Unverified HTTPS request is being made to host 'fakerestapi.azurewebsites.net'. Adding certificate verification is strongly advised. See: https://urllib3.readthedocs.io/en/latest/advanced-usage.html#ssl-warnings
  InsecureRequestWarning,</msg>
<msg timestamp="20200706 19:56:39.348" level="INFO">${RESPOSTA} = &lt;Response [200]&gt;</msg>
<status status="PASS" starttime="20200706 19:56:37.843" endtime="20200706 19:56:39.348"></status>
</kw>
<kw name="Log" library="BuiltIn">
<doc>Logs the given message with the given level.</doc>
<arguments>
<arg>${RESPOSTA.text}</arg>
</arguments>
<msg timestamp="20200706 19:56:39.350" level="INFO">[{"ID":1,"Title":"Book 1","Description":"Lorem lorem lorem. Lorem lorem lorem. Lorem lorem lorem.\r\n","PageCount":100,"Excerpt":"Lorem lorem lorem. Lorem lorem lorem. Lorem lorem lorem.\r\nLorem lorem lorem. Lorem lorem lorem. Lorem lorem lorem.\r\nLorem lorem lorem. Lorem lorem lorem. Lorem lorem lorem.\r\nLorem lorem lorem. Lorem lorem lorem. Lorem lorem lorem.\r\nLorem lorem lorem. Lorem lorem lorem. Lorem lorem lorem.\r\n","PublishDate":"2020-07-05T22:56:39.1540741+00:00"},{"ID":2,"Title":"Book 2","Description":"Lorem lorem lorem. Lorem lorem lorem. Lorem lorem lorem.\r\n","PageCount":200,"Excerpt":"Lorem lorem lorem. Lorem lorem lorem. Lorem lorem lorem.\r\nLorem lorem lorem. Lorem lorem lorem. Lorem lorem lorem.\r\nLorem lorem lorem. Lorem lorem lorem. Lorem lorem lorem.\r\nLorem lorem lorem. Lorem lorem lorem. Lorem lorem lorem.\r\nLorem lorem lorem. Lorem lorem lorem. Lorem lorem lorem.\r\n","PublishDate":"2020-07-04T22:56:39.1540741+00:00"},{"ID":3,"Title":"Book 3","Description":"Lorem lorem lorem. Lorem lorem lorem. Lorem lorem lorem.\r\n","PageCount":300,"Excerpt":"Lorem lorem lorem. Lorem lorem lorem. Lorem lorem lorem.\r\nLorem lorem lorem. Lorem lorem lorem. Lorem lorem lorem.\r\nLorem lorem lorem. Lorem lorem lorem. Lorem lorem lorem.\r\nLorem lorem lorem. Lorem lorem lorem. Lorem lorem lorem.\r\nLorem lorem lorem. Lorem lorem lorem. Lorem lorem lorem.\r\n","PublishDate":"2020-07-03T22:56:39.1540741+00:00"},{"ID":4,"Title":"Book 4","Description":"Lorem lorem lorem. Lorem lorem lorem. Lorem lorem lorem.\r\n","PageCount":400,"Excerpt":"Lorem lorem lorem. Lorem lorem lorem. Lorem lorem lorem.\r\nLorem lorem lorem. Lorem lorem lorem. Lorem lorem lorem.\r\nLorem lorem lorem. Lorem lorem lorem. Lorem lorem lorem.\r\nLorem lorem lorem. Lorem lorem lorem. Lorem lorem lorem.\r\nLorem lorem lorem. Lorem lorem lorem. Lorem lorem lorem.\r\n","PublishDate":"2020-07-02T22:56:39.1540741+00:00"},{"ID":5,"Title":"Book 5","Description":"Lorem lorem lorem. Lorem lorem lorem. Lorem lorem lorem.\r\n","PageCount":500,"Excerpt":"Lorem lorem lorem. Lorem lorem lorem. Lorem lorem lorem.\r\nLorem lorem lorem. Lorem lorem lorem. Lorem lorem lorem.\r\nLorem lorem lorem. Lorem lorem lorem. Lorem lorem lorem.\r\nLorem lorem lorem. Lorem lorem lorem. Lorem lorem lorem.\r\nLorem lorem lorem. Lorem lorem lorem. Lorem lorem lorem.\r\n","PublishDate":"2020-07-01T22:56:39.1540741+00:00"},{"ID":6,"Title":"Book 6","Description":"Lorem lorem lorem. Lorem lorem lorem. Lorem lorem lorem.\r\n","PageCount":600,"Excerpt":"Lorem lorem lorem. Lorem lorem lorem. Lorem lorem lorem.\r\nLorem lorem lorem. Lorem lorem lorem. Lorem lorem lorem.\r\nLorem lorem lorem. Lorem lorem lorem. Lorem lorem lorem.\r\nLorem lorem lorem. Lorem lorem lorem. Lorem lorem lorem.\r\nLorem lorem lorem. Lorem lorem lorem. Lorem lorem lorem.\r\n","PublishDate":"2020-06-30T22:56:39.1540741+00:00"},{"ID":7,"Title":"Book 7","Description":"Lorem lorem lorem. Lorem lorem lorem. Lorem lorem lorem.\r\n","PageCount":700,"Excerpt":"Lorem lorem lorem. Lorem lorem lorem. Lorem lorem lorem.\r\nLorem lorem lorem. Lorem lorem lorem. Lorem lorem lorem.\r\nLorem lorem lorem. Lorem lorem lorem. Lorem lorem lorem.\r\nLorem lorem lorem. Lorem lorem lorem. Lorem lorem lorem.\r\nLorem lorem lorem. Lorem lorem lorem. Lorem lorem lorem.\r\n","PublishDate":"2020-06-29T22:56:39.1540741+00:00"},{"ID":8,"Title":"Book 8","Description":"Lorem lorem lorem. Lorem lorem lorem. Lorem lorem lorem.\r\n","PageCount":800,"Excerpt":"Lorem lorem lorem. Lorem lorem lorem. Lorem lorem lorem.\r\nLorem lorem lorem. Lorem lorem lorem. Lorem lorem lorem.\r\nLorem lorem lorem. Lorem lorem lorem. Lorem lorem lorem.\r\nLorem lorem lorem. Lorem lorem lorem. Lorem lorem lorem.\r\nLorem lorem lorem. Lorem lorem lorem. Lorem lorem lorem.\r\n","PublishDa
[...]
<doc>An item of ``key`` / ``value`` must be found in a ``dictionary``.</doc>
<arguments>
<arg>${RESPOSTA.json()}</arg>
<arg>Title</arg>
<arg>${BOOK_1.Title}</arg>
</arguments>
<status status="PASS" starttime="20200706 19:56:39.684" endtime="20200706 19:56:39.685"></status>
</kw>
<kw name="Dictionary Should Contain Item" library="Collections">
<doc>An item of ``key`` / ``value`` must be found in a ``dictionary``.</doc>
<arguments>
<arg>${RESPOSTA.json()}</arg>
<arg>Description</arg>
<arg>${BOOK_1.Description}</arg>
</arguments>
<status status="PASS" starttime="20200706 19:56:39.685" endtime="20200706 19:56:39.686"></status>
</kw>
<kw name="Dictionary Should Contain Item" library="Collections">
<doc>An item of ``key`` / ``value`` must be found in a ``dictionary``.</doc>
<arguments>
<arg>${RESPOSTA.json()}</arg>
<arg>PageCount</arg>
<arg>${BOOK_1.PageCount}</arg>
</arguments>
<status status="PASS" starttime="20200706 19:56:39.686" endtime="20200706 19:56:39.687"></status>
</kw>
<kw name="Dictionary Should Contain Item" library="Collections">
<doc>An item of ``key`` / ``value`` must be found in a ``dictionary``.</doc>
<arguments>
<arg>${RESPOSTA.json()}</arg>
<arg>Excerpt</arg>
<arg>${BOOK_1.Excerpt}</arg>
</arguments>
<status status="PASS" starttime="20200706 19:56:39.687" endtime="20200706 19:56:39.688"></status>
</kw>
<kw name="Should Not Be Empty" library="BuiltIn">
<doc>Verifies that the given item is not empty.</doc>
<arguments>
<arg>${RESPOSTA.json()["PublishDate"]}</arg>
</arguments>
<msg timestamp="20200706 19:56:39.689" level="INFO">Length is 33</msg>
<status status="PASS" starttime="20200706 19:56:39.688" endtime="20200706 19:56:39.689"></status>
</kw>
<status status="PASS" starttime="20200706 19:56:39.682" endtime="20200706 19:56:39.689"></status>
</kw>
<status status="PASS" starttime="20200706 19:56:39.374" endtime="20200706 19:56:39.689" critical="yes"></status>
</test>
<test id="s1-s5-t3" name="Cadastrar um novo livro (POST)">
<kw name="Cadastrar um novo livro" library="ResourceAPI">
<kw name="Post Request" library="RequestsLibrary">
<doc>Send a POST request on the session object found using the
given `alias`</doc>
<arguments>
<arg>fakeAPI</arg>
<arg>Books</arg>
<arg>data={"ID": 1000, "Title": "Test Robot", "Description": "Test Robot API","PageCount": 0, "Excerpt": "Test Robot", "PublishDate": "2020-03-21T19:17:33.917Z"}</arg>
<arg>headers=${HEADERS}</arg>
</arguments>
<assign>
<var>${RESPOSTA}</var>
</assign>
<msg timestamp="20200706 19:56:39.976" level="INFO">POST Request : url=https://fakerestapi.azurewebsites.net/api//Books 
 path_url=/api//Books 
 headers={'User-Agent': 'python-requests/2.22.0', 'Accept-Encoding': 'gzip, deflate', 'Accept': '*/*', 'Connection': 'keep-alive', 'content-type': 'application/json', 'Cookie': 'ARRAffinity=0c57565e95c5a6d9f9ae838a34eae7725f57318d3084e24c434afd3c26b8c4c1', 'Content-Length': '151'} 
 body=b'{"ID": 1000, "Title": "Test Robot", "Description": "Test Robot API","PageCount": 0, "Excerpt": "Test Robot", "PublishDate": "2020-03-21T19:17:33.917Z"}' 
 </msg>
<msg timestamp="20200706 19:56:39.977" level="INFO">POST Response : url=https://fakerestapi.azurewebsites.net/api//Books 
 status=200, reason=OK 
 body={"ID":1000,"Title":"Test Robot","Description":"Test Robot API","PageCount":0,"Excerpt":"Test Robot","PublishDate":"2020-03-21T19:17:33.917Z"} 
 </msg>
<msg timestamp="20200706 19:56:39.977" level="INFO">/home/fabiano/anaconda3/lib/python3.7/site-packages/urllib3/connectionpool.py:1004: InsecureRequestWarning: Unverified HTTPS request is being made to host 'fakerestapi.azurewebsites.net'. Adding certificate verification is strongly advised. See: https://urllib3.readthedocs.io/en/latest/advanced-usage.html#ssl-warnings
  InsecureRequestWarning,</msg>
<msg timestamp="20200706 19:56:39.978" level="INFO">${RESPOSTA} = &lt;Response [200]&gt;</msg>
<status status="PASS" starttime="20200706 19:56:39.691" endtime="20200706 19:56:39.978"></status>
</kw>
<kw name="Log" library="BuiltIn">
<doc>Logs the given message with the given level.</doc>
<arguments>
<arg>${RESPOSTA.text}</arg>
</arguments>
<msg timestamp="20200706 19:56:39.980" level="INFO">{"ID":1000,"Title":"Test Robot","Description":"Test Robot API","PageCount":0,"Excerpt":"Test Robot","PublishDate":"2020-03-21T19:17:33.917Z"}</msg>
<status status="PASS" starttime="20200706 19:56:39.978" endtime="20200706 19:56:39.980"></status>
</kw>
<kw name="Set Test Variable" library="BuiltIn">
<doc>Makes a variable available everywhere within the scope of the current test.</doc>
<arguments>
<arg>${RESPOSTA}</arg>
</arguments>
<msg timestamp="20200706 19:56:39.983" level="INFO">${RESPOSTA} = &lt;Response [200]&gt;</msg>
<status status="PASS" starttime="20200706 19:56:39.981" endtime="20200706 19:56:39.983"></status>
</kw>
<status status="PASS" starttime="20200706 19:56:39.690" endtime="20200706 19:56:39.984"></status>
</kw>
<kw name="Conferir o status code" library="ResourceAPI">
<arguments>
<arg>200</arg>
</arguments>
<kw name="Should Be Equal As Strings" library="BuiltIn">
<doc>Fails if objects are unequal after converting them to strings.</doc>
<arguments>
<arg>${RESPOSTA.status_code}</arg>
<arg>${STATUSCODE_DESEJADO}</arg>
</arguments>
<msg timestamp="20200706 19:56:39.988" level="INFO">Argument types are:
&lt;class 'int'&gt;
&lt;type 'unicode'&gt;</msg>
<status status="PASS" starttime="20200706 19:56:39.986" endtime="20200706 19:56:39.988"></status>
</kw>
<status status="PASS" starttime="20200706 19:56:39.984" endtime="20200706 19:56:39.989"></status>
</kw>
<kw name="Conferir o reason" library="ResourceAPI">
<arguments>
<arg>OK</arg>
</arguments>
<kw name="Should Be Equal As Strings" library="BuiltIn">
<doc>Fails if objects are unequal after converting them to strings.</doc>
<arguments>
<arg>${RESPOSTA.reason}</arg>
<arg>${REASON_DESEJADO}</arg>
</arguments>
<status status="PASS" starttime="20200706 19:56:39.991" endtime="20200706 19:56:39.992"></status>
</kw>
<status status="PASS" starttime="20200706 19:56:39.989" endtime="20200706 19:56:39.993"></status>
</kw>
<kw name="Conferir se cadastrou o livro" library="ResourceAPI">
<kw name="Dictionary Should Contain Item" library="Collections">
<doc>An item of ``key`` / ``value`` must be found in a ``dictionary``.</doc>
<arguments>
<arg>${RESPOSTA.json()}</arg>
<arg>ID</arg>
<arg>${NEW_BOOK.ID}</arg>
</arguments>
<status status="PASS" starttime="20200706 19:56:39.995" endtime="20200706 19:56:39.997"></status>
</kw>
<kw name="Dictionary Should Contain Item" library="Collections">
<doc>An item of ``key`` / ``value`` must be found in a ``dictionary``.</doc>
<arguments>
<arg>${RESPOSTA.json()}</arg>
<arg>Title</arg>
<arg>${NEW_BOOK.Title}</arg>
</arguments>
<status status="PASS" starttime="20200706 19:56:39.997" endtime="20200706 19:56:39.999"></status>
</kw>
<kw name="Dictionary Should Contain Item" library="Collections">
<doc>An item of ``key`` / ``value`` must be found in a ``dictionary``.</doc>
<arguments>
<arg>${RESPOSTA.json()}</arg>
<arg>Description</arg>
<arg>${NEW_BOOK.Description}</arg>
</arguments>
<status status="PASS" starttime="20200706 19:56:39.999" endtime="20200706 19:56:40.001"></status>
</kw>
<kw name="Dictionary Should Contain Item" library="Collections">
<doc>An item of ``key`` / ``value`` must be found in a ``dictionary``.</doc>
<arguments>
<arg>${RESPOSTA.json()}</arg>
<arg>PageCount</arg>
<arg>${NEW_BOOK.PageCount}</arg>
</arguments>
<status status="PASS" starttime="20200706 19:56:40.001" endtime="20200706 19:56:40.003"></status>
</kw>
<kw name="Dictionary Should Contain Item" library="Collections">
<doc>An item of ``key`` / ``value`` must be found in a ``dictionary``.</doc>
<arguments>
<arg>${RESPOSTA.json()}</arg>
<arg>Excerpt</arg>
<arg>${NEW_BOOK.Excerpt}</arg>
</arguments>
<status status="PASS" starttime="20200706 19:56:40.003" endtime="20200706 19:56:40.004"></status>
</kw>
<kw name="Should Not Be Empty" library="BuiltIn">
<doc>Verifies that the given item is not empty.</doc>
<arguments>
<arg>${RESPOSTA.json()["PublishDate"]}</arg>
</arguments>
<msg timestamp="20200706 19:56:40.005" level="INFO">Length is 24</msg>
<status status="PASS" starttime="20200706 19:56:40.004" endtime="20200706 19:56:40.005"></status>
</kw>
<status status="PASS" starttime="20200706 19:56:39.993" endtime="20200706 19:56:40.005"></status>
</kw>
<status status="PASS" starttime="20200706 19:56:39.690" endtime="20200706 19:56:40.005" critical="yes"></status>
</test>
<test id="s1-s5-t4" name="Excluir um Livro">
<kw name="Deletar o livro &quot;1&quot;" library="ResourceAPI">
<kw name="Delete Request" library="RequestsLibrary">
<doc>Send a DELETE request on the session object found using the
given `alias`</doc>
<arguments>
<arg>fakeApi</arg>
<arg>Books/${ID}</arg>
</arguments>
<assign>
<var>${RESPOSTA}</var>
</assign>
<msg timestamp="20200706 19:56:40.282" level="INFO">DELETE Request : url=https://fakerestapi.azurewebsites.net/api//Books/1 
 path_url=/api//Books/1 
 headers={'User-Agent': 'python-requests/2.22.0', 'Accept-Encoding': 'gzip, deflate', 'Accept': '*/*', 'Connection': 'keep-alive', 'Cookie': 'ARRAffinity=0c57565e95c5a6d9f9ae838a34eae7725f57318d3084e24c434afd3c26b8c4c1', 'Content-Length': '0'} 
 body=None 
 </msg>
<msg timestamp="20200706 19:56:40.283" level="INFO">DELETE Response : url=https://fakerestapi.azurewebsites.net/api//Books/1 
 status=200, reason=OK 
 body=None 
 </msg>
<msg timestamp="20200706 19:56:40.283" level="INFO">/home/fabiano/anaconda3/lib/python3.7/site-packages/urllib3/connectionpool.py:1004: InsecureRequestWarning: Unverified HTTPS request is being made to host 'fakerestapi.azurewebsites.net'. Adding certificate verification is strongly advised. See: https://urllib3.readthedocs.io/en/latest/advanced-usage.html#ssl-warnings
  InsecureRequestWarning,</msg>
<msg timestamp="20200706 19:56:40.284" level="INFO">${RESPOSTA} = &lt;Response [200]&gt;</msg>
<status status="PASS" starttime="20200706 19:56:40.007" endtime="20200706 19:56:40.284"></status>
</kw>
<kw name="Log" library="BuiltIn">
<doc>Logs the given message with the given level.</doc>
<arguments>
<arg>${RESPOSTA.text}</arg>
</arguments>
<msg timestamp="20200706 19:56:40.286" level="INFO"></msg>
<status status="PASS" starttime="20200706 19:56:40.284" endtime="20200706 19:56:40.287"></status>
</kw>
<kw name="Set Test Variable" library="BuiltIn">
<doc>Makes a variable available everywhere within the scope of the current test.</doc>
<arguments>
<arg>${RESPOSTA}</arg>
</arguments>
<msg timestamp="20200706 19:56:40.289" level="INFO">${RESPOSTA} = &lt;Response [200]&gt;</msg>
<status status="PASS" starttime="20200706 19:56:40.287" endtime="20200706 19:56:40.290"></status>
</kw>
<status status="PASS" starttime="20200706 19:56:40.007" endtime="20200706 19:56:40.290"></status>
</kw>
<kw name="Conferir o status code" library="ResourceAPI">
<arguments>
<arg>200</arg>
</arguments>
<kw name="Should Be Equal As Strings" library="BuiltIn">
<doc>Fails if objects are unequal after converting them to strings.</doc>
<arguments>
<arg>${RESPOSTA.status_code}</arg>
<arg>${STATUSCODE_DESEJADO}</arg>
</arguments>
<msg timestamp="20200706 19:56:40.295" level="INFO">Argument types are:
&lt;class 'int'&gt;
&lt;type 'unicode'&gt;</msg>
<status status="PASS" starttime="20200706 19:56:40.293" endtime="20200706 19:56:40.296"></status>
</kw>
<status status="PASS" starttime="20200706 19:56:40.291" endtime="20200706 19:56:40.297"></status>
</kw>
<kw name="Confere se a resposta e vazia" library="ResourceAPI">
<kw name="Should Be Empty" library="BuiltIn">
<doc>Verifies that the given item is empty.</doc>
<arguments>
<arg>${RESPOSTA.content}</arg>
</arguments>
<msg timestamp="20200706 19:56:40.301" level="INFO">Length is 0</msg>
<status status="PASS" starttime="20200706 19:56:40.299" endtime="20200706 19:56:40.301"></status>
</kw>
<status status="PASS" starttime="20200706 19:56:40.297" endtime="20200706 19:56:40.302"></status>
</kw>
<status status="PASS" starttime="20200706 19:56:40.006" endtime="20200706 19:56:40.303" critical="yes"></status>
</test>
<test id="s1-s5-t5" name="Atualizar Livro">
<kw name="Atualizaro o livro &quot;1&quot;" library="ResourceAPI">
<kw name="Put Request" library="RequestsLibrary">
<doc>Send a PUT request on the session object found using the
given `alias`</doc>
<arguments>
<arg>fakeApi</arg>
<arg>Books/${ID}</arg>
<arg>data={"ID": 1000, "Title": "Test Robot", "Description": "Test Robot API","PageCount": 0, "Excerpt": "Test Robot", "PublishDate": "2020-03-21T19:17:33.917Z"}</arg>
<arg>headers=${HEADERS}</arg>
</arguments>
<assign>
<var>${RESPOSTA}</var>
</assign>
<msg timestamp="20200706 19:56:40.588" level="INFO">PUT Request : url=https://fakerestapi.azurewebsites.net/api//Books/1 
 path_url=/api//Books/1 
 headers={'User-Agent': 'python-requests/2.22.0', 'Accept-Encoding': 'gzip, deflate', 'Accept': '*/*', 'Connection': 'keep-alive', 'content-type': 'application/json', 'Cookie': 'ARRAffinity=0c57565e95c5a6d9f9ae838a34eae7725f57318d3084e24c434afd3c26b8c4c1', 'Content-Length': '151'} 
 body=b'{"ID": 1000, "Title": "Test Robot", "Description": "Test Robot API","PageCount": 0, "Excerpt": "Test Robot", "PublishDate": "2020-03-21T19:17:33.917Z"}' 
 </msg>
<msg timestamp="20200706 19:56:40.588" level="INFO">PUT Response : url=https://fakerestapi.azurewebsites.net/api//Books/1 
 status=200, reason=OK 
 body={"ID":1000,"Title":"Test Robot","Description":"Test Robot API","PageCount":0,"Excerpt":"Test Robot","PublishDate":"2020-03-21T19:17:33.917Z"} 
 </msg>
<msg timestamp="20200706 19:56:40.588" level="INFO">/home/fabiano/anaconda3/lib/python3.7/site-packages/urllib3/connectionpool.py:1004: InsecureRequestWarning: Unverified HTTPS request is being made to host 'fakerestapi.azurewebsites.net'. Adding certificate verification is strongly advised. See: https://urllib3.readthedocs.io/en/latest/advanced-usage.html#ssl-warnings
  InsecureRequestWarning,</msg>
<msg timestamp="20200706 19:56:40.589" level="INFO">${RESPOSTA} = &lt;Response [200]&gt;</msg>
<status status="PASS" starttime="20200706 19:56:40.307" endtime="20200706 19:56:40.589"></status>
</kw>
<kw name="Log" library="BuiltIn">
<doc>Logs the given message with the given level.</doc>
<arguments>
<arg>${RESPOSTA.text}</arg>
</arguments>
<msg timestamp="20200706 19:56:40.589" level="INFO">{"ID":1000,"Title":"Test Robot","Description":"Test Robot API","PageCount":0,"Excerpt":"Test Robot","PublishDate":"2020-03-21T19:17:33.917Z"}</msg>
<status status="PASS" starttime="20200706 19:56:40.589" endtime="20200706 19:56:40.589"></status>
</kw>
<kw name="Set Test Variable" library="BuiltIn">
<doc>Makes a variable available everywhere within the scope of the current test.</doc>
<arguments>
<arg>${RESPOSTA}</arg>
</arguments>
<msg timestamp="20200706 19:56:40.590" level="INFO">${RESPOSTA} = &lt;Response [200]&gt;</msg>
<status status="PASS" starttime="20200706 19:56:40.589" endtime="20200706 19:56:40.590"></status>
</kw>
<status status="PASS" starttime="20200706 19:56:40.305" endtime="20200706 19:56:40.590"></status>
</kw>
<kw name="Conferir o status code" library="ResourceAPI">
<arguments>
<arg>200</arg>
</arguments>
<kw name="Should Be Equal As Strings" library="BuiltIn">
<doc>Fails if objects are unequal after converting them to strings.</doc>
<arguments>
<arg>${RESPOSTA.status_code}</arg>
<arg>${STATUSCODE_DESEJADO}</arg>
</arguments>
<msg timestamp="20200706 19:56:40.590" level="INFO">Argument types are:
&lt;class 'int'&gt;
&lt;type 'unicode'&gt;</msg>
<status status="PASS" starttime="20200706 19:56:40.590" endtime="20200706 19:56:40.591"></status>
</kw>
<status status="PASS" starttime="20200706 19:56:40.590" endtime="20200706 19:56:40.591"></status>
</kw>
<kw name="Conferir o reason" library="ResourceAPI">
<arguments>
<arg>OK</arg>
</arguments>
<kw name="Should Be Equal As Strings" library="BuiltIn">
<doc>Fails if objects are unequal after converting them to strings.</doc>
<arguments>
<arg>${RESPOSTA.reason}</arg>
<arg>${REASON_DESEJADO}</arg>
</arguments>
<status status="PASS" starttime="20200706 19:56:40.591" endtime="20200706 19:56:40.591"></status>
</kw>
<status status="PASS" starttime="20200706 19:56:40.591" endtime="20200706 19:56:40.592"></status>
</kw>
<kw name="Conferir se atualizou o livro">
<kw name="Conferir se cadastrou o livro" library="ResourceAPI">
<kw name="Dictionary Should Contain Item" library="Collections">
<doc>An item of ``key`` / ``value`` must be found in a ``dictionary``.</doc>
<arguments>
<arg>${RESPOSTA.json()}</arg>
<arg>ID</arg>
<arg>${NEW_BOOK.ID}</arg>
</arguments>
<status status="PASS" starttime="20200706 19:56:40.592" endtime="20200706 19:56:40.592"></status>
</kw>
<kw name="Dictionary Should Contain Item" library="Collections">
<doc>An item of ``key`` / ``value`` must be found in a ``dictionary``.</doc>
<arguments>
<arg>${RESPOSTA.json()}</arg>
<arg>Title</arg>
<arg>${NEW_BOOK.Title}</arg>
</arguments>
<status status="PASS" starttime="20200706 19:56:40.592" endtime="20200706 19:56:40.593"></status>
</kw>
<kw name="Dictionary Should Contain Item" library="Collections">
<doc>An item of ``key`` / ``value`` must be found in a ``dictionary``.</doc>
<arguments>
<arg>${RESPOSTA.json()}</arg>
<arg>Description</arg>
<arg>${NEW_BOOK.Description}</arg>
</arguments>
<status status="PASS" starttime="20200706 19:56:40.593" endtime="20200706 19:56:40.593"></status>
</kw>
<kw name="Dictionary Should Contain Item" library="Collections">
<doc>An item of ``key`` / ``value`` must be found in a ``dictionary``.</doc>
<arguments>
<arg>${RESPOSTA.json()}</arg>
<arg>PageCount</arg>
<arg>${NEW_BOOK.PageCount}</arg>
</arguments>
<status status="PASS" starttime="20200706 19:56:40.593" endtime="20200706 19:56:40.594"></status>
</kw>
<kw name="Dictionary Should Contain Item" library="Collections">
<doc>An item of ``key`` / ``value`` must be found in a ``dictionary``.</doc>
<arguments>
<arg>${RESPOSTA.json()}</arg>
<arg>Excerpt</arg>
<arg>${NEW_BOOK.Excerpt}</arg>
</arguments>
<status status="PASS" starttime="20200706 19:56:40.594" endtime="20200706 19:56:40.594"></status>
</kw>
<kw name="Should Not Be Empty" library="BuiltIn">
<doc>Verifies that the given item is not empty.</doc>
<arguments>
<arg>${RESPOSTA.json()["PublishDate"]}</arg>
</arguments>
<msg timestamp="20200706 19:56:40.594" level="INFO">Length is 24</msg>
<status status="PASS" starttime="20200706 19:56:40.594" endtime="20200706 19:56:40.595"></status>
</kw>
<status status="PASS" starttime="20200706 19:56:40.592" endtime="20200706 19:56:40.595"></status>
</kw>
<status status="PASS" starttime="20200706 19:56:40.592" endtime="20200706 19:56:40.595"></status>
</kw>
<status status="PASS" starttime="20200706 19:56:40.304" endtime="20200706 19:56:40.595" critical="yes"></status>
</test>
<doc>Suite description</doc>
<status status="PASS" starttime="20200706 19:56:37.723" endtime="20200706 19:56:40.595"></status>
</suite>
<status status="PASS" starttime="20200706 19:56:07.548" endtime="20200706 19:56:40.597"></status>
</suite>
<statistics>
<total>
<stat pass="18" fail="0">Critical Tests</stat>
<stat pass="18" fail="0">All Tests</stat>
</total>
<tag>
</tag>
<suite>
<stat pass="18" fail="0" id="s1" name="Tests">Tests</stat>
<stat pass="2" fail="0" id="s1-s1" name="Example For And If">Tests.Example For And If</stat>
<stat pass="3" fail="0" id="s1-s2" name="Example Variables">Tests.Example Variables</stat>
<stat pass="6" fail="0" id="s1-s3" name="Test Ecommerce With Selenium">Tests.Test Ecommerce With Selenium</stat>
<stat pass="2" fail="0" id="s1-s4" name="Test Get Environment Variables">Tests.Test Get Environment Variables</stat>
<stat pass="5" fail="0" id="s1-s5" name="TestCaseAPIBooks">Tests.TestCaseAPIBooks</stat>
</suite>
</statistics>
<errors>
<msg timestamp="20200706 19:56:37.713" level="ERROR">Error in file '/home/fabiano/PycharmProjects/robot_frameword_guide/resource/ResourceEnvironmentVariables.robot' on line 10: Invalid variable name 'pw'.</msg>
</errors>
</robot>
