<?xml version="1.0" encoding="UTF-8"?>
<robot generator="Robot 3.2.1 (Python 3.7.6 on linux)" generated="20200705 10:41:33.501" rpa="false">
<suite id="s1" name="Tests" source="/home/fabiano/PycharmProjects/robot_frameword_guide/tests">
<suite id="s1-s1" name="Example For And If" source="/home/fabiano/PycharmProjects/robot_frameword_guide/tests/example_for_and_if.robot">
<test id="s1-s1-t1" name="Caso de testes if">
<kw name="Rodando um keyword com condição = true">
<kw name="Run Keyword If" library="BuiltIn">
<doc>Runs the given keyword with the given arguments, if ``condition`` is true.</doc>
<arguments>
<arg>'${FRUTAS[0]}' == 'morango'</arg>
<arg>Log</arg>
<arg>O primeiro item é morango</arg>
</arguments>
<kw name="Log" library="BuiltIn">
<doc>Logs the given message with the given level.</doc>
<arguments>
<arg>O primeiro item é morango</arg>
</arguments>
<msg timestamp="20200705 10:41:33.521" level="INFO">O primeiro item é morango</msg>
<status status="PASS" starttime="20200705 10:41:33.521" endtime="20200705 10:41:33.521"></status>
</kw>
<status status="PASS" starttime="20200705 10:41:33.521" endtime="20200705 10:41:33.521"></status>
</kw>
<status status="PASS" starttime="20200705 10:41:33.520" endtime="20200705 10:41:33.521"></status>
</kw>
<kw name="Rodando um keyword com condição = false">
<kw name="Run Keyword If" library="BuiltIn">
<doc>Runs the given keyword with the given arguments, if ``condition`` is true.</doc>
<arguments>
<arg>'${FRUTAS[1]}' == 'morango'</arg>
<arg>Log</arg>
<arg>O segundo item não é morango é ${FRUTAS[1]}</arg>
</arguments>
<status status="PASS" starttime="20200705 10:41:33.522" endtime="20200705 10:41:33.522"></status>
</kw>
<status status="PASS" starttime="20200705 10:41:33.521" endtime="20200705 10:41:33.522"></status>
</kw>
<kw name="Armazendando valor keyword">
<kw name="Set Variable" library="BuiltIn">
<doc>Returns the given values which can then be assigned to a variables.</doc>
<arguments>
<arg>if</arg>
<arg>'${FRUTAS[0]}' == 'morango'</arg>
<arg>Eu gosto de morango</arg>
</arguments>
<assign>
<var>${VAR}</var>
</assign>
<msg timestamp="20200705 10:41:33.523" level="INFO">${VAR} = ['if', "'morango' == 'morango'", 'Eu gosto de morango']</msg>
<status status="PASS" starttime="20200705 10:41:33.522" endtime="20200705 10:41:33.523"></status>
</kw>
<kw name="Log" library="BuiltIn">
<doc>Logs the given message with the given level.</doc>
<arguments>
<arg>Minha variável é ${VAR}!!!</arg>
</arguments>
<msg timestamp="20200705 10:41:33.523" level="INFO">Minha variável é ['if', "'morango' == 'morango'", 'Eu gosto de morango']!!!</msg>
<status status="PASS" starttime="20200705 10:41:33.523" endtime="20200705 10:41:33.523"></status>
</kw>
<status status="PASS" starttime="20200705 10:41:33.522" endtime="20200705 10:41:33.523"></status>
</kw>
<status status="PASS" starttime="20200705 10:41:33.520" endtime="20200705 10:41:33.523" critical="yes"></status>
</test>
<test id="s1-s1-t2" name="Caso de testes loop">
<kw name="Usando FOR com RANGE">
<kw name="${COUNT} IN RANGE [ 1 | 6 ]" type="for">
<kw name="${COUNT} = 1" type="foritem">
<kw name="Log" library="BuiltIn">
<doc>Logs the given message with the given level.</doc>
<arguments>
<arg>Meu contador é ${COUNT}</arg>
</arguments>
<msg timestamp="20200705 10:41:33.524" level="INFO">Meu contador é 1</msg>
<status status="PASS" starttime="20200705 10:41:33.524" endtime="20200705 10:41:33.524"></status>
</kw>
<status status="PASS" starttime="20200705 10:41:33.524" endtime="20200705 10:41:33.524"></status>
</kw>
<kw name="${COUNT} = 2" type="foritem">
<kw name="Log" library="BuiltIn">
<doc>Logs the given message with the given level.</doc>
<arguments>
<arg>Meu contador é ${COUNT}</arg>
</arguments>
<msg timestamp="20200705 10:41:33.525" level="INFO">Meu contador é 2</msg>
<status status="PASS" starttime="20200705 10:41:33.525" endtime="20200705 10:41:33.525"></status>
</kw>
<status status="PASS" starttime="20200705 10:41:33.524" endtime="20200705 10:41:33.525"></status>
</kw>
<kw name="${COUNT} = 3" type="foritem">
<kw name="Log" library="BuiltIn">
<doc>Logs the given message with the given level.</doc>
<arguments>
<arg>Meu contador é ${COUNT}</arg>
</arguments>
<msg timestamp="20200705 10:41:33.525" level="INFO">Meu contador é 3</msg>
<status status="PASS" starttime="20200705 10:41:33.525" endtime="20200705 10:41:33.525"></status>
</kw>
<status status="PASS" starttime="20200705 10:41:33.525" endtime="20200705 10:41:33.525"></status>
</kw>
<kw name="${COUNT} = 4" type="foritem">
<kw name="Log" library="BuiltIn">
<doc>Logs the given message with the given level.</doc>
<arguments>
<arg>Meu contador é ${COUNT}</arg>
</arguments>
<msg timestamp="20200705 10:41:33.525" level="INFO">Meu contador é 4</msg>
<status status="PASS" starttime="20200705 10:41:33.525" endtime="20200705 10:41:33.525"></status>
</kw>
<status status="PASS" starttime="20200705 10:41:33.525" endtime="20200705 10:41:33.525"></status>
</kw>
<kw name="${COUNT} = 5" type="foritem">
<kw name="Log" library="BuiltIn">
<doc>Logs the given message with the given level.</doc>
<arguments>
<arg>Meu contador é ${COUNT}</arg>
</arguments>
<msg timestamp="20200705 10:41:33.526" level="INFO">Meu contador é 5</msg>
<status status="PASS" starttime="20200705 10:41:33.526" endtime="20200705 10:41:33.526"></status>
</kw>
<status status="PASS" starttime="20200705 10:41:33.525" endtime="20200705 10:41:33.526"></status>
</kw>
<status status="PASS" starttime="20200705 10:41:33.524" endtime="20200705 10:41:33.526"></status>
</kw>
<status status="PASS" starttime="20200705 10:41:33.524" endtime="20200705 10:41:33.526"></status>
</kw>
<kw name="Usando FOR com LISTA">
<kw name="${ITEM} IN [ @{FRUTAS} ]" type="for">
<kw name="${ITEM} = morango" type="foritem">
<kw name="Log" library="BuiltIn">
<doc>Logs the given message with the given level.</doc>
<arguments>
<arg>Minha fruta ${ITEM}</arg>
</arguments>
<msg timestamp="20200705 10:41:33.527" level="INFO">Minha fruta morango</msg>
<status status="PASS" starttime="20200705 10:41:33.526" endtime="20200705 10:41:33.527"></status>
</kw>
<status status="PASS" starttime="20200705 10:41:33.526" endtime="20200705 10:41:33.527"></status>
</kw>
<kw name="${ITEM} = banana" type="foritem">
<kw name="Log" library="BuiltIn">
<doc>Logs the given message with the given level.</doc>
<arguments>
<arg>Minha fruta ${ITEM}</arg>
</arguments>
<msg timestamp="20200705 10:41:33.527" level="INFO">Minha fruta banana</msg>
<status status="PASS" starttime="20200705 10:41:33.527" endtime="20200705 10:41:33.527"></status>
</kw>
<status status="PASS" starttime="20200705 10:41:33.527" endtime="20200705 10:41:33.527"></status>
</kw>
<kw name="${ITEM} = maça" type="foritem">
<kw name="Log" library="BuiltIn">
<doc>Logs the given message with the given level.</doc>
<arguments>
<arg>Minha fruta ${ITEM}</arg>
</arguments>
<msg timestamp="20200705 10:41:33.527" level="INFO">Minha fruta maça</msg>
<status status="PASS" starttime="20200705 10:41:33.527" endtime="20200705 10:41:33.527"></status>
</kw>
<status status="PASS" starttime="20200705 10:41:33.527" endtime="20200705 10:41:33.527"></status>
</kw>
<status status="PASS" starttime="20200705 10:41:33.526" endtime="20200705 10:41:33.527"></status>
</kw>
<status status="PASS" starttime="20200705 10:41:33.526" endtime="20200705 10:41:33.527"></status>
</kw>
<kw name="Saindo de um FOR">
<kw name="${ITEM} IN [ @{FRUTAS} ]" type="for">
<kw name="${ITEM} = morango" type="foritem">
<kw name="Exit For Loop If" library="BuiltIn">
<doc>Stops executing the enclosing for loop if the ``condition`` is true.</doc>
<arguments>
<arg>'${ITEM}' == 'banana'</arg>
</arguments>
<status status="PASS" starttime="20200705 10:41:33.528" endtime="20200705 10:41:33.528"></status>
</kw>
<kw name="Log" library="BuiltIn">
<doc>Logs the given message with the given level.</doc>
<arguments>
<arg>Minha fruta ${ITEM}</arg>
</arguments>
<msg timestamp="20200705 10:41:33.528" level="INFO">Minha fruta morango</msg>
<status status="PASS" starttime="20200705 10:41:33.528" endtime="20200705 10:41:33.528"></status>
</kw>
<status status="PASS" starttime="20200705 10:41:33.528" endtime="20200705 10:41:33.528"></status>
</kw>
<kw name="${ITEM} = banana" type="foritem">
<kw name="Exit For Loop If" library="BuiltIn">
<doc>Stops executing the enclosing for loop if the ``condition`` is true.</doc>
<arguments>
<arg>'${ITEM}' == 'banana'</arg>
</arguments>
<msg timestamp="20200705 10:41:33.529" level="INFO">Exiting for loop altogether.</msg>
<status status="PASS" starttime="20200705 10:41:33.528" endtime="20200705 10:41:33.529"></status>
</kw>
<status status="PASS" starttime="20200705 10:41:33.528" endtime="20200705 10:41:33.529"></status>
</kw>
<status status="PASS" starttime="20200705 10:41:33.528" endtime="20200705 10:41:33.529"></status>
</kw>
<status status="PASS" starttime="20200705 10:41:33.527" endtime="20200705 10:41:33.529"></status>
</kw>
<kw name="Usando REPEAT">
<kw name="Repeat Keyword" library="BuiltIn">
<doc>Executes the specified keyword multiple times.</doc>
<arguments>
<arg>4</arg>
<arg>Log</arg>
<arg>Repete 4 vezes</arg>
</arguments>
<msg timestamp="20200705 10:41:33.529" level="INFO">Repeating keyword, round 1/4.</msg>
<kw name="Log" library="BuiltIn">
<doc>Logs the given message with the given level.</doc>
<arguments>
<arg>Repete 4 vezes</arg>
</arguments>
<msg timestamp="20200705 10:41:33.530" level="INFO">Repete 4 vezes</msg>
<status status="PASS" starttime="20200705 10:41:33.529" endtime="20200705 10:41:33.530"></status>
</kw>
<msg timestamp="20200705 10:41:33.530" level="INFO">Repeating keyword, round 2/4.</msg>
<kw name="Log" library="BuiltIn">
<doc>Logs the given message with the given level.</doc>
<arguments>
<arg>Repete 4 vezes</arg>
</arguments>
<msg timestamp="20200705 10:41:33.530" level="INFO">Repete 4 vezes</msg>
<status status="PASS" starttime="20200705 10:41:33.530" endtime="20200705 10:41:33.530"></status>
</kw>
<msg timestamp="20200705 10:41:33.530" level="INFO">Repeating keyword, round 3/4.</msg>
<kw name="Log" library="BuiltIn">
<doc>Logs the given message with the given level.</doc>
<arguments>
<arg>Repete 4 vezes</arg>
</arguments>
<msg timestamp="20200705 10:41:33.530" level="INFO">Repete 4 vezes</msg>
<status status="PASS" starttime="20200705 10:41:33.530" endtime="20200705 10:41:33.530"></status>
</kw>
<msg timestamp="20200705 10:41:33.530" level="INFO">Repeating keyword, round 4/4.</msg>
<kw name="Log" library="BuiltIn">
<doc>Logs the given message with the given level.</doc>
<arguments>
<arg>Repete 4 vezes</arg>
</arguments>
<msg timestamp="20200705 10:41:33.530" level="INFO">Repete 4 vezes</msg>
<status status="PASS" starttime="20200705 10:41:33.530" endtime="20200705 10:41:33.530"></status>
</kw>
<status status="PASS" starttime="20200705 10:41:33.529" endtime="20200705 10:41:33.530"></status>
</kw>
<status status="PASS" starttime="20200705 10:41:33.529" endtime="20200705 10:41:33.530"></status>
</kw>
<status status="PASS" starttime="20200705 10:41:33.524" endtime="20200705 10:41:33.531" critical="yes"></status>
</test>
<doc>Exemplo de uso do if e do For</doc>
<status status="PASS" starttime="20200705 10:41:33.518" endtime="20200705 10:41:33.531"></status>
</suite>
<suite id="s1-s2" name="Example Variables" source="/home/fabiano/PycharmProjects/robot_frameword_guide/tests/example_variables.robot">
<test id="s1-s2-t1" name="Cenario exemplo 01">
<kw name="Uma Keyword qualquer 01">
<kw name="Set Global Variable" library="BuiltIn">
<doc>Makes a variable available globally in all tests and suites.</doc>
<arguments>
<arg>${GLOBAL_CRIADA_EM_TEMPO_EXECUCAO}</arg>
<arg>teste feita em execução</arg>
</arguments>
<msg timestamp="20200705 10:41:33.540" level="INFO">${GLOBAL_CRIADA_EM_TEMPO_EXECUCAO} = teste feita em execução</msg>
<status status="PASS" starttime="20200705 10:41:33.539" endtime="20200705 10:41:33.540"></status>
</kw>
<kw name="Set Suite Variable" library="BuiltIn">
<doc>Makes a variable available everywhere within the scope of the current suite.</doc>
<arguments>
<arg>${SUITE_CRIADA_EM_TEMPO_EXECUCAO}</arg>
<arg>Variável da suite</arg>
</arguments>
<msg timestamp="20200705 10:41:33.540" level="INFO">${SUITE_CRIADA_EM_TEMPO_EXECUCAO} = Variável da suite</msg>
<status status="PASS" starttime="20200705 10:41:33.540" endtime="20200705 10:41:33.540"></status>
</kw>
<kw name="Set Test Variable" library="BuiltIn">
<doc>Makes a variable available everywhere within the scope of the current test.</doc>
<arguments>
<arg>${TESTE_01}</arg>
<arg>Variável do teste 01</arg>
</arguments>
<msg timestamp="20200705 10:41:33.541" level="INFO">${TESTE_01} = Variável do teste 01</msg>
<status status="PASS" starttime="20200705 10:41:33.541" endtime="20200705 10:41:33.541"></status>
</kw>
<kw name="Log" library="BuiltIn">
<doc>Logs the given message with the given level.</doc>
<arguments>
<arg>${TESTE_01}</arg>
</arguments>
<msg timestamp="20200705 10:41:33.541" level="INFO">Variável do teste 01</msg>
<status status="PASS" starttime="20200705 10:41:33.541" endtime="20200705 10:41:33.541"></status>
</kw>
<kw name="Set Variable" library="BuiltIn">
<doc>Returns the given values which can then be assigned to a variables.</doc>
<arguments>
<arg>Variavel local da keyword 01</arg>
</arguments>
<assign>
<var>${LOCAL}</var>
</assign>
<msg timestamp="20200705 10:41:33.542" level="INFO">${LOCAL} = Variavel local da keyword 01</msg>
<status status="PASS" starttime="20200705 10:41:33.541" endtime="20200705 10:41:33.542"></status>
</kw>
<kw name="Uma Subkeyword com argumento">
<arguments>
<arg>${PESSOA.nome}</arg>
<arg>${PESSOA.email}</arg>
</arguments>
<kw name="Log" library="BuiltIn">
<doc>Logs the given message with the given level.</doc>
<arguments>
<arg>Nome: ${PESSOA.nome}</arg>
</arguments>
<msg timestamp="20200705 10:41:33.542" level="INFO">Nome: Fabiano Teichmann</msg>
<status status="PASS" starttime="20200705 10:41:33.542" endtime="20200705 10:41:33.542"></status>
</kw>
<kw name="Log" library="BuiltIn">
<doc>Logs the given message with the given level.</doc>
<arguments>
<arg>Email: ${PESSOA.email}</arg>
</arguments>
<msg timestamp="20200705 10:41:33.543" level="INFO">Email: fabiano.geek@gmail.com</msg>
<status status="PASS" starttime="20200705 10:41:33.542" endtime="20200705 10:41:33.543"></status>
</kw>
<status status="PASS" starttime="20200705 10:41:33.542" endtime="20200705 10:41:33.543"></status>
</kw>
<kw name="Uma Subkeyword com retorno">
<arguments>
<arg>${PESSOA.nome}</arg>
<arg>${PESSOA.idade}</arg>
</arguments>
<assign>
<var>${ALERTA}</var>
</assign>
<kw name="Set Variable If" library="BuiltIn">
<doc>Sets variable based on the given condition.</doc>
<arguments>
<arg>${IDADE}&lt;18</arg>
<arg>Usuário ${NOME} Não autorizado</arg>
</arguments>
<assign>
<var>${MSG}</var>
</assign>
<msg timestamp="20200705 10:41:33.543" level="INFO">${MSG} = None</msg>
<status status="PASS" starttime="20200705 10:41:33.543" endtime="20200705 10:41:33.543"></status>
</kw>
<msg timestamp="20200705 10:41:33.544" level="INFO">${ALERTA} = None</msg>
<status status="PASS" starttime="20200705 10:41:33.543" endtime="20200705 10:41:33.544"></status>
</kw>
<kw name="Log" library="BuiltIn">
<doc>Logs the given message with the given level.</doc>
<arguments>
<arg>${ALERTA}</arg>
</arguments>
<msg timestamp="20200705 10:41:33.544" level="INFO">None</msg>
<status status="PASS" starttime="20200705 10:41:33.544" endtime="20200705 10:41:33.544"></status>
</kw>
<status status="PASS" starttime="20200705 10:41:33.539" endtime="20200705 10:41:33.544"></status>
</kw>
<kw name="Uma Keyword qualquer 02">
<kw name="Set Variable" library="BuiltIn">
<doc>Returns the given values which can then be assigned to a variables.</doc>
<arguments>
<arg>Variavel local da keyword 02</arg>
</arguments>
<assign>
<var>${LOCAL}</var>
</assign>
<msg timestamp="20200705 10:41:33.545" level="INFO">${LOCAL} = Variavel local da keyword 02</msg>
<status status="PASS" starttime="20200705 10:41:33.544" endtime="20200705 10:41:33.545"></status>
</kw>
<kw name="Log" library="BuiltIn">
<doc>Logs the given message with the given level.</doc>
<arguments>
<arg>${LOCAL}</arg>
</arguments>
<msg timestamp="20200705 10:41:33.545" level="INFO">Variavel local da keyword 02</msg>
<status status="PASS" starttime="20200705 10:41:33.545" endtime="20200705 10:41:33.545"></status>
</kw>
<kw name="Log" library="BuiltIn">
<doc>Logs the given message with the given level.</doc>
<arguments>
<arg>${GLOBAL_CRIADA_EM_TEMPO_EXECUCAO}</arg>
</arguments>
<msg timestamp="20200705 10:41:33.545" level="INFO">teste feita em execução</msg>
<status status="PASS" starttime="20200705 10:41:33.545" endtime="20200705 10:41:33.545"></status>
</kw>
<kw name="Log" library="BuiltIn">
<doc>Logs the given message with the given level.</doc>
<arguments>
<arg>${GLOBAL_INSTANCIADA} ${GLOBAL_CRIADA_EM_TEMPO_EXECUCAO} ${LOCAL}</arg>
</arguments>
<msg timestamp="20200705 10:41:33.545" level="INFO">MINHA VARIAVEL GLOBAL teste feita em execução Variavel local da keyword 02</msg>
<status status="PASS" starttime="20200705 10:41:33.545" endtime="20200705 10:41:33.545"></status>
</kw>
<status status="PASS" starttime="20200705 10:41:33.544" endtime="20200705 10:41:33.546"></status>
</kw>
<status status="PASS" starttime="20200705 10:41:33.539" endtime="20200705 10:41:33.546" critical="yes"></status>
</test>
<test id="s1-s2-t2" name="Cenario exemplo 02">
<kw name="Uma Keyword qualquer 02">
<kw name="Set Variable" library="BuiltIn">
<doc>Returns the given values which can then be assigned to a variables.</doc>
<arguments>
<arg>Variavel local da keyword 02</arg>
</arguments>
<assign>
<var>${LOCAL}</var>
</assign>
<msg timestamp="20200705 10:41:33.547" level="INFO">${LOCAL} = Variavel local da keyword 02</msg>
<status status="PASS" starttime="20200705 10:41:33.547" endtime="20200705 10:41:33.547"></status>
</kw>
<kw name="Log" library="BuiltIn">
<doc>Logs the given message with the given level.</doc>
<arguments>
<arg>${LOCAL}</arg>
</arguments>
<msg timestamp="20200705 10:41:33.547" level="INFO">Variavel local da keyword 02</msg>
<status status="PASS" starttime="20200705 10:41:33.547" endtime="20200705 10:41:33.547"></status>
</kw>
<kw name="Log" library="BuiltIn">
<doc>Logs the given message with the given level.</doc>
<arguments>
<arg>${GLOBAL_CRIADA_EM_TEMPO_EXECUCAO}</arg>
</arguments>
<msg timestamp="20200705 10:41:33.548" level="INFO">teste feita em execução</msg>
<status status="PASS" starttime="20200705 10:41:33.548" endtime="20200705 10:41:33.548"></status>
</kw>
<kw name="Log" library="BuiltIn">
<doc>Logs the given message with the given level.</doc>
<arguments>
<arg>${GLOBAL_INSTANCIADA} ${GLOBAL_CRIADA_EM_TEMPO_EXECUCAO} ${LOCAL}</arg>
</arguments>
<msg timestamp="20200705 10:41:33.548" level="INFO">MINHA VARIAVEL GLOBAL teste feita em execução Variavel local da keyword 02</msg>
<status status="PASS" starttime="20200705 10:41:33.548" endtime="20200705 10:41:33.548"></status>
</kw>
<status status="PASS" starttime="20200705 10:41:33.547" endtime="20200705 10:41:33.548"></status>
</kw>
<status status="PASS" starttime="20200705 10:41:33.546" endtime="20200705 10:41:33.549" critical="yes"></status>
</test>
<test id="s1-s2-t3" name="Cenario exemplo 03">
<kw name="Uma Keyword qualquer 02">
<kw name="Set Variable" library="BuiltIn">
<doc>Returns the given values which can then be assigned to a variables.</doc>
<arguments>
<arg>Variavel local da keyword 02</arg>
</arguments>
<assign>
<var>${LOCAL}</var>
</assign>
<msg timestamp="20200705 10:41:33.550" level="INFO">${LOCAL} = Variavel local da keyword 02</msg>
<status status="PASS" starttime="20200705 10:41:33.549" endtime="20200705 10:41:33.550"></status>
</kw>
<kw name="Log" library="BuiltIn">
<doc>Logs the given message with the given level.</doc>
<arguments>
<arg>${LOCAL}</arg>
</arguments>
<msg timestamp="20200705 10:41:33.550" level="INFO">Variavel local da keyword 02</msg>
<status status="PASS" starttime="20200705 10:41:33.550" endtime="20200705 10:41:33.550"></status>
</kw>
<kw name="Log" library="BuiltIn">
<doc>Logs the given message with the given level.</doc>
<arguments>
<arg>${GLOBAL_CRIADA_EM_TEMPO_EXECUCAO}</arg>
</arguments>
<msg timestamp="20200705 10:41:33.550" level="INFO">teste feita em execução</msg>
<status status="PASS" starttime="20200705 10:41:33.550" endtime="20200705 10:41:33.550"></status>
</kw>
<kw name="Log" library="BuiltIn">
<doc>Logs the given message with the given level.</doc>
<arguments>
<arg>${GLOBAL_INSTANCIADA} ${GLOBAL_CRIADA_EM_TEMPO_EXECUCAO} ${LOCAL}</arg>
</arguments>
<msg timestamp="20200705 10:41:33.550" level="INFO">MINHA VARIAVEL GLOBAL teste feita em execução Variavel local da keyword 02</msg>
<status status="PASS" starttime="20200705 10:41:33.550" endtime="20200705 10:41:33.550"></status>
</kw>
<status status="PASS" starttime="20200705 10:41:33.549" endtime="20200705 10:41:33.551"></status>
</kw>
<kw name="Uma Keyword qualquer 03">
<kw name="Set Variable" library="BuiltIn">
<doc>Returns the given values which can then be assigned to a variables.</doc>
<arguments>
<arg>Variavel local da keyword 03</arg>
</arguments>
<assign>
<var>${LOCAL}</var>
</assign>
<msg timestamp="20200705 10:41:33.551" level="INFO">${LOCAL} = Variavel local da keyword 03</msg>
<status status="PASS" starttime="20200705 10:41:33.551" endtime="20200705 10:41:33.551"></status>
</kw>
<kw name="Log" library="BuiltIn">
<doc>Logs the given message with the given level.</doc>
<arguments>
<arg>${LOCAL}</arg>
</arguments>
<msg timestamp="20200705 10:41:33.551" level="INFO">Variavel local da keyword 03</msg>
<status status="PASS" starttime="20200705 10:41:33.551" endtime="20200705 10:41:33.551"></status>
</kw>
<kw name="Log" library="BuiltIn">
<doc>Logs the given message with the given level.</doc>
<arguments>
<arg>${LOCAL}</arg>
</arguments>
<msg timestamp="20200705 10:41:33.552" level="INFO">Variavel local da keyword 03</msg>
<status status="PASS" starttime="20200705 10:41:33.551" endtime="20200705 10:41:33.552"></status>
</kw>
<kw name="Log" library="BuiltIn">
<doc>Logs the given message with the given level.</doc>
<arguments>
<arg>${GLOBAL_INSTANCIADA}</arg>
</arguments>
<msg timestamp="20200705 10:41:33.552" level="INFO">MINHA VARIAVEL GLOBAL</msg>
<status status="PASS" starttime="20200705 10:41:33.552" endtime="20200705 10:41:33.552"></status>
</kw>
<kw name="Log" library="BuiltIn">
<doc>Logs the given message with the given level.</doc>
<arguments>
<arg>${GLOBAL_CRIADA_EM_TEMPO_EXECUCAO}</arg>
</arguments>
<msg timestamp="20200705 10:41:33.552" level="INFO">teste feita em execução</msg>
<status status="PASS" starttime="20200705 10:41:33.552" endtime="20200705 10:41:33.552"></status>
</kw>
<kw name="Log" library="BuiltIn">
<doc>Logs the given message with the given level.</doc>
<arguments>
<arg>${SUITE_CRIADA_EM_TEMPO_EXECUCAO}</arg>
</arguments>
<msg timestamp="20200705 10:41:33.552" level="INFO">Variável da suite</msg>
<status status="PASS" starttime="20200705 10:41:33.552" endtime="20200705 10:41:33.552"></status>
</kw>
<kw name="Log" library="BuiltIn">
<doc>Logs the given message with the given level.</doc>
<arguments>
<arg>${FRUTAS[0]}</arg>
</arguments>
<msg timestamp="20200705 10:41:33.553" level="INFO">morango</msg>
<status status="PASS" starttime="20200705 10:41:33.552" endtime="20200705 10:41:33.553"></status>
</kw>
<kw name="Log" library="BuiltIn">
<doc>Logs the given message with the given level.</doc>
<arguments>
<arg>Nome: ${PESSOA.nome} e email: ${PESSOA.email}</arg>
</arguments>
<msg timestamp="20200705 10:41:33.553" level="INFO">Nome: Fabiano Teichmann e email: fabiano.geek@gmail.com</msg>
<status status="PASS" starttime="20200705 10:41:33.553" endtime="20200705 10:41:33.553"></status>
</kw>
<status status="PASS" starttime="20200705 10:41:33.551" endtime="20200705 10:41:33.553"></status>
</kw>
<status status="PASS" starttime="20200705 10:41:33.549" endtime="20200705 10:41:33.553" critical="yes"></status>
</test>
<doc>Exemplo de escopo de variáveis: GLOBAIS, SUITE, TESTE E LOCAL</doc>
<status status="PASS" starttime="20200705 10:41:33.532" endtime="20200705 10:41:33.554"></status>
</suite>
<suite id="s1-s3" name="Test Ecommerce With Selenium" source="/home/fabiano/PycharmProjects/robot_frameword_guide/tests/test_ecommerce_with_selenium.robot">
<kw name="Abrir navegador" library="Resouce_Selenium" type="setup">
<kw name="Open Browser" library="SeleniumLibrary">
<doc>Opens a new browser instance to the optional ``url``.</doc>
<arguments>
<arg>about:blank</arg>
<arg>${BROWSER}</arg>
</arguments>
<msg timestamp="20200705 10:41:33.841" level="INFO">Opening browser 'chrome' to base url 'about:blank'.</msg>
<status status="PASS" starttime="20200705 10:41:33.841" endtime="20200705 10:41:35.300"></status>
</kw>
<status status="PASS" starttime="20200705 10:41:33.841" endtime="20200705 10:41:35.301"></status>
</kw>
<test id="s1-s3-t1" name="Faker_profile">
<kw name="Address" library="FakerLibrary">
<doc>:example '791 Crist Parks, Sashabury, IL 86039-9874'</doc>
<assign>
<var>${address}</var>
</assign>
<msg timestamp="20200705 10:41:35.304" level="INFO">${address} = 0899 Diana Centers Suite 614
Jessefort, AZ 94662</msg>
<status status="PASS" starttime="20200705 10:41:35.302" endtime="20200705 10:41:35.304"></status>
</kw>
<kw name="Country" library="FakerLibrary">
<assign>
<var>${country}</var>
</assign>
<msg timestamp="20200705 10:41:35.304" level="INFO">${country} = Samoa</msg>
<status status="PASS" starttime="20200705 10:41:35.304" endtime="20200705 10:41:35.304"></status>
</kw>
<kw name="Email" library="FakerLibrary">
<assign>
<var>${EMAIL}</var>
</assign>
<msg timestamp="20200705 10:41:35.305" level="INFO">${EMAIL} = yrobinson@gmail.com</msg>
<status status="PASS" starttime="20200705 10:41:35.305" endtime="20200705 10:41:35.305"></status>
</kw>
<kw name="First Name" library="FakerLibrary">
<assign>
<var>${first_name}</var>
</assign>
<msg timestamp="20200705 10:41:35.306" level="INFO">${first_name} = Victor</msg>
<status status="PASS" starttime="20200705 10:41:35.306" endtime="20200705 10:41:35.306"></status>
</kw>
<kw name="Last Name" library="FakerLibrary">
<assign>
<var>${last_name}</var>
</assign>
<msg timestamp="20200705 10:41:35.307" level="INFO">${last_name} = Weaver</msg>
<status status="PASS" starttime="20200705 10:41:35.307" endtime="20200705 10:41:35.307"></status>
</kw>
<kw name="Phone Number" library="FakerLibrary">
<assign>
<var>${phone_number}</var>
</assign>
<msg timestamp="20200705 10:41:35.308" level="INFO">${phone_number} = 1163956631</msg>
<status status="PASS" starttime="20200705 10:41:35.307" endtime="20200705 10:41:35.308"></status>
</kw>
<status status="PASS" starttime="20200705 10:41:35.301" endtime="20200705 10:41:35.308" critical="yes"></status>
</test>
<test id="s1-s3-t2" name="Cenario 01: Pesquisar produto existente">
<kw name="Dado que estou na página home do site">
<kw name="Acessar página home do site" library="Resouce_Selenium">
<kw name="Go To" library="SeleniumLibrary">
<doc>Navigates the current browser window to the provided ``url``.</doc>
<arguments>
<arg>${URL}</arg>
</arguments>
<msg timestamp="20200705 10:41:35.311" level="INFO">Opening url 'http://automationpractice.com'</msg>
<status status="PASS" starttime="20200705 10:41:35.311" endtime="20200705 10:41:42.035"></status>
</kw>
<kw name="Title Should Be" library="SeleniumLibrary">
<doc>Verifies that the current page title equals ``title``.</doc>
<arguments>
<arg>My Store</arg>
</arguments>
<msg timestamp="20200705 10:41:42.060" level="INFO">Page title is 'My Store'.</msg>
<status status="PASS" starttime="20200705 10:41:42.035" endtime="20200705 10:41:42.060"></status>
</kw>
<status status="PASS" starttime="20200705 10:41:35.310" endtime="20200705 10:41:42.061"></status>
</kw>
<status status="PASS" starttime="20200705 10:41:35.310" endtime="20200705 10:41:42.061"></status>
</kw>
<kw name="Quando eu pesquisar pelo produto &quot;Blouse&quot;">
<kw name="Digitar o nome do produto &quot;${PRODUTO}&quot; no campo de pesquisar" library="Resouce_Selenium">
<kw name="Input Text" library="SeleniumLibrary">
<doc>Types the given ``text`` into the text field identified by ``locator``.</doc>
<arguments>
<arg>id=search_query_top</arg>
<arg>${PRODUTO}</arg>
</arguments>
<msg timestamp="20200705 10:41:42.062" level="INFO">Typing text 'Blouse' into text field 'id=search_query_top'.</msg>
<status status="PASS" starttime="20200705 10:41:42.062" endtime="20200705 10:41:42.144"></status>
</kw>
<status status="PASS" starttime="20200705 10:41:42.061" endtime="20200705 10:41:42.144"></status>
</kw>
<kw name="Clicar no botão &quot;submit_search&quot;" library="Resouce_Selenium">
<kw name="Click Element" library="SeleniumLibrary">
<doc>Click the element identified by ``locator``.</doc>
<arguments>
<arg>name=${NAME}</arg>
</arguments>
<msg timestamp="20200705 10:41:42.145" level="INFO">Clicking element 'name=submit_search'.</msg>
<status status="PASS" starttime="20200705 10:41:42.145" endtime="20200705 10:41:44.650"></status>
</kw>
<status status="PASS" starttime="20200705 10:41:42.144" endtime="20200705 10:41:44.650"></status>
</kw>
<status status="PASS" starttime="20200705 10:41:42.061" endtime="20200705 10:41:44.650"></status>
</kw>
<kw name="Então o produto &quot;Blouse&quot; deve ser listado na página de resultado da busca">
<kw name="Conferir se o produto &quot;${PRODUTO}&quot; foi listado no site" library="Resouce_Selenium">
<kw name="Wait Until Element Is Visible" library="SeleniumLibrary">
<doc>Waits until the element ``locator`` is visible.</doc>
<arguments>
<arg>css=#center_column &gt; h1</arg>
</arguments>
<status status="PASS" starttime="20200705 10:41:44.652" endtime="20200705 10:41:45.181"></status>
</kw>
<kw name="Title Should Be" library="SeleniumLibrary">
<doc>Verifies that the current page title equals ``title``.</doc>
<arguments>
<arg>Search - My Store</arg>
</arguments>
<msg timestamp="20200705 10:41:45.186" level="INFO">Page title is 'Search - My Store'.</msg>
<status status="PASS" starttime="20200705 10:41:45.181" endtime="20200705 10:41:45.186"></status>
</kw>
<kw name="Page Should Contain Link" library="SeleniumLibrary">
<doc>Verifies link identified by ``locator`` is found from current page.</doc>
<arguments>
<arg>xpath=//*[@id="center_column"]//a[@class="product-name"][contains(text(),"${PRODUTO}")]</arg>
</arguments>
<msg timestamp="20200705 10:41:45.203" level="INFO">Current page contains link 'xpath=//*[@id="center_column"]//a[@class="product-name"][contains(text(),"Blouse")]'.</msg>
<status status="PASS" starttime="20200705 10:41:45.186" endtime="20200705 10:41:45.203"></status>
</kw>
<status status="PASS" starttime="20200705 10:41:44.651" endtime="20200705 10:41:45.203"></status>
</kw>
<status status="PASS" starttime="20200705 10:41:44.650" endtime="20200705 10:41:45.203"></status>
</kw>
<status status="PASS" starttime="20200705 10:41:35.309" endtime="20200705 10:41:45.203" critical="yes"></status>
</test>
<test id="s1-s3-t3" name="Cenário 02: Pesquisar produto não existente">
<kw name="Dado que estou na página home do site">
<kw name="Acessar página home do site" library="Resouce_Selenium">
<kw name="Go To" library="SeleniumLibrary">
<doc>Navigates the current browser window to the provided ``url``.</doc>
<arguments>
<arg>${URL}</arg>
</arguments>
<msg timestamp="20200705 10:41:45.205" level="INFO">Opening url 'http://automationpractice.com'</msg>
<status status="PASS" starttime="20200705 10:41:45.205" endtime="20200705 10:41:49.971"></status>
</kw>
<kw name="Title Should Be" library="SeleniumLibrary">
<doc>Verifies that the current page title equals ``title``.</doc>
<arguments>
<arg>My Store</arg>
</arguments>
<msg timestamp="20200705 10:41:49.991" level="INFO">Page title is 'My Store'.</msg>
<status status="PASS" starttime="20200705 10:41:49.971" endtime="20200705 10:41:49.991"></status>
</kw>
<status status="PASS" starttime="20200705 10:41:45.205" endtime="20200705 10:41:49.991"></status>
</kw>
<status status="PASS" starttime="20200705 10:41:45.204" endtime="20200705 10:41:49.991"></status>
</kw>
<kw name="Quando eu pesquisar pelo produto &quot;Produto não existe&quot;">
<kw name="Digitar o nome do produto &quot;${PRODUTO}&quot; no campo de pesquisar" library="Resouce_Selenium">
<kw name="Input Text" library="SeleniumLibrary">
<doc>Types the given ``text`` into the text field identified by ``locator``.</doc>
<arguments>
<arg>id=search_query_top</arg>
<arg>${PRODUTO}</arg>
</arguments>
<msg timestamp="20200705 10:41:49.992" level="INFO">Typing text 'Produto não existe' into text field 'id=search_query_top'.</msg>
<status status="PASS" starttime="20200705 10:41:49.992" endtime="20200705 10:41:50.095"></status>
</kw>
<status status="PASS" starttime="20200705 10:41:49.992" endtime="20200705 10:41:50.095"></status>
</kw>
<kw name="Clicar no botão &quot;submit_search&quot;" library="Resouce_Selenium">
<kw name="Click Element" library="SeleniumLibrary">
<doc>Click the element identified by ``locator``.</doc>
<arguments>
<arg>name=${NAME}</arg>
</arguments>
<msg timestamp="20200705 10:41:50.096" level="INFO">Clicking element 'name=submit_search'.</msg>
<status status="PASS" starttime="20200705 10:41:50.096" endtime="20200705 10:41:52.169"></status>
</kw>
<status status="PASS" starttime="20200705 10:41:50.095" endtime="20200705 10:41:52.169"></status>
</kw>
<status status="PASS" starttime="20200705 10:41:49.991" endtime="20200705 10:41:52.169"></status>
</kw>
<kw name="Então a página deve exibir a mensagem &quot;No results were found for your search &quot;Produto não existe&quot;&quot;">
<kw name="Conferir mensagem de erro &quot;${MENSAGEM_ALERTA}&quot;" library="Resouce_Selenium">
<kw name="Wait Until Element Is Visible" library="SeleniumLibrary">
<doc>Waits until the element ``locator`` is visible.</doc>
<arguments>
<arg>xpath=//*[@id="center_column"]/p[@class='alert alert-warning']</arg>
</arguments>
<status status="PASS" starttime="20200705 10:41:52.170" endtime="20200705 10:41:52.627"></status>
</kw>
<kw name="Element Text Should Be" library="SeleniumLibrary">
<doc>Verifies that element ``locator`` contains exact the text ``expected``.</doc>
<arguments>
<arg>xpath=//*[@id="center_column"]/p[@class='alert alert-warning']</arg>
<arg>${MENSAGEM_ALERTA}</arg>
</arguments>
<msg timestamp="20200705 10:41:52.627" level="INFO">Verifying element 'xpath=//*[@id="center_column"]/p[@class='alert alert-warning']' contains exact text 'No results were found for your search "Produto não existe"'.</msg>
<status status="PASS" starttime="20200705 10:41:52.627" endtime="20200705 10:41:52.644"></status>
</kw>
<kw name="Element Text Should Be" library="SeleniumLibrary">
<doc>Verifies that element ``locator`` contains exact the text ``expected``.</doc>
<arguments>
<arg>xpath=//*[@id="center_column"]/h1/span</arg>
<arg>0 results have been found.</arg>
</arguments>
<msg timestamp="20200705 10:41:52.644" level="INFO">Verifying element 'xpath=//*[@id="center_column"]/h1/span' contains exact text '0 results have been found.'.</msg>
<status status="PASS" starttime="20200705 10:41:52.644" endtime="20200705 10:41:52.663"></status>
</kw>
<status status="PASS" starttime="20200705 10:41:52.169" endtime="20200705 10:41:52.663"></status>
</kw>
<status status="PASS" starttime="20200705 10:41:52.169" endtime="20200705 10:41:52.663"></status>
</kw>
<status status="PASS" starttime="20200705 10:41:45.204" endtime="20200705 10:41:52.663" critical="yes"></status>
</test>
<test id="s1-s3-t4" name="Cenário 03: Listar Produtos">
<kw name="Dado que estou na página home do site">
<kw name="Acessar página home do site" library="Resouce_Selenium">
<kw name="Go To" library="SeleniumLibrary">
<doc>Navigates the current browser window to the provided ``url``.</doc>
<arguments>
<arg>${URL}</arg>
</arguments>
<msg timestamp="20200705 10:41:52.664" level="INFO">Opening url 'http://automationpractice.com'</msg>
<status status="PASS" starttime="20200705 10:41:52.664" endtime="20200705 10:41:55.270"></status>
</kw>
<kw name="Title Should Be" library="SeleniumLibrary">
<doc>Verifies that the current page title equals ``title``.</doc>
<arguments>
<arg>My Store</arg>
</arguments>
<msg timestamp="20200705 10:41:55.292" level="INFO">Page title is 'My Store'.</msg>
<status status="PASS" starttime="20200705 10:41:55.270" endtime="20200705 10:41:55.292"></status>
</kw>
<status status="PASS" starttime="20200705 10:41:52.664" endtime="20200705 10:41:55.293"></status>
</kw>
<status status="PASS" starttime="20200705 10:41:52.664" endtime="20200705 10:41:55.293"></status>
</kw>
<kw name="Quando passar o mouse na categoria &quot;WOMEN&quot;" library="Resouce_Selenium">
<kw name="Wait Until Element Is Visible" library="SeleniumLibrary">
<doc>Waits until the element ``locator`` is visible.</doc>
<arguments>
<arg>xpath=//*[@id="block_top_menu"]/ul//a[contains(text(),"Women")]</arg>
</arguments>
<status status="PASS" starttime="20200705 10:41:55.293" endtime="20200705 10:41:55.320"></status>
</kw>
<kw name="Set Focus To Element" library="SeleniumLibrary">
<doc>Sets the focus to the element identified by ``locator``.</doc>
<arguments>
<arg>xpath=//*[@id="block_top_menu"]/ul//a[contains(text(),"Women")]</arg>
</arguments>
<status status="PASS" starttime="20200705 10:41:55.320" endtime="20200705 10:41:55.350"></status>
</kw>
<kw name="Element Text Should Be" library="SeleniumLibrary">
<doc>Verifies that element ``locator`` contains exact the text ``expected``.</doc>
<arguments>
<arg>xpath=//*[@id="block_top_menu"]/ul//a[contains(text(),"Women")]</arg>
<arg>${CATEGORIA}</arg>
</arguments>
<msg timestamp="20200705 10:41:55.351" level="INFO">Verifying element 'xpath=//*[@id="block_top_menu"]/ul//a[contains(text(),"Women")]' contains exact text 'WOMEN'.</msg>
<status status="PASS" starttime="20200705 10:41:55.350" endtime="20200705 10:41:55.371"></status>
</kw>
<status status="PASS" starttime="20200705 10:41:55.293" endtime="20200705 10:41:55.371"></status>
</kw>
<kw name="Então as sub categorias devem ser exibidas" library="Resouce_Selenium">
<kw name="Wait Until Element Is Visible" library="SeleniumLibrary">
<doc>Waits until the element ``locator`` is visible.</doc>
<arguments>
<arg>xpath=//*[@id="block_top_menu"]/ul//a[contains(text(),"Women")]</arg>
</arguments>
<status status="PASS" starttime="20200705 10:41:55.372" endtime="20200705 10:41:55.388"></status>
</kw>
<kw name="Element Should Be Visible" library="SeleniumLibrary">
<doc>Verifies that the element identified by ``locator`` is visible.</doc>
<arguments>
<arg>xpath=//*[@id="block_top_menu"]/ul/li[1]/ul//a[contains(text(), "Tops")]</arg>
</arguments>
<msg timestamp="20200705 10:41:55.411" level="INFO">Element 'xpath=//*[@id="block_top_menu"]/ul/li[1]/ul//a[contains(text(), "Tops")]' is displayed.</msg>
<status status="PASS" starttime="20200705 10:41:55.388" endtime="20200705 10:41:55.411"></status>
</kw>
<status status="PASS" starttime="20200705 10:41:55.371" endtime="20200705 10:41:55.411"></status>
</kw>
<kw name="Quando clicar na sub categoria &quot;${SUB_CATEGORIA}&quot;" library="Resouce_Selenium">
<kw name="Wait Until Element Is Visible" library="SeleniumLibrary">
<doc>Waits until the element ``locator`` is visible.</doc>
<arguments>
<arg>xpath=//*[@id="block_top_menu"]/ul/li[1]/ul//a[contains(text(), "Tops")]</arg>
</arguments>
<status status="PASS" starttime="20200705 10:41:55.412" endtime="20200705 10:41:55.428"></status>
</kw>
<kw name="Click Link" library="SeleniumLibrary">
<doc>Clicks a link identified by ``locator``.</doc>
<arguments>
<arg>xpath=//*[@id="block_top_menu"]/ul/li[1]/ul/li[2]/ul/li[3]/a[contains(text(),"${SUB_CATEGORIA[0]}")]</arg>
</arguments>
<msg timestamp="20200705 10:41:55.429" level="INFO">Clicking link 'xpath=//*[@id="block_top_menu"]/ul/li[1]/ul/li[2]/ul/li[3]/a[contains(text(),"Summer Dresses")]'.</msg>
<status status="PASS" starttime="20200705 10:41:55.428" endtime="20200705 10:41:56.594"></status>
</kw>
<status status="PASS" starttime="20200705 10:41:55.411" endtime="20200705 10:41:56.594"></status>
</kw>
<kw name="Então uma página com os produtos da sub categoria &quot;${SUB_CATEGORIA}&quot; deve ser exibida" library="Resouce_Selenium">
<kw name="Element Text Should Be" library="SeleniumLibrary">
<doc>Verifies that element ``locator`` contains exact the text ``expected``.</doc>
<arguments>
<arg>class=category-name</arg>
<arg>${SUB_CATEGORIA[0]}</arg>
</arguments>
<msg timestamp="20200705 10:41:56.596" level="INFO">Verifying element 'class=category-name' contains exact text 'Summer Dresses'.</msg>
<kw name="Capture Page Screenshot" library="SeleniumLibrary">
<doc>Takes a screenshot of the current page and embeds it into a log file.</doc>
<msg timestamp="20200705 10:41:57.452" level="INFO" html="yes">&lt;/td&gt;&lt;/tr&gt;&lt;tr&gt;&lt;td colspan="3"&gt;&lt;a href="selenium-screenshot-3.png"&gt;&lt;img src="selenium-screenshot-3.png" width="800px"&gt;&lt;/a&gt;</msg>
<status status="PASS" starttime="20200705 10:41:56.624" endtime="20200705 10:41:57.452"></status>
</kw>
<msg timestamp="20200705 10:41:57.452" level="FAIL">Element with locator 'class=category-name' not found.</msg>
<status status="FAIL" starttime="20200705 10:41:56.596" endtime="20200705 10:41:57.453"></status>
</kw>
<status status="FAIL" starttime="20200705 10:41:56.595" endtime="20200705 10:41:57.453"></status>
</kw>
<status status="FAIL" starttime="20200705 10:41:52.663" endtime="20200705 10:41:57.453" critical="yes">Element with locator 'class=category-name' not found.</status>
</test>
<test id="s1-s3-t5" name="Cenário 04: Adicionar Produtos no Carrinho">
<kw name="Dado que estou na página home do site">
<kw name="Acessar página home do site" library="Resouce_Selenium">
<kw name="Go To" library="SeleniumLibrary">
<doc>Navigates the current browser window to the provided ``url``.</doc>
<arguments>
<arg>${URL}</arg>
</arguments>
<msg timestamp="20200705 10:41:57.455" level="INFO">Opening url 'http://automationpractice.com'</msg>
<status status="PASS" starttime="20200705 10:41:57.455" endtime="20200705 10:41:59.464"></status>
</kw>
<kw name="Title Should Be" library="SeleniumLibrary">
<doc>Verifies that the current page title equals ``title``.</doc>
<arguments>
<arg>My Store</arg>
</arguments>
<msg timestamp="20200705 10:41:59.490" level="INFO">Page title is 'My Store'.</msg>
<status status="PASS" starttime="20200705 10:41:59.464" endtime="20200705 10:41:59.490"></status>
</kw>
<status status="PASS" starttime="20200705 10:41:57.454" endtime="20200705 10:41:59.490"></status>
</kw>
<status status="PASS" starttime="20200705 10:41:57.454" endtime="20200705 10:41:59.490"></status>
</kw>
<kw name="Quando eu pesquisar pelo produto &quot;t-shirt&quot;">
<kw name="Digitar o nome do produto &quot;${PRODUTO}&quot; no campo de pesquisar" library="Resouce_Selenium">
<kw name="Input Text" library="SeleniumLibrary">
<doc>Types the given ``text`` into the text field identified by ``locator``.</doc>
<arguments>
<arg>id=search_query_top</arg>
<arg>${PRODUTO}</arg>
</arguments>
<msg timestamp="20200705 10:41:59.492" level="INFO">Typing text 't-shirt' into text field 'id=search_query_top'.</msg>
<status status="PASS" starttime="20200705 10:41:59.491" endtime="20200705 10:41:59.577"></status>
</kw>
<status status="PASS" starttime="20200705 10:41:59.491" endtime="20200705 10:41:59.577"></status>
</kw>
<kw name="Clicar no botão &quot;submit_search&quot;" library="Resouce_Selenium">
<kw name="Click Element" library="SeleniumLibrary">
<doc>Click the element identified by ``locator``.</doc>
<arguments>
<arg>name=${NAME}</arg>
</arguments>
<msg timestamp="20200705 10:41:59.578" level="INFO">Clicking element 'name=submit_search'.</msg>
<status status="PASS" starttime="20200705 10:41:59.578" endtime="20200705 10:42:00.618"></status>
</kw>
<status status="PASS" starttime="20200705 10:41:59.577" endtime="20200705 10:42:00.619"></status>
</kw>
<status status="PASS" starttime="20200705 10:41:59.491" endtime="20200705 10:42:00.619"></status>
</kw>
<kw name="Então o produto &quot;Faded Short Sleeve T-shirts&quot; deve ser listado na página de resultado da busca">
<kw name="Conferir se o produto &quot;${PRODUTO}&quot; foi listado no site" library="Resouce_Selenium">
<kw name="Wait Until Element Is Visible" library="SeleniumLibrary">
<doc>Waits until the element ``locator`` is visible.</doc>
<arguments>
<arg>css=#center_column &gt; h1</arg>
</arguments>
<status status="PASS" starttime="20200705 10:42:00.620" endtime="20200705 10:42:00.934"></status>
</kw>
<kw name="Title Should Be" library="SeleniumLibrary">
<doc>Verifies that the current page title equals ``title``.</doc>
<arguments>
<arg>Search - My Store</arg>
</arguments>
<msg timestamp="20200705 10:42:00.938" level="INFO">Page title is 'Search - My Store'.</msg>
<status status="PASS" starttime="20200705 10:42:00.934" endtime="20200705 10:42:00.938"></status>
</kw>
<kw name="Page Should Contain Link" library="SeleniumLibrary">
<doc>Verifies link identified by ``locator`` is found from current page.</doc>
<arguments>
<arg>xpath=//*[@id="center_column"]//a[@class="product-name"][contains(text(),"${PRODUTO}")]</arg>
</arguments>
<msg timestamp="20200705 10:42:00.954" level="INFO">Current page contains link 'xpath=//*[@id="center_column"]//a[@class="product-name"][contains(text(),"Faded Short Sleeve T-shirts")]'.</msg>
<status status="PASS" starttime="20200705 10:42:00.938" endtime="20200705 10:42:00.955"></status>
</kw>
<status status="PASS" starttime="20200705 10:42:00.619" endtime="20200705 10:42:00.955"></status>
</kw>
<status status="PASS" starttime="20200705 10:42:00.619" endtime="20200705 10:42:00.955"></status>
</kw>
<kw name="E ao clicar no botão &quot;Add to cart&quot; do produto">
<kw name="Clicar no botão carrinho" library="Resouce_Selenium">
<kw name="Click Element" library="SeleniumLibrary">
<doc>Click the element identified by ``locator``.</doc>
<arguments>
<arg>xpath=//*[@id="center_column"]/ul/li/div/div[2]/div[2]/a[1]</arg>
</arguments>
<msg timestamp="20200705 10:42:00.956" level="INFO">Clicking element 'xpath=//*[@id="center_column"]/ul/li/div/div[2]/div[2]/a[1]'.</msg>
<status status="PASS" starttime="20200705 10:42:00.956" endtime="20200705 10:42:01.004"></status>
</kw>
<status status="PASS" starttime="20200705 10:42:00.955" endtime="20200705 10:42:01.005"></status>
</kw>
<status status="PASS" starttime="20200705 10:42:00.955" endtime="20200705 10:42:01.005"></status>
</kw>
<kw name="Então uma tela de confirmação deve ser exibida" library="Resouce_Selenium">
<kw name="Wait Until Element Is Visible" library="SeleniumLibrary">
<doc>Waits until the element ``locator`` is visible.</doc>
<arguments>
<arg>xpath=//*[@id="layer_cart"]/div[1]/div[2]/div[4]/a/span[contains(text(), "Proceed to checkout")]</arg>
</arguments>
<status status="PASS" starttime="20200705 10:42:01.005" endtime="20200705 10:42:03.051"></status>
</kw>
<kw name="Element Text Should Be" library="SeleniumLibrary">
<doc>Verifies that element ``locator`` contains exact the text ``expected``.</doc>
<arguments>
<arg>xpath=//*[@id="layer_cart"]/div[1]/div[2]/div[4]/a/span</arg>
<arg>Proceed to checkout</arg>
</arguments>
<msg timestamp="20200705 10:42:03.051" level="INFO">Verifying element 'xpath=//*[@id="layer_cart"]/div[1]/div[2]/div[4]/a/span' contains exact text 'Proceed to checkout'.</msg>
<status status="PASS" starttime="20200705 10:42:03.051" endtime="20200705 10:42:03.076"></status>
</kw>
<status status="PASS" starttime="20200705 10:42:01.005" endtime="20200705 10:42:03.076"></status>
</kw>
<kw name="Quando clicar no botão &quot;Proceed to checkout&quot;" library="Resouce_Selenium">
<kw name="Click Element" library="SeleniumLibrary">
<doc>Click the element identified by ``locator``.</doc>
<arguments>
<arg>xpath=//*[@id="layer_cart"]/div[1]/div[2]/div[4]/a</arg>
</arguments>
<msg timestamp="20200705 10:42:03.077" level="INFO">Clicking element 'xpath=//*[@id="layer_cart"]/div[1]/div[2]/div[4]/a'.</msg>
<status status="PASS" starttime="20200705 10:42:03.077" endtime="20200705 10:42:04.702"></status>
</kw>
<status status="PASS" starttime="20200705 10:42:03.076" endtime="20200705 10:42:04.703"></status>
</kw>
<kw name="Então a tela do carrinho de compras deve ser exibido, juntamente com os dados do produto adicionado e os devidos valores" library="Resouce_Selenium">
<kw name="Wait Until Element Is Visible" library="SeleniumLibrary">
<doc>Waits until the element ``locator`` is visible.</doc>
<arguments>
<arg>xpath=//*[@id="center_column"]/p[2]/a[1]/span</arg>
</arguments>
<status status="PASS" starttime="20200705 10:42:04.703" endtime="20200705 10:42:04.731"></status>
</kw>
<kw name="Element Text Should Be" library="SeleniumLibrary">
<doc>Verifies that element ``locator`` contains exact the text ``expected``.</doc>
<arguments>
<arg>class=heading-counter</arg>
<arg>Your shopping cart contains: 1 Product</arg>
</arguments>
<msg timestamp="20200705 10:42:04.731" level="INFO">Verifying element 'class=heading-counter' contains exact text 'Your shopping cart contains: 1 Product'.</msg>
<status status="PASS" starttime="20200705 10:42:04.731" endtime="20200705 10:42:04.753"></status>
</kw>
<kw name="Element Text Should Be" library="SeleniumLibrary">
<doc>Verifies that element ``locator`` contains exact the text ``expected``.</doc>
<arguments>
<arg>xpath=//*[@id="product_1_1_0_0"]/td[2]/p/a</arg>
<arg>Faded Short Sleeve T-shirts</arg>
</arguments>
<msg timestamp="20200705 10:42:04.754" level="INFO">Verifying element 'xpath=//*[@id="product_1_1_0_0"]/td[2]/p/a' contains exact text 'Faded Short Sleeve T-shirts'.</msg>
<status status="PASS" starttime="20200705 10:42:04.753" endtime="20200705 10:42:04.774"></status>
</kw>
<kw name="Element Text Should Be" library="SeleniumLibrary">
<doc>Verifies that element ``locator`` contains exact the text ``expected``.</doc>
<arguments>
<arg>id=total_price</arg>
<arg>$18.51</arg>
</arguments>
<msg timestamp="20200705 10:42:04.774" level="INFO">Verifying element 'id=total_price' contains exact text '$18.51'.</msg>
<status status="PASS" starttime="20200705 10:42:04.774" endtime="20200705 10:42:04.795"></status>
</kw>
<status status="PASS" starttime="20200705 10:42:04.703" endtime="20200705 10:42:04.795"></status>
</kw>
<status status="PASS" starttime="20200705 10:41:57.453" endtime="20200705 10:42:04.795" critical="yes"></status>
</test>
<test id="s1-s3-t6" name="Cenário 05: Remover Produtos">
<kw name="Dado que estou na página home do site">
<kw name="Acessar página home do site" library="Resouce_Selenium">
<kw name="Go To" library="SeleniumLibrary">
<doc>Navigates the current browser window to the provided ``url``.</doc>
<arguments>
<arg>${URL}</arg>
</arguments>
<msg timestamp="20200705 10:42:04.797" level="INFO">Opening url 'http://automationpractice.com'</msg>
<status status="PASS" starttime="20200705 10:42:04.797" endtime="20200705 10:42:06.954"></status>
</kw>
<kw name="Title Should Be" library="SeleniumLibrary">
<doc>Verifies that the current page title equals ``title``.</doc>
<arguments>
<arg>My Store</arg>
</arguments>
<msg timestamp="20200705 10:42:06.973" level="INFO">Page title is 'My Store'.</msg>
<status status="PASS" starttime="20200705 10:42:06.954" endtime="20200705 10:42:06.974"></status>
</kw>
<status status="PASS" starttime="20200705 10:42:04.796" endtime="20200705 10:42:06.974"></status>
</kw>
<status status="PASS" starttime="20200705 10:42:04.796" endtime="20200705 10:42:06.974"></status>
</kw>
<kw name="Quando clicar no ícone carrinho de compras no menu superior direito" library="Resouce_Selenium">
<kw name="Wait Until Element Is Visible" library="SeleniumLibrary">
<doc>Waits until the element ``locator`` is visible.</doc>
<arguments>
<arg>class=shopping_cart</arg>
</arguments>
<status status="PASS" starttime="20200705 10:42:06.975" endtime="20200705 10:42:07.007"></status>
</kw>
<kw name="Click Link" library="SeleniumLibrary">
<doc>Clicks a link identified by ``locator``.</doc>
<arguments>
<arg>xpath=//*[@id="header"]/div[3]/div/div/div[3]/div/a</arg>
</arguments>
<msg timestamp="20200705 10:42:07.007" level="INFO">Clicking link 'xpath=//*[@id="header"]/div[3]/div/div/div[3]/div/a'.</msg>
<status status="PASS" starttime="20200705 10:42:07.007" endtime="20200705 10:42:08.023"></status>
</kw>
<status status="PASS" starttime="20200705 10:42:06.974" endtime="20200705 10:42:08.024"></status>
</kw>
<kw name="E ao clicar no botão de remoção de produtos (delete) no produto do carrinho" library="Resouce_Selenium">
<kw name="Wait Until Element Is Visible" library="SeleniumLibrary">
<doc>Waits until the element ``locator`` is visible.</doc>
<arguments>
<arg>id=cart_title</arg>
</arguments>
<status status="PASS" starttime="20200705 10:42:08.025" endtime="20200705 10:42:08.275"></status>
</kw>
<kw name="Click Link" library="SeleniumLibrary">
<doc>Clicks a link identified by ``locator``.</doc>
<arguments>
<arg>xpath=//*[@id="1_1_0_0"]</arg>
</arguments>
<msg timestamp="20200705 10:42:08.275" level="INFO">Clicking link 'xpath=//*[@id="1_1_0_0"]'.</msg>
<status status="PASS" starttime="20200705 10:42:08.275" endtime="20200705 10:42:09.859"></status>
</kw>
<status status="PASS" starttime="20200705 10:42:08.024" endtime="20200705 10:42:09.860"></status>
</kw>
<kw name="Então o sistema deve exibir a mensagem &quot;Your shopping cart is empty.&quot;" library="Resouce_Selenium">
<kw name="Wait Until Element Is Visible" library="SeleniumLibrary">
<doc>Waits until the element ``locator`` is visible.</doc>
<arguments>
<arg>xpath=//*[@id="center_column"]/p</arg>
</arguments>
<status status="PASS" starttime="20200705 10:42:09.862" endtime="20200705 10:42:10.125"></status>
</kw>
<kw name="Element Text Should Be" library="SeleniumLibrary">
<doc>Verifies that element ``locator`` contains exact the text ``expected``.</doc>
<arguments>
<arg>xpath=//*[@id="center_column"]/p</arg>
<arg>${MSG}</arg>
</arguments>
<msg timestamp="20200705 10:42:10.125" level="INFO">Verifying element 'xpath=//*[@id="center_column"]/p' contains exact text 'Your shopping cart is empty.'.</msg>
<status status="PASS" starttime="20200705 10:42:10.125" endtime="20200705 10:42:10.145"></status>
</kw>
<status status="PASS" starttime="20200705 10:42:09.861" endtime="20200705 10:42:10.145"></status>
</kw>
<status status="PASS" starttime="20200705 10:42:04.796" endtime="20200705 10:42:10.145" critical="yes"></status>
</test>
<test id="s1-s3-t7" name="Cenário 06: Adicionar Cliente">
<kw name="Dado que estou na página home do site">
<kw name="Acessar página home do site" library="Resouce_Selenium">
<kw name="Go To" library="SeleniumLibrary">
<doc>Navigates the current browser window to the provided ``url``.</doc>
<arguments>
<arg>${URL}</arg>
</arguments>
<msg timestamp="20200705 10:42:10.147" level="INFO">Opening url 'http://automationpractice.com'</msg>
<status status="PASS" starttime="20200705 10:42:10.147" endtime="20200705 10:42:12.038"></status>
</kw>
<kw name="Title Should Be" library="SeleniumLibrary">
<doc>Verifies that the current page title equals ``title``.</doc>
<arguments>
<arg>My Store</arg>
</arguments>
<msg timestamp="20200705 10:42:12.068" level="INFO">Page title is 'My Store'.</msg>
<status status="PASS" starttime="20200705 10:42:12.038" endtime="20200705 10:42:12.068"></status>
</kw>
<status status="PASS" starttime="20200705 10:42:10.146" endtime="20200705 10:42:12.069"></status>
</kw>
<status status="PASS" starttime="20200705 10:42:10.146" endtime="20200705 10:42:12.069"></status>
</kw>
<kw name="Quando clicar no botão superior direito “Sign in”" library="Resouce_Selenium">
<kw name="Click Element" library="SeleniumLibrary">
<doc>Click the element identified by ``locator``.</doc>
<arguments>
<arg>xpath=//*[@id="header"]/div[2]/div/div/nav/div[1]/a</arg>
</arguments>
<msg timestamp="20200705 10:42:12.069" level="INFO">Clicking element 'xpath=//*[@id="header"]/div[2]/div/div/nav/div[1]/a'.</msg>
<status status="PASS" starttime="20200705 10:42:12.069" endtime="20200705 10:42:13.141"></status>
</kw>
<status status="PASS" starttime="20200705 10:42:12.069" endtime="20200705 10:42:13.141"></status>
</kw>
<kw name="Email" library="FakerLibrary">
<assign>
<var>${EMAIL}</var>
</assign>
<msg timestamp="20200705 10:42:13.144" level="INFO">${EMAIL} = susanrhodes@rice-robinson.com</msg>
<status status="PASS" starttime="20200705 10:42:13.142" endtime="20200705 10:42:13.145"></status>
</kw>
<kw name="Log To Console" library="BuiltIn">
<doc>Logs the given message to the console.</doc>
<arguments>
<arg>${EMAIL}</arg>
</arguments>
<status status="PASS" starttime="20200705 10:42:13.145" endtime="20200705 10:42:13.146"></status>
</kw>
<kw name="E inserir um email &quot;${EMAIL}&quot; válido" library="Resouce_Selenium">
<kw name="Wait Until Element Is Visible" library="SeleniumLibrary">
<doc>Waits until the element ``locator`` is visible.</doc>
<arguments>
<arg>id=email_create</arg>
</arguments>
<status status="PASS" starttime="20200705 10:42:13.148" endtime="20200705 10:42:13.830"></status>
</kw>
<kw name="Input Text" library="SeleniumLibrary">
<doc>Types the given ``text`` into the text field identified by ``locator``.</doc>
<arguments>
<arg>id=email_create</arg>
<arg>${EMAIL}</arg>
</arguments>
<msg timestamp="20200705 10:42:13.831" level="INFO">Typing text 'susanrhodes@rice-robinson.com' into text field 'id=email_create'.</msg>
<status status="PASS" starttime="20200705 10:42:13.830" endtime="20200705 10:42:13.971"></status>
</kw>
<status status="PASS" starttime="20200705 10:42:13.146" endtime="20200705 10:42:13.971"></status>
</kw>
<kw name="E ao clicar no botão &quot;Create na account&quot;" library="Resouce_Selenium">
<kw name="Click Element" library="SeleniumLibrary">
<doc>Click the element identified by ``locator``.</doc>
<arguments>
<arg>id=SubmitCreate</arg>
</arguments>
<msg timestamp="20200705 10:42:13.971" level="INFO">Clicking element 'id=SubmitCreate'.</msg>
<status status="PASS" starttime="20200705 10:42:13.971" endtime="20200705 10:42:14.049"></status>
</kw>
<status status="PASS" starttime="20200705 10:42:13.971" endtime="20200705 10:42:14.049"></status>
</kw>
<kw name="Log" library="BuiltIn">
<doc>Logs the given message with the given level.</doc>
<arguments>
<arg>Nome: ${PESSOA.customer_firstname}</arg>
</arguments>
<msg timestamp="20200705 10:42:14.050" level="INFO">Nome: Fabiano</msg>
<status status="PASS" starttime="20200705 10:42:14.049" endtime="20200705 10:42:14.050"></status>
</kw>
<kw name="E preencher os campos obrigatórios &quot;${PESSOA}&quot;" library="Resouce_Selenium">
<kw name="Wait Until Element Is Visible" library="SeleniumLibrary">
<doc>Waits until the element ``locator`` is visible.</doc>
<arguments>
<arg>id=submitAccount</arg>
</arguments>
<status status="PASS" starttime="20200705 10:42:14.050" endtime="20200705 10:42:15.875"></status>
</kw>
<kw name="Input Text" library="SeleniumLibrary">
<doc>Types the given ``text`` into the text field identified by ``locator``.</doc>
<arguments>
<arg>id=customer_firstname</arg>
<arg>${PESSOA.customer_firstname}</arg>
</arguments>
<msg timestamp="20200705 10:42:15.875" level="INFO">Typing text 'Fabiano' into text field 'id=customer_firstname'.</msg>
<status status="PASS" starttime="20200705 10:42:15.875" endtime="20200705 10:42:16.013"></status>
</kw>
<kw name="Input Text" library="SeleniumLibrary">
<doc>Types the given ``text`` into the text field identified by ``locator``.</doc>
<arguments>
<arg>id=customer_lastname</arg>
<arg>${PESSOA.customer_lastname}</arg>
</arguments>
<msg timestamp="20200705 10:42:16.014" level="INFO">Typing text 'Teichmann' into text field 'id=customer_lastname'.</msg>
<status status="PASS" starttime="20200705 10:42:16.013" endtime="20200705 10:42:16.164"></status>
</kw>
<kw name="Input Text" library="SeleniumLibrary">
<doc>Types the given ``text`` into the text field identified by ``locator``.</doc>
<arguments>
<arg>id=passwd</arg>
<arg>${PESSOA.password}</arg>
</arguments>
<msg timestamp="20200705 10:42:16.165" level="INFO">Typing text '!3#d!@Gddwd12*dsfDD' into text field 'id=passwd'.</msg>
<status status="PASS" starttime="20200705 10:42:16.164" endtime="20200705 10:42:16.574"></status>
</kw>
<kw name="Input Text" library="SeleniumLibrary">
<doc>Types the given ``text`` into the text field identified by ``locator``.</doc>
<arguments>
<arg>id=address1</arg>
<arg>${PESSOA.address1}</arg>
</arguments>
<msg timestamp="20200705 10:42:16.575" level="INFO">Typing text 'Street Show, 20' into text field 'id=address1'.</msg>
<status status="PASS" starttime="20200705 10:42:16.574" endtime="20200705 10:42:16.769"></status>
</kw>
<kw name="Input Text" library="SeleniumLibrary">
<doc>Types the given ``text`` into the text field identified by ``locator``.</doc>
<arguments>
<arg>id=city</arg>
<arg>${PESSOA.city}</arg>
</arguments>
<msg timestamp="20200705 10:42:16.770" level="INFO">Typing text 'Soledade' into text field 'id=city'.</msg>
<status status="PASS" starttime="20200705 10:42:16.770" endtime="20200705 10:42:16.911"></status>
</kw>
<kw name="Input Text" library="SeleniumLibrary">
<doc>Types the given ``text`` into the text field identified by ``locator``.</doc>
<arguments>
<arg>id=postcode</arg>
<arg>${PESSOA.zip_code}</arg>
</arguments>
<msg timestamp="20200705 10:42:16.912" level="INFO">Typing text '99330' into text field 'id=postcode'.</msg>
<status status="PASS" starttime="20200705 10:42:16.911" endtime="20200705 10:42:17.055"></status>
</kw>
<kw name="Click Element" library="SeleniumLibrary">
<doc>Click the element identified by ``locator``.</doc>
<arguments>
<arg>xpath=//*[@id="id_state"]/option[2]</arg>
</arguments>
<msg timestamp="20200705 10:42:17.056" level="INFO">Clicking element 'xpath=//*[@id="id_state"]/option[2]'.</msg>
<status status="PASS" starttime="20200705 10:42:17.055" endtime="20200705 10:42:17.115"></status>
</kw>
<kw name="Input Text" library="SeleniumLibrary">
<doc>Types the given ``text`` into the text field identified by ``locator``.</doc>
<arguments>
<arg>id=phone_mobile</arg>
<arg>${PESSOA.phone_mobile}</arg>
</arguments>
<msg timestamp="20200705 10:42:17.116" level="INFO">Typing text '99999 9999 9999' into text field 'id=phone_mobile'.</msg>
<status status="PASS" starttime="20200705 10:42:17.115" endtime="20200705 10:42:17.303"></status>
</kw>
<kw name="Input Text" library="SeleniumLibrary">
<doc>Types the given ``text`` into the text field identified by ``locator``.</doc>
<arguments>
<arg>id=alias</arg>
<arg>Cs06</arg>
</arguments>
<msg timestamp="20200705 10:42:17.303" level="INFO">Typing text 'Cs06' into text field 'id=alias'.</msg>
<status status="PASS" starttime="20200705 10:42:17.303" endtime="20200705 10:42:17.438"></status>
</kw>
<kw name="Input Text" library="SeleniumLibrary">
<doc>Types the given ``text`` into the text field identified by ``locator``.</doc>
<arguments>
<arg>id=other</arg>
<arg>bla</arg>
</arguments>
<msg timestamp="20200705 10:42:17.438" level="INFO">Typing text 'bla' into text field 'id=other'.</msg>
<status status="PASS" starttime="20200705 10:42:17.438" endtime="20200705 10:42:17.547"></status>
</kw>
<status status="PASS" starttime="20200705 10:42:14.050" endtime="20200705 10:42:17.547"></status>
</kw>
<kw name="E clicar em &quot;Register&quot; para finalizar o cadastro" library="Resouce_Selenium">
<kw name="Click Element" library="SeleniumLibrary">
<doc>Click the element identified by ``locator``.</doc>
<arguments>
<arg>id=submitAccount</arg>
</arguments>
<msg timestamp="20200705 10:42:17.548" level="INFO">Clicking element 'id=submitAccount'.</msg>
<status status="PASS" starttime="20200705 10:42:17.548" endtime="20200705 10:42:19.928"></status>
</kw>
<status status="PASS" starttime="20200705 10:42:17.548" endtime="20200705 10:42:19.929"></status>
</kw>
<kw name="Então a página de gerenciamento da conta deve ser exibida" library="Resouce_Selenium">
<kw name="Element Text Should Be" library="SeleniumLibrary">
<doc>Verifies that element ``locator`` contains exact the text ``expected``.</doc>
<arguments>
<arg>class=page-heading</arg>
<arg>MY ACCOUNT</arg>
</arguments>
<msg timestamp="20200705 10:42:19.930" level="INFO">Verifying element 'class=page-heading' contains exact text 'MY ACCOUNT'.</msg>
<status status="PASS" starttime="20200705 10:42:19.930" endtime="20200705 10:42:19.966"></status>
</kw>
<kw name="Element Text Should Be" library="SeleniumLibrary">
<doc>Verifies that element ``locator`` contains exact the text ``expected``.</doc>
<arguments>
<arg>xpath=//*[@id="center_column"]/div/div[1]/ul/li[1]/a/span</arg>
<arg>ORDER HISTORY AND DETAILS</arg>
</arguments>
<msg timestamp="20200705 10:42:19.967" level="INFO">Verifying element 'xpath=//*[@id="center_column"]/div/div[1]/ul/li[1]/a/span' contains exact text 'ORDER HISTORY AND DETAILS'.</msg>
<status status="PASS" starttime="20200705 10:42:19.966" endtime="20200705 10:42:19.989"></status>
</kw>
<kw name="Element Text Should Be" library="SeleniumLibrary">
<doc>Verifies that element ``locator`` contains exact the text ``expected``.</doc>
<arguments>
<arg>xpath=//*[@id="center_column"]/div/div[1]/ul/li[4]/a/span</arg>
<arg>MY PERSONAL INFORMATION</arg>
</arguments>
<msg timestamp="20200705 10:42:19.990" level="INFO">Verifying element 'xpath=//*[@id="center_column"]/div/div[1]/ul/li[4]/a/span' contains exact text 'MY PERSONAL INFORMATION'.</msg>
<status status="PASS" starttime="20200705 10:42:19.990" endtime="20200705 10:42:20.013"></status>
</kw>
<status status="PASS" starttime="20200705 10:42:19.929" endtime="20200705 10:42:20.013"></status>
</kw>
<status status="PASS" starttime="20200705 10:42:10.145" endtime="20200705 10:42:20.013" critical="yes"></status>
</test>
<doc>This is example test acceptance with use Selenium</doc>
<status status="FAIL" starttime="20200705 10:41:33.555" endtime="20200705 10:42:20.014"></status>
</suite>
<status status="FAIL" starttime="20200705 10:41:33.502" endtime="20200705 10:42:20.018"></status>
</suite>
<statistics>
<total>
<stat pass="11" fail="1">Critical Tests</stat>
<stat pass="11" fail="1">All Tests</stat>
</total>
<tag>
</tag>
<suite>
<stat pass="11" fail="1" id="s1" name="Tests">Tests</stat>
<stat pass="2" fail="0" id="s1-s1" name="Example For And If">Tests.Example For And If</stat>
<stat pass="3" fail="0" id="s1-s2" name="Example Variables">Tests.Example Variables</stat>
<stat pass="6" fail="1" id="s1-s3" name="Test Ecommerce With Selenium">Tests.Test Ecommerce With Selenium</stat>
</suite>
</statistics>
<errors>
</errors>
</robot>
